{"C:\\Users\\DeanM\\OneDrive\\ValueEx\\src\\mvp.ts": {"path":"C:\\Users\\DeanM\\OneDrive\\ValueEx\\src\\mvp.ts","statementMap":{"0":{"start":{"line":1,"column":0},"end":{"line":1,"column":30}},"1":{"start":{"line":2,"column":0},"end":{"line":2,"column":64}},"2":{"start":{"line":3,"column":0},"end":{"line":3,"column":76}},"3":{"start":{"line":5,"column":12},"end":{"line":5,"column":21}},"4":{"start":{"line":6,"column":0},"end":{"line":6,"column":24}},"5":{"start":{"line":7,"column":0},"end":{"line":7,"column":23}},"6":{"start":{"line":10,"column":21},"end":{"line":10,"column":39}},"7":{"start":{"line":11,"column":21},"end":{"line":11,"column":39}},"8":{"start":{"line":14,"column":0},"end":{"line":14,"column":47}},"9":{"start":{"line":17,"column":0},"end":{"line":19,"column":3}},"10":{"start":{"line":18,"column":2},"end":{"line":18,"column":31}},"11":{"start":{"line":22,"column":0},"end":{"line":33,"column":3}},"12":{"start":{"line":23,"column":2},"end":{"line":32,"column":null}},"13":{"start":{"line":24,"column":24},"end":{"line":24,"column":32}},"14":{"start":{"line":25,"column":4},"end":{"line":27,"column":null}},"15":{"start":{"line":26,"column":6},"end":{"line":26,"column":53}},"16":{"start":{"line":28,"column":20},"end":{"line":28,"column":60}},"17":{"start":{"line":29,"column":4},"end":{"line":29,"column":22}},"18":{"start":{"line":31,"column":4},"end":{"line":31,"column":16}},"19":{"start":{"line":35,"column":0},"end":{"line":46,"column":3}},"20":{"start":{"line":36,"column":2},"end":{"line":45,"column":null}},"21":{"start":{"line":37,"column":33},"end":{"line":37,"column":41}},"22":{"start":{"line":38,"column":4},"end":{"line":40,"column":null}},"23":{"start":{"line":39,"column":6},"end":{"line":39,"column":58}},"24":{"start":{"line":41,"column":20},"end":{"line":41,"column":69}},"25":{"start":{"line":42,"column":4},"end":{"line":42,"column":22}},"26":{"start":{"line":44,"column":4},"end":{"line":44,"column":16}},"27":{"start":{"line":49,"column":0},"end":{"line":49,"column":21}},"28":{"start":{"line":50,"column":0},"end":{"line":53,"column":3}},"29":{"start":{"line":51,"column":2},"end":{"line":51,"column":33}},"30":{"start":{"line":52,"column":2},"end":{"line":52,"column":49}},"31":{"start":{"line":55,"column":13},"end":{"line":55,"column":37}},"32":{"start":{"line":56,"column":0},"end":{"line":58,"column":3}},"33":{"start":{"line":57,"column":2},"end":{"line":57,"column":53}}},"fnMap":{"0":{"name":"(anonymous_1)","decl":{"start":{"line":17,"column":19},"end":{"line":17,"column":20}},"loc":{"start":{"line":17,"column":32},"end":{"line":19,"column":1}}},"1":{"name":"(anonymous_2)","decl":{"start":{"line":22,"column":32},"end":{"line":22,"column":37}},"loc":{"start":{"line":22,"column":57},"end":{"line":33,"column":1}}},"2":{"name":"(anonymous_3)","decl":{"start":{"line":35,"column":31},"end":{"line":35,"column":36}},"loc":{"start":{"line":35,"column":56},"end":{"line":46,"column":1}}},"3":{"name":"(anonymous_4)","decl":{"start":{"line":50,"column":8},"end":{"line":50,"column":9}},"loc":{"start":{"line":50,"column":56},"end":{"line":53,"column":1}}},"4":{"name":"(anonymous_5)","decl":{"start":{"line":56,"column":17},"end":{"line":56,"column":20}},"loc":{"start":{"line":56,"column":22},"end":{"line":58,"column":1}}}},"branchMap":{"0":{"loc":{"start":{"line":25,"column":4},"end":{"line":27,"column":null}},"type":"if","locations":[{"start":{"line":25,"column":4},"end":{"line":27,"column":null}}]},"1":{"loc":{"start":{"line":38,"column":4},"end":{"line":40,"column":null}},"type":"if","locations":[{"start":{"line":38,"column":4},"end":{"line":40,"column":null}}]},"2":{"loc":{"start":{"line":38,"column":8},"end":{"line":38,"column":28}},"type":"binary-expr","locations":[{"start":{"line":38,"column":8},"end":{"line":38,"column":16}},{"start":{"line":38,"column":20},"end":{"line":38,"column":28}}]},"3":{"loc":{"start":{"line":55,"column":13},"end":{"line":55,"column":37}},"type":"binary-expr","locations":[{"start":{"line":55,"column":13},"end":{"line":55,"column":29}},{"start":{"line":55,"column":33},"end":{"line":55,"column":37}}]}},"s":{"0":0,"1":0,"2":0,"3":0,"4":0,"5":0,"6":0,"7":0,"8":0,"9":0,"10":0,"11":0,"12":0,"13":0,"14":0,"15":0,"16":0,"17":0,"18":0,"19":0,"20":0,"21":0,"22":0,"23":0,"24":0,"25":0,"26":0,"27":0,"28":0,"29":0,"30":0,"31":0,"32":0,"33":0},"f":{"0":0,"1":0,"2":0,"3":0,"4":0},"b":{"0":[0],"1":[0],"2":[0,0],"3":[0,0]}}
,"C:\\Users\\DeanM\\OneDrive\\ValueEx\\src\\server.ts": {"path":"C:\\Users\\DeanM\\OneDrive\\ValueEx\\src\\server.ts","statementMap":{"0":{"start":{"line":1,"column":0},"end":{"line":1,"column":30}},"1":{"start":{"line":2,"column":0},"end":{"line":2,"column":24}},"2":{"start":{"line":4,"column":12},"end":{"line":4,"column":21}},"3":{"start":{"line":5,"column":13},"end":{"line":5,"column":17}},"4":{"start":{"line":8,"column":0},"end":{"line":8,"column":63}},"5":{"start":{"line":11,"column":0},"end":{"line":13,"column":3}},"6":{"start":{"line":12,"column":2},"end":{"line":12,"column":72}},"7":{"start":{"line":15,"column":0},"end":{"line":17,"column":3}},"8":{"start":{"line":16,"column":2},"end":{"line":16,"column":63}}},"fnMap":{"0":{"name":"(anonymous_1)","decl":{"start":{"line":11,"column":13},"end":{"line":11,"column":14}},"loc":{"start":{"line":11,"column":26},"end":{"line":13,"column":1}}},"1":{"name":"(anonymous_2)","decl":{"start":{"line":15,"column":17},"end":{"line":15,"column":20}},"loc":{"start":{"line":15,"column":22},"end":{"line":17,"column":1}}}},"branchMap":{},"s":{"0":0,"1":0,"2":0,"3":0,"4":0,"5":0,"6":0,"7":0,"8":0},"f":{"0":0,"1":0},"b":{}}
,"C:\\Users\\DeanM\\OneDrive\\ValueEx\\src\\analysis\\merchantAnalysis.ts": {"path":"C:\\Users\\DeanM\\OneDrive\\ValueEx\\src\\analysis\\merchantAnalysis.ts","statementMap":{"0":{"start":{"line":64,"column":10},"end":{"line":64,"column":62}},"1":{"start":{"line":65,"column":10},"end":{"line":65,"column":70}},"2":{"start":{"line":68,"column":4},"end":{"line":68,"column":36}},"3":{"start":{"line":73,"column":4},"end":{"line":84,"column":7}},"4":{"start":{"line":90,"column":4},"end":{"line":90,"column":52}},"5":{"start":{"line":91,"column":4},"end":{"line":91,"column":41}},"6":{"start":{"line":95,"column":4},"end":{"line":95,"column":94}},"7":{"start":{"line":95,"column":61},"end":{"line":95,"column":92}},"8":{"start":{"line":99,"column":4},"end":{"line":99,"column":97}},"9":{"start":{"line":99,"column":61},"end":{"line":99,"column":95}},"10":{"start":{"line":103,"column":16},"end":{"line":103,"column":17}},"11":{"start":{"line":106,"column":4},"end":{"line":106,"column":53}},"12":{"start":{"line":109,"column":4},"end":{"line":109,"column":46}},"13":{"start":{"line":112,"column":4},"end":{"line":112,"column":49}},"14":{"start":{"line":112,"column":38},"end":{"line":112,"column":49}},"15":{"start":{"line":114,"column":4},"end":{"line":114,"column":17}},"16":{"start":{"line":118,"column":4},"end":{"line":143,"column":7}},"17":{"start":{"line":119,"column":23},"end":{"line":125,"column":8}},"18":{"start":{"line":128,"column":6},"end":{"line":128,"column":32}},"19":{"start":{"line":131,"column":27},"end":{"line":131,"column":81}},"20":{"start":{"line":132,"column":6},"end":{"line":133,"column":84}},"21":{"start":{"line":136,"column":6},"end":{"line":140,"column":null}},"22":{"start":{"line":137,"column":8},"end":{"line":139,"column":null}},"23":{"start":{"line":138,"column":10},"end":{"line":138,"column":51}},"24":{"start":{"line":142,"column":6},"end":{"line":142,"column":52}},"25":{"start":{"line":147,"column":31},"end":{"line":147,"column":33}},"26":{"start":{"line":150,"column":4},"end":{"line":154,"column":7}},"27":{"start":{"line":151,"column":6},"end":{"line":153,"column":null}},"28":{"start":{"line":152,"column":8},"end":{"line":152,"column":69}},"29":{"start":{"line":157,"column":22},"end":{"line":157,"column":50}},"30":{"start":{"line":158,"column":4},"end":{"line":160,"column":null}},"31":{"start":{"line":159,"column":6},"end":{"line":159,"column":68}},"32":{"start":{"line":162,"column":4},"end":{"line":162,"column":20}},"33":{"start":{"line":171,"column":17},"end":{"line":171,"column":50}},"34":{"start":{"line":174,"column":4},"end":{"line":174,"column":38}},"35":{"start":{"line":175,"column":19},"end":{"line":175,"column":91}},"36":{"start":{"line":175,"column":69},"end":{"line":175,"column":90}},"37":{"start":{"line":176,"column":4},"end":{"line":180,"column":7}},"38":{"start":{"line":177,"column":6},"end":{"line":177,"column":49}},"39":{"start":{"line":178,"column":6},"end":{"line":178,"column":61}},"40":{"start":{"line":179,"column":6},"end":{"line":179,"column":72}},"41":{"start":{"line":183,"column":4},"end":{"line":183,"column":35}},"42":{"start":{"line":184,"column":21},"end":{"line":184,"column":54}},"43":{"start":{"line":185,"column":4},"end":{"line":187,"column":7}},"44":{"start":{"line":186,"column":6},"end":{"line":186,"column":33}},"45":{"start":{"line":189,"column":4},"end":{"line":189,"column":18}},"46":{"start":{"line":193,"column":40},"end":{"line":193,"column":42}},"47":{"start":{"line":196,"column":28},"end":{"line":196,"column":64}},"48":{"start":{"line":198,"column":4},"end":{"line":213,"column":null}},"49":{"start":{"line":200,"column":26},"end":{"line":200,"column":70}},"50":{"start":{"line":203,"column":30},"end":{"line":203,"column":76}},"51":{"start":{"line":205,"column":6},"end":{"line":212,"column":9}},"52":{"start":{"line":215,"column":4},"end":{"line":215,"column":72}},"53":{"start":{"line":215,"column":35},"end":{"line":215,"column":70}},"54":{"start":{"line":219,"column":4},"end":{"line":219,"column":41}},"55":{"start":{"line":219,"column":32},"end":{"line":219,"column":41}},"56":{"start":{"line":222,"column":27},"end":{"line":222,"column":72}},"57":{"start":{"line":225,"column":26},"end":{"line":225,"column":68}},"58":{"start":{"line":227,"column":6},"end":{"line":230,"column":26}},"59":{"start":{"line":228,"column":20},"end":{"line":228,"column":81}},"60":{"start":{"line":231,"column":30},"end":{"line":231,"column":69}},"61":{"start":{"line":235,"column":6},"end":{"line":235,"column":95}},"62":{"start":{"line":235,"column":35},"end":{"line":235,"column":66}},"63":{"start":{"line":238,"column":14},"end":{"line":238,"column":36}},"64":{"start":{"line":239,"column":4},"end":{"line":239,"column":85}},"65":{"start":{"line":243,"column":60},"end":{"line":243,"column":69}},"66":{"start":{"line":245,"column":4},"end":{"line":256,"column":7}},"67":{"start":{"line":246,"column":28},"end":{"line":246,"column":50}},"68":{"start":{"line":248,"column":6},"end":{"line":250,"column":null}},"69":{"start":{"line":249,"column":8},"end":{"line":249,"column":47}},"70":{"start":{"line":252,"column":32},"end":{"line":252,"column":66}},"71":{"start":{"line":253,"column":6},"end":{"line":255,"column":null}},"72":{"start":{"line":254,"column":8},"end":{"line":254,"column":41}},"73":{"start":{"line":258,"column":4},"end":{"line":258,"column":27}},"74":{"start":{"line":262,"column":26},"end":{"line":262,"column":62}},"75":{"start":{"line":265,"column":4},"end":{"line":275,"column":7}},"76":{"start":{"line":266,"column":6},"end":{"line":274,"column":9}},"77":{"start":{"line":267,"column":8},"end":{"line":269,"column":null}},"78":{"start":{"line":268,"column":10},"end":{"line":268,"column":45}},"79":{"start":{"line":270,"column":37},"end":{"line":270,"column":67}},"80":{"start":{"line":271,"column":8},"end":{"line":273,"column":null}},"81":{"start":{"line":272,"column":10},"end":{"line":272,"column":46}},"82":{"start":{"line":278,"column":4},"end":{"line":284,"column":8}},"83":{"start":{"line":278,"column":86},"end":{"line":284,"column":6}},"84":{"start":{"line":289,"column":21},"end":{"line":296,"column":null}},"85":{"start":{"line":290,"column":6},"end":{"line":296,"column":12}},"86":{"start":{"line":291,"column":46},"end":{"line":295,"column":12}},"87":{"start":{"line":300,"column":21},"end":{"line":300,"column":56}},"88":{"start":{"line":301,"column":4},"end":{"line":310,"column":7}},"89":{"start":{"line":302,"column":18},"end":{"line":302,"column":57}},"90":{"start":{"line":303,"column":6},"end":{"line":305,"column":null}},"91":{"start":{"line":304,"column":8},"end":{"line":304,"column":30}},"92":{"start":{"line":306,"column":26},"end":{"line":306,"column":43}},"93":{"start":{"line":307,"column":6},"end":{"line":309,"column":null}},"94":{"start":{"line":308,"column":8},"end":{"line":308,"column":65}},"95":{"start":{"line":313,"column":4},"end":{"line":319,"column":8}},"96":{"start":{"line":313,"column":68},"end":{"line":319,"column":6}},"97":{"start":{"line":326,"column":20},"end":{"line":326,"column":61}},"98":{"start":{"line":327,"column":23},"end":{"line":327,"column":67}},"99":{"start":{"line":330,"column":4},"end":{"line":330,"column":58}},"100":{"start":{"line":334,"column":32},"end":{"line":335,"column":null}},"101":{"start":{"line":335,"column":6},"end":{"line":335,"column":53}},"102":{"start":{"line":339,"column":4},"end":{"line":339,"column":97}},"103":{"start":{"line":339,"column":53},"end":{"line":339,"column":63}},"104":{"start":{"line":343,"column":21},"end":{"line":343,"column":24}},"105":{"start":{"line":344,"column":21},"end":{"line":344,"column":96}},"106":{"start":{"line":344,"column":51},"end":{"line":344,"column":74}},"107":{"start":{"line":346,"column":4},"end":{"line":346,"column":65}},"108":{"start":{"line":350,"column":30},"end":{"line":350,"column":75}},"109":{"start":{"line":351,"column":29},"end":{"line":351,"column":69}},"110":{"start":{"line":354,"column":4},"end":{"line":354,"column":77}},"111":{"start":{"line":358,"column":4},"end":{"line":358,"column":58}},"112":{"start":{"line":362,"column":28},"end":{"line":364,"column":null}},"113":{"start":{"line":363,"column":25},"end":{"line":363,"column":64}},"114":{"start":{"line":367,"column":4},"end":{"line":367,"column":46}},"115":{"start":{"line":63,"column":0},"end":{"line":63,"column":13}}},"fnMap":{"0":{"name":"(anonymous_0)","decl":{"start":{"line":67,"column":2},"end":{"line":67,"column":null}},"loc":{"start":{"line":67,"column":2},"end":{"line":69,"column":3}}},"1":{"name":"(anonymous_1)","decl":{"start":{"line":71,"column":10},"end":{"line":71,"column":34}},"loc":{"start":{"line":71,"column":34},"end":{"line":87,"column":3}}},"2":{"name":"(anonymous_2)","decl":{"start":{"line":89,"column":9},"end":{"line":89,"column":20}},"loc":{"start":{"line":89,"column":45},"end":{"line":92,"column":3}}},"3":{"name":"(anonymous_3)","decl":{"start":{"line":94,"column":9},"end":{"line":94,"column":31}},"loc":{"start":{"line":94,"column":48},"end":{"line":96,"column":3}}},"4":{"name":"(anonymous_4)","decl":{"start":{"line":95,"column":54},"end":{"line":95,"column":55}},"loc":{"start":{"line":95,"column":61},"end":{"line":95,"column":92}}},"5":{"name":"(anonymous_5)","decl":{"start":{"line":98,"column":9},"end":{"line":98,"column":30}},"loc":{"start":{"line":98,"column":30},"end":{"line":100,"column":3}}},"6":{"name":"(anonymous_6)","decl":{"start":{"line":99,"column":54},"end":{"line":99,"column":55}},"loc":{"start":{"line":99,"column":61},"end":{"line":99,"column":95}}},"7":{"name":"(anonymous_7)","decl":{"start":{"line":102,"column":10},"end":{"line":102,"column":32}},"loc":{"start":{"line":102,"column":58},"end":{"line":115,"column":3}}},"8":{"name":"(anonymous_8)","decl":{"start":{"line":117,"column":10},"end":{"line":117,"column":32}},"loc":{"start":{"line":117,"column":57},"end":{"line":144,"column":3}}},"9":{"name":"(anonymous_9)","decl":{"start":{"line":118,"column":31},"end":{"line":118,"column":32}},"loc":{"start":{"line":118,"column":44},"end":{"line":143,"column":5}}},"10":{"name":"(anonymous_10)","decl":{"start":{"line":146,"column":9},"end":{"line":146,"column":35}},"loc":{"start":{"line":146,"column":35},"end":{"line":163,"column":3}}},"11":{"name":"(anonymous_11)","decl":{"start":{"line":150,"column":34},"end":{"line":150,"column":35}},"loc":{"start":{"line":150,"column":57},"end":{"line":154,"column":5}}},"12":{"name":"(anonymous_12)","decl":{"start":{"line":165,"column":9},"end":{"line":165,"column":14}},"loc":{"start":{"line":165,"column":53},"end":{"line":168,"column":3}}},"13":{"name":"(anonymous_13)","decl":{"start":{"line":170,"column":9},"end":{"line":170,"column":29}},"loc":{"start":{"line":170,"column":29},"end":{"line":190,"column":3}}},"14":{"name":"(anonymous_14)","decl":{"start":{"line":175,"column":62},"end":{"line":175,"column":63}},"loc":{"start":{"line":175,"column":69},"end":{"line":175,"column":90}}},"15":{"name":"(anonymous_15)","decl":{"start":{"line":176,"column":19},"end":{"line":176,"column":20}},"loc":{"start":{"line":176,"column":25},"end":{"line":180,"column":5}}},"16":{"name":"(anonymous_16)","decl":{"start":{"line":185,"column":21},"end":{"line":185,"column":22}},"loc":{"start":{"line":185,"column":33},"end":{"line":187,"column":5}}},"17":{"name":"(anonymous_17)","decl":{"start":{"line":192,"column":9},"end":{"line":192,"column":32}},"loc":{"start":{"line":192,"column":61},"end":{"line":216,"column":3}}},"18":{"name":"(anonymous_18)","decl":{"start":{"line":215,"column":25},"end":{"line":215,"column":26}},"loc":{"start":{"line":215,"column":35},"end":{"line":215,"column":70}}},"19":{"name":"(anonymous_19)","decl":{"start":{"line":218,"column":10},"end":{"line":218,"column":36}},"loc":{"start":{"line":218,"column":65},"end":{"line":240,"column":3}}},"20":{"name":"(anonymous_20)","decl":{"start":{"line":228,"column":8},"end":{"line":228,"column":9}},"loc":{"start":{"line":228,"column":20},"end":{"line":228,"column":81}}},"21":{"name":"(anonymous_21)","decl":{"start":{"line":235,"column":23},"end":{"line":235,"column":24}},"loc":{"start":{"line":235,"column":35},"end":{"line":235,"column":66}}},"22":{"name":"(anonymous_22)","decl":{"start":{"line":242,"column":10},"end":{"line":242,"column":30}},"loc":{"start":{"line":242,"column":59},"end":{"line":259,"column":3}}},"23":{"name":"(anonymous_23)","decl":{"start":{"line":245,"column":22},"end":{"line":245,"column":23}},"loc":{"start":{"line":245,"column":35},"end":{"line":256,"column":5}}},"24":{"name":"(anonymous_24)","decl":{"start":{"line":261,"column":10},"end":{"line":261,"column":30}},"loc":{"start":{"line":261,"column":59},"end":{"line":285,"column":3}}},"25":{"name":"(anonymous_25)","decl":{"start":{"line":265,"column":22},"end":{"line":265,"column":23}},"loc":{"start":{"line":265,"column":35},"end":{"line":275,"column":5}}},"26":{"name":"(anonymous_26)","decl":{"start":{"line":266,"column":43},"end":{"line":266,"column":44}},"loc":{"start":{"line":266,"column":59},"end":{"line":274,"column":7}}},"27":{"name":"(anonymous_27)","decl":{"start":{"line":278,"column":51},"end":{"line":278,"column":52}},"loc":{"start":{"line":278,"column":86},"end":{"line":284,"column":6}}},"28":{"name":"(anonymous_28)","decl":{"start":{"line":287,"column":10},"end":{"line":287,"column":32}},"loc":{"start":{"line":287,"column":61},"end":{"line":320,"column":3}}},"29":{"name":"(anonymous_29)","decl":{"start":{"line":289,"column":39},"end":{"line":289,"column":40}},"loc":{"start":{"line":290,"column":6},"end":{"line":296,"column":12}}},"30":{"name":"(anonymous_30)","decl":{"start":{"line":291,"column":32},"end":{"line":291,"column":33}},"loc":{"start":{"line":291,"column":46},"end":{"line":295,"column":12}}},"31":{"name":"(anonymous_31)","decl":{"start":{"line":301,"column":21},"end":{"line":301,"column":22}},"loc":{"start":{"line":301,"column":64},"end":{"line":310,"column":5}}},"32":{"name":"(anonymous_32)","decl":{"start":{"line":313,"column":46},"end":{"line":313,"column":47}},"loc":{"start":{"line":313,"column":68},"end":{"line":319,"column":6}}},"33":{"name":"(anonymous_33)","decl":{"start":{"line":322,"column":10},"end":{"line":322,"column":36}},"loc":{"start":{"line":324,"column":34},"end":{"line":331,"column":3}}},"34":{"name":"(anonymous_34)","decl":{"start":{"line":333,"column":10},"end":{"line":333,"column":40}},"loc":{"start":{"line":333,"column":67},"end":{"line":340,"column":3}}},"35":{"name":"(anonymous_35)","decl":{"start":{"line":334,"column":45},"end":{"line":334,"column":46}},"loc":{"start":{"line":335,"column":6},"end":{"line":335,"column":53}}},"36":{"name":"(anonymous_36)","decl":{"start":{"line":339,"column":38},"end":{"line":339,"column":39}},"loc":{"start":{"line":339,"column":53},"end":{"line":339,"column":63}}},"37":{"name":"(anonymous_37)","decl":{"start":{"line":342,"column":10},"end":{"line":342,"column":35}},"loc":{"start":{"line":342,"column":62},"end":{"line":347,"column":3}}},"38":{"name":"(anonymous_38)","decl":{"start":{"line":344,"column":37},"end":{"line":344,"column":38}},"loc":{"start":{"line":344,"column":51},"end":{"line":344,"column":74}}},"39":{"name":"(anonymous_39)","decl":{"start":{"line":349,"column":10},"end":{"line":349,"column":35}},"loc":{"start":{"line":349,"column":62},"end":{"line":355,"column":3}}},"40":{"name":"(anonymous_40)","decl":{"start":{"line":357,"column":10},"end":{"line":357,"column":30}},"loc":{"start":{"line":357,"column":43},"end":{"line":359,"column":3}}},"41":{"name":"(anonymous_41)","decl":{"start":{"line":361,"column":10},"end":{"line":361,"column":36}},"loc":{"start":{"line":361,"column":65},"end":{"line":368,"column":3}}},"42":{"name":"(anonymous_42)","decl":{"start":{"line":363,"column":6},"end":{"line":363,"column":7}},"loc":{"start":{"line":363,"column":25},"end":{"line":363,"column":64}}}},"branchMap":{"0":{"loc":{"start":{"line":112,"column":4},"end":{"line":112,"column":49}},"type":"if","locations":[{"start":{"line":112,"column":4},"end":{"line":112,"column":49}}]},"1":{"loc":{"start":{"line":119,"column":23},"end":{"line":125,"column":8}},"type":"binary-expr","locations":[{"start":{"line":119,"column":23},"end":{"line":119,"column":58}},{"start":{"line":119,"column":62},"end":{"line":125,"column":8}}]},"2":{"loc":{"start":{"line":136,"column":6},"end":{"line":140,"column":null}},"type":"if","locations":[{"start":{"line":136,"column":6},"end":{"line":140,"column":null}}]},"3":{"loc":{"start":{"line":137,"column":8},"end":{"line":139,"column":null}},"type":"if","locations":[{"start":{"line":137,"column":8},"end":{"line":139,"column":null}}]},"4":{"loc":{"start":{"line":151,"column":6},"end":{"line":153,"column":null}},"type":"if","locations":[{"start":{"line":151,"column":6},"end":{"line":153,"column":null}}]},"5":{"loc":{"start":{"line":158,"column":4},"end":{"line":160,"column":null}},"type":"if","locations":[{"start":{"line":158,"column":4},"end":{"line":160,"column":null}}]},"6":{"loc":{"start":{"line":219,"column":4},"end":{"line":219,"column":41}},"type":"if","locations":[{"start":{"line":219,"column":4},"end":{"line":219,"column":41}}]},"7":{"loc":{"start":{"line":235,"column":42},"end":{"line":235,"column":65}},"type":"binary-expr","locations":[{"start":{"line":235,"column":42},"end":{"line":235,"column":60}},{"start":{"line":235,"column":64},"end":{"line":235,"column":65}}]},"8":{"loc":{"start":{"line":248,"column":6},"end":{"line":250,"column":null}},"type":"if","locations":[{"start":{"line":248,"column":6},"end":{"line":250,"column":null}}]},"9":{"loc":{"start":{"line":253,"column":6},"end":{"line":255,"column":null}},"type":"if","locations":[{"start":{"line":253,"column":6},"end":{"line":255,"column":null}}]},"10":{"loc":{"start":{"line":267,"column":8},"end":{"line":269,"column":null}},"type":"if","locations":[{"start":{"line":267,"column":8},"end":{"line":269,"column":null}}]},"11":{"loc":{"start":{"line":271,"column":8},"end":{"line":273,"column":null}},"type":"if","locations":[{"start":{"line":271,"column":8},"end":{"line":273,"column":null}}]},"12":{"loc":{"start":{"line":290,"column":6},"end":{"line":296,"column":12}},"type":"cond-expr","locations":[{"start":{"line":291,"column":10},"end":{"line":295,"column":13}},{"start":{"line":296,"column":10},"end":{"line":296,"column":12}}]},"13":{"loc":{"start":{"line":290,"column":6},"end":{"line":290,"column":55}},"type":"binary-expr","locations":[{"start":{"line":290,"column":6},"end":{"line":290,"column":23}},{"start":{"line":290,"column":27},"end":{"line":290,"column":55}}]},"14":{"loc":{"start":{"line":303,"column":6},"end":{"line":305,"column":null}},"type":"if","locations":[{"start":{"line":303,"column":6},"end":{"line":305,"column":null}}]},"15":{"loc":{"start":{"line":307,"column":6},"end":{"line":309,"column":null}},"type":"if","locations":[{"start":{"line":307,"column":6},"end":{"line":309,"column":null}}]}},"s":{"0":0,"1":0,"2":0,"3":0,"4":0,"5":0,"6":0,"7":0,"8":0,"9":0,"10":0,"11":0,"12":0,"13":0,"14":0,"15":0,"16":0,"17":0,"18":0,"19":0,"20":0,"21":0,"22":0,"23":0,"24":0,"25":0,"26":0,"27":0,"28":0,"29":0,"30":0,"31":0,"32":0,"33":0,"34":0,"35":0,"36":0,"37":0,"38":0,"39":0,"40":0,"41":0,"42":0,"43":0,"44":0,"45":0,"46":0,"47":0,"48":0,"49":0,"50":0,"51":0,"52":0,"53":0,"54":0,"55":0,"56":0,"57":0,"58":0,"59":0,"60":0,"61":0,"62":0,"63":0,"64":0,"65":0,"66":0,"67":0,"68":0,"69":0,"70":0,"71":0,"72":0,"73":0,"74":0,"75":0,"76":0,"77":0,"78":0,"79":0,"80":0,"81":0,"82":0,"83":0,"84":0,"85":0,"86":0,"87":0,"88":0,"89":0,"90":0,"91":0,"92":0,"93":0,"94":0,"95":0,"96":0,"97":0,"98":0,"99":0,"100":0,"101":0,"102":0,"103":0,"104":0,"105":0,"106":0,"107":0,"108":0,"109":0,"110":0,"111":0,"112":0,"113":0,"114":0,"115":0},"f":{"0":0,"1":0,"2":0,"3":0,"4":0,"5":0,"6":0,"7":0,"8":0,"9":0,"10":0,"11":0,"12":0,"13":0,"14":0,"15":0,"16":0,"17":0,"18":0,"19":0,"20":0,"21":0,"22":0,"23":0,"24":0,"25":0,"26":0,"27":0,"28":0,"29":0,"30":0,"31":0,"32":0,"33":0,"34":0,"35":0,"36":0,"37":0,"38":0,"39":0,"40":0,"41":0,"42":0},"b":{"0":[0],"1":[0,0],"2":[0],"3":[0],"4":[0],"5":[0],"6":[0],"7":[0,0],"8":[0],"9":[0],"10":[0],"11":[0],"12":[0,0],"13":[0,0],"14":[0],"15":[0]}}
,"C:\\Users\\DeanM\\OneDrive\\ValueEx\\src\\analysis\\quickWinAnalyzer.ts": {"path":"C:\\Users\\DeanM\\OneDrive\\ValueEx\\src\\analysis\\quickWinAnalyzer.ts","statementMap":{"0":{"start":{"line":15,"column":4},"end":{"line":15,"column":37}},"1":{"start":{"line":27,"column":26},"end":{"line":27,"column":28}},"2":{"start":{"line":29,"column":4},"end":{"line":55,"column":null}},"3":{"start":{"line":31,"column":24},"end":{"line":31,"column":53}},"4":{"start":{"line":33,"column":6},"end":{"line":48,"column":null}},"5":{"start":{"line":34,"column":24},"end":{"line":34,"column":60}},"6":{"start":{"line":37,"column":30},"end":{"line":37,"column":66}},"7":{"start":{"line":39,"column":8},"end":{"line":47,"column":null}},"8":{"start":{"line":40,"column":10},"end":{"line":46,"column":13}},"9":{"start":{"line":51,"column":6},"end":{"line":51,"column":95}},"10":{"start":{"line":51,"column":42},"end":{"line":51,"column":93}},"11":{"start":{"line":53,"column":6},"end":{"line":53,"column":61}},"12":{"start":{"line":54,"column":6},"end":{"line":54,"column":16}},"13":{"start":{"line":61,"column":4},"end":{"line":64,"column":6}},"14":{"start":{"line":70,"column":4},"end":{"line":76,"column":6}},"15":{"start":{"line":80,"column":4},"end":{"line":84,"column":6}},"16":{"start":{"line":88,"column":4},"end":{"line":92,"column":6}},"17":{"start":{"line":96,"column":4},"end":{"line":102,"column":null}},"18":{"start":{"line":97,"column":6},"end":{"line":97,"column":48}},"19":{"start":{"line":98,"column":11},"end":{"line":102,"column":null}},"20":{"start":{"line":99,"column":6},"end":{"line":99,"column":55}},"21":{"start":{"line":101,"column":6},"end":{"line":101,"column":58}},"22":{"start":{"line":106,"column":26},"end":{"line":106,"column":70}},"23":{"start":{"line":108,"column":15},"end":{"line":108,"column":52}},"24":{"start":{"line":111,"column":4},"end":{"line":111,"column":45}},"25":{"start":{"line":112,"column":4},"end":{"line":117,"column":9}},"26":{"start":{"line":113,"column":21},"end":{"line":113,"column":66}},"27":{"start":{"line":115,"column":8},"end":{"line":115,"column":83}},"28":{"start":{"line":116,"column":8},"end":{"line":116,"column":74}},"29":{"start":{"line":120,"column":4},"end":{"line":120,"column":29}},"30":{"start":{"line":121,"column":4},"end":{"line":126,"column":9}},"31":{"start":{"line":122,"column":21},"end":{"line":122,"column":62}},"32":{"start":{"line":124,"column":8},"end":{"line":124,"column":56}},"33":{"start":{"line":125,"column":8},"end":{"line":125,"column":74}},"34":{"start":{"line":128,"column":4},"end":{"line":128,"column":16}},"35":{"start":{"line":11,"column":0},"end":{"line":11,"column":13}}},"fnMap":{"0":{"name":"(anonymous_0)","decl":{"start":{"line":14,"column":2},"end":{"line":14,"column":14}},"loc":{"start":{"line":14,"column":31},"end":{"line":16,"column":3}}},"1":{"name":"(anonymous_1)","decl":{"start":{"line":18,"column":9},"end":{"line":18,"column":14}},"loc":{"start":{"line":18,"column":46},"end":{"line":56,"column":3}}},"2":{"name":"(anonymous_2)","decl":{"start":{"line":51,"column":32},"end":{"line":51,"column":33}},"loc":{"start":{"line":51,"column":42},"end":{"line":51,"column":93}}},"3":{"name":"(anonymous_3)","decl":{"start":{"line":58,"column":10},"end":{"line":58,"column":15}},"loc":{"start":{"line":58,"column":32},"end":{"line":65,"column":3}}},"4":{"name":"(anonymous_4)","decl":{"start":{"line":67,"column":10},"end":{"line":67,"column":15}},"loc":{"start":{"line":67,"column":45},"end":{"line":77,"column":3}}},"5":{"name":"(anonymous_5)","decl":{"start":{"line":79,"column":10},"end":{"line":79,"column":32}},"loc":{"start":{"line":79,"column":57},"end":{"line":85,"column":3}}},"6":{"name":"(anonymous_6)","decl":{"start":{"line":87,"column":10},"end":{"line":87,"column":31}},"loc":{"start":{"line":87,"column":79},"end":{"line":93,"column":3}}},"7":{"name":"(anonymous_7)","decl":{"start":{"line":95,"column":10},"end":{"line":95,"column":30}},"loc":{"start":{"line":95,"column":70},"end":{"line":103,"column":3}}},"8":{"name":"(anonymous_8)","decl":{"start":{"line":105,"column":9},"end":{"line":105,"column":14}},"loc":{"start":{"line":105,"column":37},"end":{"line":129,"column":3}}},"9":{"name":"(anonymous_9)","decl":{"start":{"line":113,"column":14},"end":{"line":113,"column":15}},"loc":{"start":{"line":113,"column":21},"end":{"line":113,"column":66}}},"10":{"name":"(anonymous_10)","decl":{"start":{"line":114,"column":15},"end":{"line":114,"column":16}},"loc":{"start":{"line":114,"column":21},"end":{"line":117,"column":7}}},"11":{"name":"(anonymous_11)","decl":{"start":{"line":122,"column":14},"end":{"line":122,"column":15}},"loc":{"start":{"line":122,"column":21},"end":{"line":122,"column":62}}},"12":{"name":"(anonymous_12)","decl":{"start":{"line":123,"column":15},"end":{"line":123,"column":16}},"loc":{"start":{"line":123,"column":21},"end":{"line":126,"column":7}}}},"branchMap":{"0":{"loc":{"start":{"line":39,"column":8},"end":{"line":47,"column":null}},"type":"if","locations":[{"start":{"line":39,"column":8},"end":{"line":47,"column":null}}]},"1":{"loc":{"start":{"line":89,"column":6},"end":{"line":91,"column":40}},"type":"binary-expr","locations":[{"start":{"line":89,"column":6},"end":{"line":89,"column":33}},{"start":{"line":90,"column":6},"end":{"line":90,"column":25}},{"start":{"line":91,"column":6},"end":{"line":91,"column":40}}]},"2":{"loc":{"start":{"line":96,"column":4},"end":{"line":102,"column":null}},"type":"if","locations":[{"start":{"line":96,"column":4},"end":{"line":102,"column":null}},{"start":{"line":98,"column":11},"end":{"line":102,"column":null}}]},"3":{"loc":{"start":{"line":98,"column":11},"end":{"line":102,"column":null}},"type":"if","locations":[{"start":{"line":98,"column":11},"end":{"line":102,"column":null}},{"start":{"line":100,"column":11},"end":{"line":102,"column":null}}]}},"s":{"0":0,"1":0,"2":0,"3":0,"4":0,"5":0,"6":0,"7":0,"8":0,"9":0,"10":0,"11":0,"12":0,"13":0,"14":0,"15":0,"16":0,"17":0,"18":0,"19":0,"20":0,"21":0,"22":0,"23":0,"24":0,"25":0,"26":0,"27":0,"28":0,"29":0,"30":0,"31":0,"32":0,"33":0,"34":0,"35":0},"f":{"0":0,"1":0,"2":0,"3":0,"4":0,"5":0,"6":0,"7":0,"8":0,"9":0,"10":0,"11":0,"12":0},"b":{"0":[0],"1":[0,0,0],"2":[0,0],"3":[0,0]}}
,"C:\\Users\\DeanM\\OneDrive\\ValueEx\\src\\analytics\\cacheAnalytics.ts": {"path":"C:\\Users\\DeanM\\OneDrive\\ValueEx\\src\\analytics\\cacheAnalytics.ts","statementMap":{"0":{"start":{"line":13,"column":4},"end":{"line":13,"column":18}},"1":{"start":{"line":14,"column":4},"end":{"line":14,"column":20}},"2":{"start":{"line":18,"column":4},"end":{"line":20,"column":null}},"3":{"start":{"line":19,"column":6},"end":{"line":19,"column":53}},"4":{"start":{"line":21,"column":4},"end":{"line":21,"column":35}},"5":{"start":{"line":25,"column":4},"end":{"line":25,"column":16}},"6":{"start":{"line":29,"column":4},"end":{"line":29,"column":18}},"7":{"start":{"line":33,"column":18},"end":{"line":33,"column":41}},"8":{"start":{"line":34,"column":4},"end":{"line":38,"column":6}},"9":{"start":{"line":42,"column":4},"end":{"line":42,"column":18}},"10":{"start":{"line":43,"column":4},"end":{"line":43,"column":20}},"11":{"start":{"line":7,"column":0},"end":{"line":7,"column":13}}},"fnMap":{"0":{"name":"(anonymous_0)","decl":{"start":{"line":12,"column":2},"end":{"line":12,"column":null}},"loc":{"start":{"line":12,"column":2},"end":{"line":15,"column":3}}},"1":{"name":"(anonymous_1)","decl":{"start":{"line":17,"column":9},"end":{"line":17,"column":15}},"loc":{"start":{"line":17,"column":27},"end":{"line":22,"column":3}}},"2":{"name":"(anonymous_2)","decl":{"start":{"line":24,"column":9},"end":{"line":24,"column":18}},"loc":{"start":{"line":24,"column":18},"end":{"line":26,"column":3}}},"3":{"name":"(anonymous_3)","decl":{"start":{"line":28,"column":9},"end":{"line":28,"column":19}},"loc":{"start":{"line":28,"column":19},"end":{"line":30,"column":3}}},"4":{"name":"(anonymous_4)","decl":{"start":{"line":32,"column":9},"end":{"line":32,"column":17}},"loc":{"start":{"line":32,"column":17},"end":{"line":39,"column":3}}},"5":{"name":"(anonymous_5)","decl":{"start":{"line":41,"column":9},"end":{"line":41,"column":14}},"loc":{"start":{"line":41,"column":14},"end":{"line":44,"column":3}}}},"branchMap":{"0":{"loc":{"start":{"line":18,"column":4},"end":{"line":20,"column":null}},"type":"if","locations":[{"start":{"line":18,"column":4},"end":{"line":20,"column":null}}]},"1":{"loc":{"start":{"line":37,"column":15},"end":{"line":37,"column":48}},"type":"cond-expr","locations":[{"start":{"line":37,"column":27},"end":{"line":37,"column":44}},{"start":{"line":37,"column":47},"end":{"line":37,"column":48}}]}},"s":{"0":0,"1":0,"2":0,"3":0,"4":0,"5":0,"6":0,"7":0,"8":0,"9":0,"10":0,"11":0},"f":{"0":0,"1":0,"2":0,"3":0,"4":0,"5":0},"b":{"0":[0],"1":[0,0]}}
,"C:\\Users\\DeanM\\OneDrive\\ValueEx\\src\\cache\\awinCache.ts": {"path":"C:\\Users\\DeanM\\OneDrive\\ValueEx\\src\\cache\\awinCache.ts","statementMap":{"0":{"start":{"line":10,"column":4},"end":{"line":10,"column":27}},"1":{"start":{"line":11,"column":4},"end":{"line":11,"column":19}},"2":{"start":{"line":15,"column":4},"end":{"line":17,"column":null}},"3":{"start":{"line":16,"column":6},"end":{"line":16,"column":46}},"4":{"start":{"line":18,"column":4},"end":{"line":18,"column":30}},"5":{"start":{"line":22,"column":18},"end":{"line":22,"column":37}},"6":{"start":{"line":23,"column":4},"end":{"line":23,"column":25}},"7":{"start":{"line":27,"column":4},"end":{"line":27,"column":31}},"8":{"start":{"line":28,"column":4},"end":{"line":30,"column":17}},"9":{"start":{"line":29,"column":6},"end":{"line":29,"column":29}},"10":{"start":{"line":34,"column":4},"end":{"line":34,"column":34}},"11":{"start":{"line":38,"column":4},"end":{"line":38,"column":23}},"12":{"start":{"line":3,"column":0},"end":{"line":3,"column":13}}},"fnMap":{"0":{"name":"(anonymous_0)","decl":{"start":{"line":8,"column":2},"end":{"line":8,"column":22}},"loc":{"start":{"line":8,"column":43},"end":{"line":12,"column":3}}},"1":{"name":"(anonymous_1)","decl":{"start":{"line":14,"column":9},"end":{"line":14,"column":15}},"loc":{"start":{"line":14,"column":40},"end":{"line":19,"column":3}}},"2":{"name":"(anonymous_2)","decl":{"start":{"line":21,"column":9},"end":{"line":21,"column":14}},"loc":{"start":{"line":21,"column":30},"end":{"line":24,"column":3}}},"3":{"name":"(anonymous_3)","decl":{"start":{"line":26,"column":9},"end":{"line":26,"column":14}},"loc":{"start":{"line":26,"column":48},"end":{"line":31,"column":3}}},"4":{"name":"(anonymous_4)","decl":{"start":{"line":28,"column":15},"end":{"line":28,"column":18}},"loc":{"start":{"line":28,"column":20},"end":{"line":30,"column":5}}},"5":{"name":"(anonymous_5)","decl":{"start":{"line":33,"column":9},"end":{"line":33,"column":14}},"loc":{"start":{"line":33,"column":33},"end":{"line":35,"column":3}}},"6":{"name":"(anonymous_6)","decl":{"start":{"line":37,"column":9},"end":{"line":37,"column":14}},"loc":{"start":{"line":37,"column":20},"end":{"line":39,"column":3}}}},"branchMap":{"0":{"loc":{"start":{"line":8,"column":22},"end":{"line":8,"column":43}},"type":"default-arg","locations":[{"start":{"line":8,"column":36},"end":{"line":8,"column":43}}]},"1":{"loc":{"start":{"line":15,"column":4},"end":{"line":17,"column":null}},"type":"if","locations":[{"start":{"line":15,"column":4},"end":{"line":17,"column":null}}]},"2":{"loc":{"start":{"line":23,"column":11},"end":{"line":23,"column":24}},"type":"binary-expr","locations":[{"start":{"line":23,"column":11},"end":{"line":23,"column":16}},{"start":{"line":23,"column":20},"end":{"line":23,"column":24}}]}},"s":{"0":0,"1":0,"2":0,"3":0,"4":0,"5":0,"6":0,"7":0,"8":0,"9":0,"10":0,"11":0,"12":0},"f":{"0":0,"1":0,"2":0,"3":0,"4":0,"5":0,"6":0},"b":{"0":[0],"1":[0],"2":[0,0]}}
,"C:\\Users\\DeanM\\OneDrive\\ValueEx\\src\\config\\azure.ts": {"path":"C:\\Users\\DeanM\\OneDrive\\ValueEx\\src\\config\\azure.ts","statementMap":{"0":{"start":{"line":1,"column":13},"end":{"line":13,"column":2}}},"fnMap":{},"branchMap":{},"s":{"0":0},"f":{},"b":{}}
,"C:\\Users\\DeanM\\OneDrive\\ValueEx\\src\\config\\configService.ts": {"path":"C:\\Users\\DeanM\\OneDrive\\ValueEx\\src\\config\\configService.ts","statementMap":{"0":{"start":{"line":1,"column":0},"end":{"line":1,"column":33}},"1":{"start":{"line":2,"column":0},"end":{"line":2,"column":29}},"2":{"start":{"line":3,"column":0},"end":{"line":3,"column":24}},"3":{"start":{"line":6,"column":0},"end":{"line":6,"column":61}},"4":{"start":{"line":9,"column":21},"end":{"line":40,"column":2}},"5":{"start":{"line":49,"column":4},"end":{"line":49,"column":36}},"6":{"start":{"line":53,"column":4},"end":{"line":55,"column":null}},"7":{"start":{"line":54,"column":6},"end":{"line":54,"column":51}},"8":{"start":{"line":56,"column":4},"end":{"line":56,"column":34}},"9":{"start":{"line":60,"column":19},"end":{"line":87,"column":6}},"10":{"start":{"line":89,"column":4},"end":{"line":96,"column":null}},"11":{"start":{"line":90,"column":6},"end":{"line":90,"column":40}},"12":{"start":{"line":92,"column":6},"end":{"line":94,"column":null}},"13":{"start":{"line":93,"column":8},"end":{"line":93,"column":72}},"14":{"start":{"line":95,"column":6},"end":{"line":95,"column":18}},"15":{"start":{"line":102,"column":4},"end":{"line":104,"column":null}},"16":{"start":{"line":103,"column":6},"end":{"line":103,"column":86}},"17":{"start":{"line":105,"column":4},"end":{"line":105,"column":44}},"18":{"start":{"line":109,"column":4},"end":{"line":109,"column":30}},"19":{"start":{"line":44,"column":0},"end":{"line":44,"column":13}},"20":{"start":{"line":113,"column":13},"end":{"line":113,"column":57}}},"fnMap":{"0":{"name":"(anonymous_6)","decl":{"start":{"line":48,"column":2},"end":{"line":48,"column":null}},"loc":{"start":{"line":48,"column":2},"end":{"line":50,"column":3}}},"1":{"name":"(anonymous_7)","decl":{"start":{"line":52,"column":9},"end":{"line":52,"column":15}},"loc":{"start":{"line":52,"column":27},"end":{"line":57,"column":3}}},"2":{"name":"(anonymous_8)","decl":{"start":{"line":59,"column":10},"end":{"line":59,"column":20}},"loc":{"start":{"line":59,"column":20},"end":{"line":97,"column":3}}},"3":{"name":"(anonymous_9)","decl":{"start":{"line":101,"column":9},"end":{"line":101,"column":12}},"loc":{"start":{"line":101,"column":41},"end":{"line":106,"column":3}}},"4":{"name":"(anonymous_10)","decl":{"start":{"line":108,"column":9},"end":{"line":108,"column":15}},"loc":{"start":{"line":108,"column":15},"end":{"line":110,"column":3}}}},"branchMap":{"0":{"loc":{"start":{"line":53,"column":4},"end":{"line":55,"column":null}},"type":"if","locations":[{"start":{"line":53,"column":4},"end":{"line":55,"column":null}}]},"1":{"loc":{"start":{"line":71,"column":16},"end":{"line":71,"column":49}},"type":"binary-expr","locations":[{"start":{"line":71,"column":16},"end":{"line":71,"column":43}},{"start":{"line":71,"column":47},"end":{"line":71,"column":49}}]},"2":{"loc":{"start":{"line":72,"column":19},"end":{"line":72,"column":55}},"type":"binary-expr","locations":[{"start":{"line":72,"column":19},"end":{"line":72,"column":49}},{"start":{"line":72,"column":53},"end":{"line":72,"column":55}}]},"3":{"loc":{"start":{"line":75,"column":16},"end":{"line":75,"column":48}},"type":"binary-expr","locations":[{"start":{"line":75,"column":16},"end":{"line":75,"column":42}},{"start":{"line":75,"column":46},"end":{"line":75,"column":48}}]},"4":{"loc":{"start":{"line":78,"column":14},"end":{"line":78,"column":70}},"type":"cond-expr","locations":[{"start":{"line":78,"column":33},"end":{"line":78,"column":63}},{"start":{"line":78,"column":66},"end":{"line":78,"column":70}}]},"5":{"loc":{"start":{"line":79,"column":22},"end":{"line":79,"column":59}},"type":"binary-expr","locations":[{"start":{"line":79,"column":22},"end":{"line":79,"column":42}},{"start":{"line":79,"column":46},"end":{"line":79,"column":59}}]},"6":{"loc":{"start":{"line":92,"column":6},"end":{"line":94,"column":null}},"type":"if","locations":[{"start":{"line":92,"column":6},"end":{"line":94,"column":null}}]},"7":{"loc":{"start":{"line":102,"column":4},"end":{"line":104,"column":null}},"type":"if","locations":[{"start":{"line":102,"column":4},"end":{"line":104,"column":null}}]}},"s":{"0":0,"1":0,"2":0,"3":0,"4":0,"5":0,"6":0,"7":0,"8":0,"9":0,"10":0,"11":0,"12":0,"13":0,"14":0,"15":0,"16":0,"17":0,"18":0,"19":0,"20":0},"f":{"0":0,"1":0,"2":0,"3":0,"4":0},"b":{"0":[0],"1":[0,0],"2":[0,0],"3":[0,0],"4":[0,0],"5":[0,0],"6":[0],"7":[0]}}
,"C:\\Users\\DeanM\\OneDrive\\ValueEx\\src\\config\\credentialsManager.ts": {"path":"C:\\Users\\DeanM\\OneDrive\\ValueEx\\src\\config\\credentialsManager.ts","statementMap":{"0":{"start":{"line":1,"column":0},"end":{"line":1,"column":25}},"1":{"start":{"line":2,"column":0},"end":{"line":2,"column":29}},"2":{"start":{"line":3,"column":0},"end":{"line":3,"column":41}},"3":{"start":{"line":29,"column":4},"end":{"line":29,"column":60}},"4":{"start":{"line":30,"column":4},"end":{"line":30,"column":78}},"5":{"start":{"line":31,"column":4},"end":{"line":31,"column":29}},"6":{"start":{"line":35,"column":4},"end":{"line":37,"column":null}},"7":{"start":{"line":36,"column":6},"end":{"line":36,"column":61}},"8":{"start":{"line":38,"column":4},"end":{"line":38,"column":39}},"9":{"start":{"line":42,"column":22},"end":{"line":42,"column":57}},"10":{"start":{"line":43,"column":4},"end":{"line":45,"column":null}},"11":{"start":{"line":44,"column":6},"end":{"line":44,"column":47}},"12":{"start":{"line":46,"column":4},"end":{"line":48,"column":null}},"13":{"start":{"line":47,"column":6},"end":{"line":47,"column":57}},"14":{"start":{"line":52,"column":4},"end":{"line":54,"column":null}},"15":{"start":{"line":53,"column":6},"end":{"line":53,"column":57}},"16":{"start":{"line":60,"column":19},"end":{"line":60,"column":36}},"17":{"start":{"line":61,"column":22},"end":{"line":61,"column":35}},"18":{"start":{"line":62,"column":16},"end":{"line":62,"column":86}},"19":{"start":{"line":63,"column":15},"end":{"line":63,"column":37}},"20":{"start":{"line":64,"column":19},"end":{"line":64,"column":60}},"21":{"start":{"line":65,"column":22},"end":{"line":65,"column":82}},"22":{"start":{"line":66,"column":20},"end":{"line":66,"column":39}},"23":{"start":{"line":67,"column":4},"end":{"line":71,"column":7}},"24":{"start":{"line":75,"column":19},"end":{"line":75,"column":36}},"25":{"start":{"line":76,"column":22},"end":{"line":76,"column":35}},"26":{"start":{"line":77,"column":16},"end":{"line":77,"column":86}},"27":{"start":{"line":78,"column":34},"end":{"line":78,"column":59}},"28":{"start":{"line":79,"column":21},"end":{"line":79,"column":84}},"29":{"start":{"line":80,"column":4},"end":{"line":80,"column":53}},"30":{"start":{"line":81,"column":4},"end":{"line":81,"column":93}},"31":{"start":{"line":85,"column":4},"end":{"line":95,"column":null}},"32":{"start":{"line":86,"column":25},"end":{"line":89,"column":2}},"33":{"start":{"line":90,"column":6},"end":{"line":90,"column":58}},"34":{"start":{"line":91,"column":6},"end":{"line":91,"column":67}},"35":{"start":{"line":93,"column":6},"end":{"line":93,"column":58}},"36":{"start":{"line":94,"column":6},"end":{"line":94,"column":18}},"37":{"start":{"line":99,"column":4},"end":{"line":122,"column":null}},"38":{"start":{"line":100,"column":25},"end":{"line":100,"column":70}},"39":{"start":{"line":101,"column":20},"end":{"line":101,"column":42}},"40":{"start":{"line":103,"column":23},"end":{"line":105,"column":23}},"41":{"start":{"line":104,"column":24},"end":{"line":104,"column":77}},"42":{"start":{"line":107,"column":23},"end":{"line":109,"column":23}},"43":{"start":{"line":108,"column":24},"end":{"line":108,"column":77}},"44":{"start":{"line":111,"column":6},"end":{"line":117,"column":null}},"45":{"start":{"line":112,"column":8},"end":{"line":116,"column":10}},"46":{"start":{"line":118,"column":6},"end":{"line":118,"column":18}},"47":{"start":{"line":120,"column":6},"end":{"line":120,"column":56}},"48":{"start":{"line":121,"column":6},"end":{"line":121,"column":18}},"49":{"start":{"line":126,"column":4},"end":{"line":133,"column":null}},"50":{"start":{"line":127,"column":28},"end":{"line":127,"column":66}},"51":{"start":{"line":128,"column":6},"end":{"line":128,"column":77}},"52":{"start":{"line":129,"column":6},"end":{"line":129,"column":57}},"53":{"start":{"line":131,"column":6},"end":{"line":131,"column":66}},"54":{"start":{"line":132,"column":6},"end":{"line":132,"column":18}},"55":{"start":{"line":137,"column":4},"end":{"line":147,"column":null}},"56":{"start":{"line":138,"column":6},"end":{"line":140,"column":null}},"57":{"start":{"line":139,"column":8},"end":{"line":139,"column":20}},"58":{"start":{"line":141,"column":28},"end":{"line":141,"column":73}},"59":{"start":{"line":142,"column":28},"end":{"line":142,"column":59}},"60":{"start":{"line":143,"column":6},"end":{"line":143,"column":39}},"61":{"start":{"line":145,"column":6},"end":{"line":145,"column":64}},"62":{"start":{"line":146,"column":6},"end":{"line":146,"column":18}},"63":{"start":{"line":23,"column":0},"end":{"line":23,"column":13}}},"fnMap":{"0":{"name":"(anonymous_6)","decl":{"start":{"line":28,"column":2},"end":{"line":28,"column":null}},"loc":{"start":{"line":28,"column":2},"end":{"line":32,"column":3}}},"1":{"name":"(anonymous_7)","decl":{"start":{"line":34,"column":2},"end":{"line":34,"column":8}},"loc":{"start":{"line":34,"column":20},"end":{"line":39,"column":3}}},"2":{"name":"(anonymous_8)","decl":{"start":{"line":41,"column":10},"end":{"line":41,"column":27}},"loc":{"start":{"line":41,"column":27},"end":{"line":49,"column":3}}},"3":{"name":"(anonymous_9)","decl":{"start":{"line":51,"column":10},"end":{"line":51,"column":23}},"loc":{"start":{"line":51,"column":23},"end":{"line":55,"column":3}}},"4":{"name":"(anonymous_10)","decl":{"start":{"line":57,"column":10},"end":{"line":57,"column":21}},"loc":{"start":{"line":57,"column":34},"end":{"line":72,"column":3}}},"5":{"name":"(anonymous_11)","decl":{"start":{"line":74,"column":10},"end":{"line":74,"column":21}},"loc":{"start":{"line":74,"column":43},"end":{"line":82,"column":3}}},"6":{"name":"(anonymous_12)","decl":{"start":{"line":84,"column":2},"end":{"line":84,"column":7}},"loc":{"start":{"line":84,"column":49},"end":{"line":96,"column":3}}},"7":{"name":"(anonymous_13)","decl":{"start":{"line":98,"column":2},"end":{"line":98,"column":7}},"loc":{"start":{"line":98,"column":38},"end":{"line":123,"column":3}}},"8":{"name":"(anonymous_14)","decl":{"start":{"line":104,"column":14},"end":{"line":104,"column":15}},"loc":{"start":{"line":104,"column":24},"end":{"line":104,"column":77}}},"9":{"name":"(anonymous_15)","decl":{"start":{"line":108,"column":14},"end":{"line":108,"column":15}},"loc":{"start":{"line":108,"column":24},"end":{"line":108,"column":77}}},"10":{"name":"(anonymous_16)","decl":{"start":{"line":125,"column":2},"end":{"line":125,"column":7}},"loc":{"start":{"line":125,"column":42},"end":{"line":134,"column":3}}},"11":{"name":"(anonymous_17)","decl":{"start":{"line":136,"column":2},"end":{"line":136,"column":7}},"loc":{"start":{"line":136,"column":22},"end":{"line":148,"column":3}}}},"branchMap":{"0":{"loc":{"start":{"line":35,"column":4},"end":{"line":37,"column":null}},"type":"if","locations":[{"start":{"line":35,"column":4},"end":{"line":37,"column":null}}]},"1":{"loc":{"start":{"line":43,"column":4},"end":{"line":45,"column":null}},"type":"if","locations":[{"start":{"line":43,"column":4},"end":{"line":45,"column":null}}]},"2":{"loc":{"start":{"line":46,"column":4},"end":{"line":48,"column":null}},"type":"if","locations":[{"start":{"line":46,"column":4},"end":{"line":48,"column":null}}]},"3":{"loc":{"start":{"line":52,"column":4},"end":{"line":54,"column":null}},"type":"if","locations":[{"start":{"line":52,"column":4},"end":{"line":54,"column":null}}]},"4":{"loc":{"start":{"line":62,"column":34},"end":{"line":62,"column":73}},"type":"binary-expr","locations":[{"start":{"line":62,"column":34},"end":{"line":62,"column":56}},{"start":{"line":62,"column":60},"end":{"line":62,"column":73}}]},"5":{"loc":{"start":{"line":77,"column":34},"end":{"line":77,"column":73}},"type":"binary-expr","locations":[{"start":{"line":77,"column":34},"end":{"line":77,"column":56}},{"start":{"line":77,"column":60},"end":{"line":77,"column":73}}]},"6":{"loc":{"start":{"line":111,"column":6},"end":{"line":117,"column":null}},"type":"if","locations":[{"start":{"line":111,"column":6},"end":{"line":117,"column":null}}]},"7":{"loc":{"start":{"line":111,"column":10},"end":{"line":111,"column":30}},"type":"binary-expr","locations":[{"start":{"line":111,"column":10},"end":{"line":111,"column":18}},{"start":{"line":111,"column":22},"end":{"line":111,"column":30}}]},"8":{"loc":{"start":{"line":138,"column":6},"end":{"line":140,"column":null}},"type":"if","locations":[{"start":{"line":138,"column":6},"end":{"line":140,"column":null}}]}},"s":{"0":0,"1":0,"2":0,"3":0,"4":0,"5":0,"6":0,"7":0,"8":0,"9":0,"10":0,"11":0,"12":0,"13":0,"14":0,"15":0,"16":0,"17":0,"18":0,"19":0,"20":0,"21":0,"22":0,"23":0,"24":0,"25":0,"26":0,"27":0,"28":0,"29":0,"30":0,"31":0,"32":0,"33":0,"34":0,"35":0,"36":0,"37":0,"38":0,"39":0,"40":0,"41":0,"42":0,"43":0,"44":0,"45":0,"46":0,"47":0,"48":0,"49":0,"50":0,"51":0,"52":0,"53":0,"54":0,"55":0,"56":0,"57":0,"58":0,"59":0,"60":0,"61":0,"62":0,"63":0},"f":{"0":0,"1":0,"2":0,"3":0,"4":0,"5":0,"6":0,"7":0,"8":0,"9":0,"10":0,"11":0},"b":{"0":[0],"1":[0],"2":[0],"3":[0],"4":[0,0],"5":[0,0],"6":[0],"7":[0,0],"8":[0]}}
,"C:\\Users\\DeanM\\OneDrive\\ValueEx\\src\\config\\teams.config.ts": {"path":"C:\\Users\\DeanM\\OneDrive\\ValueEx\\src\\config\\teams.config.ts","statementMap":{"0":{"start":{"line":9,"column":13},"end":{"line":30,"column":2}},"1":{"start":{"line":32,"column":13},"end":{"line":79,"column":2}}},"fnMap":{},"branchMap":{"0":{"loc":{"start":{"line":34,"column":14},"end":{"line":34,"column":47}},"type":"binary-expr","locations":[{"start":{"line":34,"column":14},"end":{"line":34,"column":41}},{"start":{"line":34,"column":45},"end":{"line":34,"column":47}}]},"1":{"loc":{"start":{"line":35,"column":14},"end":{"line":35,"column":47}},"type":"binary-expr","locations":[{"start":{"line":35,"column":14},"end":{"line":35,"column":41}},{"start":{"line":35,"column":45},"end":{"line":35,"column":47}}]},"2":{"loc":{"start":{"line":36,"column":18},"end":{"line":36,"column":55}},"type":"binary-expr","locations":[{"start":{"line":36,"column":18},"end":{"line":36,"column":49}},{"start":{"line":36,"column":53},"end":{"line":36,"column":55}}]},"3":{"loc":{"start":{"line":39,"column":11},"end":{"line":39,"column":41}},"type":"binary-expr","locations":[{"start":{"line":39,"column":11},"end":{"line":39,"column":35}},{"start":{"line":39,"column":39},"end":{"line":39,"column":41}}]},"4":{"loc":{"start":{"line":40,"column":17},"end":{"line":40,"column":53}},"type":"binary-expr","locations":[{"start":{"line":40,"column":17},"end":{"line":40,"column":47}},{"start":{"line":40,"column":51},"end":{"line":40,"column":53}}]}},"s":{"0":0,"1":0},"f":{},"b":{"0":[0,0],"1":[0,0],"2":[0,0],"3":[0,0],"4":[0,0]}}
,"C:\\Users\\DeanM\\OneDrive\\ValueEx\\src\\connectors\\godaddy.ts": {"path":"C:\\Users\\DeanM\\OneDrive\\ValueEx\\src\\connectors\\godaddy.ts","statementMap":{"0":{"start":{"line":1,"column":0},"end":{"line":1,"column":26}},"1":{"start":{"line":6,"column":19},"end":{"line":6,"column":58}},"2":{"start":{"line":11,"column":26},"end":{"line":11,"column":47}},"3":{"start":{"line":12,"column":4},"end":{"line":12,"column":39}},"4":{"start":{"line":13,"column":4},"end":{"line":13,"column":45}},"5":{"start":{"line":17,"column":4},"end":{"line":20,"column":6}},"6":{"start":{"line":24,"column":4},"end":{"line":35,"column":null}},"7":{"start":{"line":25,"column":23},"end":{"line":27,"column":8}},"8":{"start":{"line":29,"column":6},"end":{"line":32,"column":8}},"9":{"start":{"line":34,"column":6},"end":{"line":34,"column":90}},"10":{"start":{"line":39,"column":4},"end":{"line":48,"column":null}},"11":{"start":{"line":40,"column":23},"end":{"line":43,"column":null}},"12":{"start":{"line":45,"column":6},"end":{"line":45,"column":37}},"13":{"start":{"line":47,"column":6},"end":{"line":47,"column":80}},"14":{"start":{"line":52,"column":4},"end":{"line":59,"column":null}},"15":{"start":{"line":53,"column":23},"end":{"line":55,"column":8}},"16":{"start":{"line":56,"column":6},"end":{"line":56,"column":37}},"17":{"start":{"line":58,"column":6},"end":{"line":58,"column":78}},"18":{"start":{"line":5,"column":0},"end":{"line":5,"column":13}}},"fnMap":{"0":{"name":"(anonymous_1)","decl":{"start":{"line":10,"column":2},"end":{"line":10,"column":14}},"loc":{"start":{"line":10,"column":35},"end":{"line":14,"column":3}}},"1":{"name":"(anonymous_2)","decl":{"start":{"line":16,"column":10},"end":{"line":16,"column":20}},"loc":{"start":{"line":16,"column":20},"end":{"line":21,"column":3}}},"2":{"name":"(anonymous_3)","decl":{"start":{"line":23,"column":9},"end":{"line":23,"column":14}},"loc":{"start":{"line":23,"column":57},"end":{"line":36,"column":3}}},"3":{"name":"(anonymous_4)","decl":{"start":{"line":38,"column":9},"end":{"line":38,"column":14}},"loc":{"start":{"line":38,"column":48},"end":{"line":49,"column":3}}},"4":{"name":"(anonymous_5)","decl":{"start":{"line":51,"column":9},"end":{"line":51,"column":14}},"loc":{"start":{"line":51,"column":62},"end":{"line":60,"column":3}}}},"branchMap":{},"s":{"0":0,"1":0,"2":0,"3":0,"4":0,"5":0,"6":0,"7":0,"8":0,"9":0,"10":0,"11":0,"12":0,"13":0,"14":0,"15":0,"16":0,"17":0,"18":0},"f":{"0":0,"1":0,"2":0,"3":0,"4":0},"b":{}}
,"C:\\Users\\DeanM\\OneDrive\\ValueEx\\src\\core\\api\\merchant.ts": {"path":"C:\\Users\\DeanM\\OneDrive\\ValueEx\\src\\core\\api\\merchant.ts","statementMap":{"0":{"start":{"line":6,"column":4},"end":{"line":38,"column":6}},"1":{"start":{"line":42,"column":4},"end":{"line":42,"column":45}},"2":{"start":{"line":46,"column":4},"end":{"line":46,"column":46}},"3":{"start":{"line":47,"column":4},"end":{"line":53,"column":6}},"4":{"start":{"line":3,"column":0},"end":{"line":3,"column":13}}},"fnMap":{"0":{"name":"(anonymous_0)","decl":{"start":{"line":4,"column":2},"end":{"line":4,"column":7}},"loc":{"start":{"line":4,"column":19},"end":{"line":39,"column":3}}},"1":{"name":"(anonymous_1)","decl":{"start":{"line":41,"column":2},"end":{"line":41,"column":7}},"loc":{"start":{"line":41,"column":33},"end":{"line":43,"column":3}}},"2":{"name":"(anonymous_2)","decl":{"start":{"line":45,"column":2},"end":{"line":45,"column":7}},"loc":{"start":{"line":45,"column":34},"end":{"line":54,"column":3}}}},"branchMap":{},"s":{"0":0,"1":0,"2":0,"3":0,"4":0},"f":{"0":0,"1":0,"2":0},"b":{}}
,"C:\\Users\\DeanM\\OneDrive\\ValueEx\\src\\core\\matching\\MatchingAlgorithm.ts": {"path":"C:\\Users\\DeanM\\OneDrive\\ValueEx\\src\\core\\matching\\MatchingAlgorithm.ts","statementMap":{"0":{"start":{"line":5,"column":29},"end":{"line":5,"column":77}},"1":{"start":{"line":5,"column":53},"end":{"line":5,"column":76}},"2":{"start":{"line":6,"column":8},"end":{"line":6,"column":78}},"3":{"start":{"line":10,"column":32},"end":{"line":10,"column":92}},"4":{"start":{"line":10,"column":62},"end":{"line":10,"column":91}},"5":{"start":{"line":11,"column":8},"end":{"line":11,"column":87}},"6":{"start":{"line":18,"column":23},"end":{"line":18,"column":66}},"7":{"start":{"line":19,"column":21},"end":{"line":19,"column":62}},"8":{"start":{"line":20,"column":23},"end":{"line":20,"column":66}},"9":{"start":{"line":21,"column":21},"end":{"line":21,"column":62}},"10":{"start":{"line":23,"column":29},"end":{"line":23,"column":53}},"11":{"start":{"line":24,"column":27},"end":{"line":24,"column":47}},"12":{"start":{"line":26,"column":8},"end":{"line":26,"column":49}},"13":{"start":{"line":26,"column":40},"end":{"line":26,"column":49}},"14":{"start":{"line":28,"column":24},"end":{"line":28,"column":49}},"15":{"start":{"line":29,"column":26},"end":{"line":29,"column":73}},"16":{"start":{"line":31,"column":8},"end":{"line":31,"column":35}},"17":{"start":{"line":35,"column":8},"end":{"line":64,"column":57}},"18":{"start":{"line":36,"column":33},"end":{"line":36,"column":68}},"19":{"start":{"line":38,"column":35},"end":{"line":38,"column":93}},"20":{"start":{"line":39,"column":38},"end":{"line":39,"column":105}},"21":{"start":{"line":40,"column":42},"end":{"line":42,"column":null}},"22":{"start":{"line":47,"column":20},"end":{"line":49,"column":43}},"23":{"start":{"line":52,"column":16},"end":{"line":61,"column":18}},"24":{"start":{"line":56,"column":24},"end":{"line":56,"column":56}},"25":{"start":{"line":59,"column":24},"end":{"line":59,"column":62}},"26":{"start":{"line":63,"column":29},"end":{"line":63,"column":52}},"27":{"start":{"line":64,"column":28},"end":{"line":64,"column":55}},"28":{"start":{"line":3,"column":0},"end":{"line":3,"column":13}}},"fnMap":{"0":{"name":"(anonymous_0)","decl":{"start":{"line":4,"column":12},"end":{"line":4,"column":18}},"loc":{"start":{"line":4,"column":75},"end":{"line":7,"column":5}}},"1":{"name":"(anonymous_1)","decl":{"start":{"line":5,"column":44},"end":{"line":5,"column":49}},"loc":{"start":{"line":5,"column":53},"end":{"line":5,"column":76}}},"2":{"name":"(anonymous_2)","decl":{"start":{"line":9,"column":12},"end":{"line":9,"column":18}},"loc":{"start":{"line":9,"column":84},"end":{"line":12,"column":5}}},"3":{"name":"(anonymous_3)","decl":{"start":{"line":10,"column":50},"end":{"line":10,"column":58}},"loc":{"start":{"line":10,"column":62},"end":{"line":10,"column":91}}},"4":{"name":"(anonymous_4)","decl":{"start":{"line":14,"column":12},"end":{"line":14,"column":18}},"loc":{"start":{"line":16,"column":61},"end":{"line":32,"column":5}}},"5":{"name":"(anonymous_5)","decl":{"start":{"line":34,"column":11},"end":{"line":34,"column":17}},"loc":{"start":{"line":34,"column":79},"end":{"line":65,"column":5}}},"6":{"name":"(anonymous_6)","decl":{"start":{"line":36,"column":20},"end":{"line":36,"column":29}},"loc":{"start":{"line":36,"column":33},"end":{"line":36,"column":68}}},"7":{"name":"(anonymous_7)","decl":{"start":{"line":37,"column":17},"end":{"line":37,"column":26}},"loc":{"start":{"line":37,"column":29},"end":{"line":62,"column":13}}},"8":{"name":"(anonymous_8)","decl":{"start":{"line":55,"column":56},"end":{"line":55,"column":61}},"loc":{"start":{"line":56,"column":24},"end":{"line":56,"column":56}}},"9":{"name":"(anonymous_9)","decl":{"start":{"line":58,"column":62},"end":{"line":58,"column":70}},"loc":{"start":{"line":59,"column":24},"end":{"line":59,"column":62}}},"10":{"name":"(anonymous_10)","decl":{"start":{"line":63,"column":20},"end":{"line":63,"column":25}},"loc":{"start":{"line":63,"column":29},"end":{"line":63,"column":52}}},"11":{"name":"(anonymous_11)","decl":{"start":{"line":64,"column":18},"end":{"line":64,"column":19}},"loc":{"start":{"line":64,"column":28},"end":{"line":64,"column":55}}}},"branchMap":{"0":{"loc":{"start":{"line":26,"column":8},"end":{"line":26,"column":49}},"type":"if","locations":[{"start":{"line":26,"column":8},"end":{"line":26,"column":49}}]}},"s":{"0":0,"1":0,"2":0,"3":0,"4":0,"5":0,"6":0,"7":0,"8":0,"9":0,"10":0,"11":0,"12":0,"13":0,"14":0,"15":0,"16":0,"17":0,"18":0,"19":0,"20":0,"21":0,"22":0,"23":0,"24":0,"25":0,"26":0,"27":0,"28":0},"f":{"0":0,"1":0,"2":0,"3":0,"4":0,"5":0,"6":0,"7":0,"8":0,"9":0,"10":0,"11":0},"b":{"0":[0]}}
,"C:\\Users\\DeanM\\OneDrive\\ValueEx\\src\\examples\\demandSignalTest.ts": {"path":"C:\\Users\\DeanM\\OneDrive\\ValueEx\\src\\examples\\demandSignalTest.ts","statementMap":{"0":{"start":{"line":1,"column":0},"end":{"line":1,"column":93}},"1":{"start":{"line":5,"column":23},"end":{"line":5,"column":54}},"2":{"start":{"line":8,"column":38},"end":{"line":48,"column":4}},"3":{"start":{"line":50,"column":2},"end":{"line":50,"column":62}},"4":{"start":{"line":52,"column":2},"end":{"line":64,"column":null}},"5":{"start":{"line":53,"column":4},"end":{"line":53,"column":56}},"6":{"start":{"line":54,"column":4},"end":{"line":54,"column":67}},"7":{"start":{"line":56,"column":4},"end":{"line":61,"column":null}},"8":{"start":{"line":57,"column":30},"end":{"line":57,"column":70}},"9":{"start":{"line":58,"column":6},"end":{"line":58,"column":84}},"10":{"start":{"line":60,"column":6},"end":{"line":60,"column":68}},"11":{"start":{"line":63,"column":4},"end":{"line":63,"column":44}},"12":{"start":{"line":68,"column":0},"end":{"line":68,"column":50}}},"fnMap":{"0":{"name":"testDemandSignalProcessing","decl":{"start":{"line":4,"column":15},"end":{"line":4,"column":41}},"loc":{"start":{"line":4,"column":41},"end":{"line":65,"column":1}}}},"branchMap":{},"s":{"0":0,"1":0,"2":0,"3":0,"4":0,"5":0,"6":0,"7":0,"8":0,"9":0,"10":0,"11":0,"12":0},"f":{"0":0},"b":{}}
,"C:\\Users\\DeanM\\OneDrive\\ValueEx\\src\\examples\\intelligenceExample.ts": {"path":"C:\\Users\\DeanM\\OneDrive\\ValueEx\\src\\examples\\intelligenceExample.ts","statementMap":{"0":{"start":{"line":1,"column":0},"end":{"line":1,"column":87}},"1":{"start":{"line":5,"column":22},"end":{"line":5,"column":59}},"2":{"start":{"line":8,"column":31},"end":{"line":39,"column":4}},"3":{"start":{"line":41,"column":2},"end":{"line":41,"column":69}},"4":{"start":{"line":44,"column":25},"end":{"line":44,"column":74}},"5":{"start":{"line":45,"column":2},"end":{"line":45,"column":75}},"6":{"start":{"line":48,"column":2},"end":{"line":50,"column":5}},"7":{"start":{"line":49,"column":4},"end":{"line":49,"column":47}},"8":{"start":{"line":52,"column":2},"end":{"line":54,"column":5}},"9":{"start":{"line":53,"column":4},"end":{"line":53,"column":50}},"10":{"start":{"line":57,"column":2},"end":{"line":57,"column":37}},"11":{"start":{"line":61,"column":0},"end":{"line":61,"column":53}}},"fnMap":{"0":{"name":"demonstrateIntelligenceSystem","decl":{"start":{"line":4,"column":15},"end":{"line":4,"column":44}},"loc":{"start":{"line":4,"column":44},"end":{"line":58,"column":1}}},"1":{"name":"(anonymous_1)","decl":{"start":{"line":48,"column":34},"end":{"line":48,"column":35}},"loc":{"start":{"line":48,"column":43},"end":{"line":50,"column":3}}},"2":{"name":"(anonymous_2)","decl":{"start":{"line":52,"column":40},"end":{"line":52,"column":41}},"loc":{"start":{"line":52,"column":49},"end":{"line":54,"column":3}}}},"branchMap":{},"s":{"0":0,"1":0,"2":0,"3":0,"4":0,"5":0,"6":0,"7":0,"8":0,"9":0,"10":0,"11":0},"f":{"0":0,"1":0,"2":0},"b":{}}
,"C:\\Users\\DeanM\\OneDrive\\ValueEx\\src\\integrations\\teamsGraphTest.ts": {"path":"C:\\Users\\DeanM\\OneDrive\\ValueEx\\src\\integrations\\teamsGraphTest.ts","statementMap":{"0":{"start":{"line":1,"column":0},"end":{"line":1,"column":31}},"1":{"start":{"line":4,"column":18},"end":{"line":4,"column":41}},"2":{"start":{"line":5,"column":4},"end":{"line":8,"column":null}},"3":{"start":{"line":6,"column":8},"end":{"line":6,"column":61}},"4":{"start":{"line":7,"column":8},"end":{"line":7,"column":21}},"5":{"start":{"line":10,"column":4},"end":{"line":29,"column":null}},"6":{"start":{"line":12,"column":25},"end":{"line":17,"column":10}},"7":{"start":{"line":19,"column":8},"end":{"line":21,"column":null}},"8":{"start":{"line":20,"column":12},"end":{"line":20,"column":70}},"9":{"start":{"line":23,"column":21},"end":{"line":23,"column":42}},"10":{"start":{"line":24,"column":8},"end":{"line":24,"column":55}},"11":{"start":{"line":25,"column":8},"end":{"line":25,"column":20}},"12":{"start":{"line":27,"column":8},"end":{"line":27,"column":57}},"13":{"start":{"line":28,"column":8},"end":{"line":28,"column":21}},"14":{"start":{"line":32,"column":0},"end":{"line":32,"column":22}}},"fnMap":{"0":{"name":"testTeamsConnection","decl":{"start":{"line":3,"column":15},"end":{"line":3,"column":34}},"loc":{"start":{"line":3,"column":34},"end":{"line":30,"column":1}}}},"branchMap":{"0":{"loc":{"start":{"line":5,"column":4},"end":{"line":8,"column":null}},"type":"if","locations":[{"start":{"line":5,"column":4},"end":{"line":8,"column":null}}]},"1":{"loc":{"start":{"line":19,"column":8},"end":{"line":21,"column":null}},"type":"if","locations":[{"start":{"line":19,"column":8},"end":{"line":21,"column":null}}]}},"s":{"0":0,"1":0,"2":0,"3":0,"4":0,"5":0,"6":0,"7":0,"8":0,"9":0,"10":0,"11":0,"12":0,"13":0,"14":0},"f":{"0":0},"b":{"0":[0],"1":[0]}}
,"C:\\Users\\DeanM\\OneDrive\\ValueEx\\src\\integrations\\teamsQuickTest.ts": {"path":"C:\\Users\\DeanM\\OneDrive\\ValueEx\\src\\integrations\\teamsQuickTest.ts","statementMap":{"0":{"start":{"line":1,"column":0},"end":{"line":1,"column":57}},"1":{"start":{"line":2,"column":0},"end":{"line":2,"column":59}},"2":{"start":{"line":3,"column":0},"end":{"line":3,"column":126}},"3":{"start":{"line":6,"column":4},"end":{"line":26,"column":null}},"4":{"start":{"line":8,"column":27},"end":{"line":8,"column":55}},"5":{"start":{"line":10,"column":29},"end":{"line":12,"column":10}},"6":{"start":{"line":14,"column":23},"end":{"line":16,"column":10}},"7":{"start":{"line":19,"column":21},"end":{"line":19,"column":50}},"8":{"start":{"line":20,"column":8},"end":{"line":20,"column":55}},"9":{"start":{"line":22,"column":8},"end":{"line":22,"column":20}},"10":{"start":{"line":24,"column":8},"end":{"line":24,"column":45}},"11":{"start":{"line":25,"column":8},"end":{"line":25,"column":21}},"12":{"start":{"line":29,"column":0},"end":{"line":35,"column":3}},"13":{"start":{"line":30,"column":4},"end":{"line":34,"column":null}},"14":{"start":{"line":31,"column":8},"end":{"line":31,"column":57}},"15":{"start":{"line":33,"column":8},"end":{"line":33,"column":53}}},"fnMap":{"0":{"name":"quickTest","decl":{"start":{"line":5,"column":15},"end":{"line":5,"column":24}},"loc":{"start":{"line":5,"column":24},"end":{"line":27,"column":1}}},"1":{"name":"(anonymous_1)","decl":{"start":{"line":29,"column":17},"end":{"line":29,"column":24}},"loc":{"start":{"line":29,"column":27},"end":{"line":35,"column":1}}}},"branchMap":{"0":{"loc":{"start":{"line":30,"column":4},"end":{"line":34,"column":null}},"type":"if","locations":[{"start":{"line":30,"column":4},"end":{"line":34,"column":null}},{"start":{"line":32,"column":11},"end":{"line":34,"column":null}}]}},"s":{"0":0,"1":0,"2":0,"3":0,"4":0,"5":0,"6":0,"7":0,"8":0,"9":0,"10":0,"11":0,"12":0,"13":0,"14":0,"15":0},"f":{"0":0,"1":0},"b":{"0":[0,0]}}
,"C:\\Users\\DeanM\\OneDrive\\ValueEx\\src\\integrations\\teamsTest.ts": {"path":"C:\\Users\\DeanM\\OneDrive\\ValueEx\\src\\integrations\\teamsTest.ts","statementMap":{"0":{"start":{"line":1,"column":0},"end":{"line":1,"column":59}},"1":{"start":{"line":2,"column":0},"end":{"line":2,"column":126}},"2":{"start":{"line":3,"column":0},"end":{"line":3,"column":57}},"3":{"start":{"line":6,"column":2},"end":{"line":35,"column":null}},"4":{"start":{"line":8,"column":23},"end":{"line":11,"column":null}},"5":{"start":{"line":14,"column":25},"end":{"line":16,"column":6}},"6":{"start":{"line":19,"column":24},"end":{"line":21,"column":6}},"7":{"start":{"line":24,"column":17},"end":{"line":24,"column":51}},"8":{"start":{"line":25,"column":4},"end":{"line":25,"column":64}},"9":{"start":{"line":28,"column":18},"end":{"line":28,"column":55}},"10":{"start":{"line":29,"column":4},"end":{"line":29,"column":47}},"11":{"start":{"line":31,"column":4},"end":{"line":31,"column":16}},"12":{"start":{"line":33,"column":4},"end":{"line":33,"column":52}},"13":{"start":{"line":34,"column":4},"end":{"line":34,"column":17}},"14":{"start":{"line":38,"column":0},"end":{"line":51,"column":5}},"15":{"start":{"line":40,"column":4},"end":{"line":46,"column":null}},"16":{"start":{"line":41,"column":6},"end":{"line":41,"column":51}},"17":{"start":{"line":42,"column":6},"end":{"line":42,"column":22}},"18":{"start":{"line":44,"column":6},"end":{"line":44,"column":51}},"19":{"start":{"line":45,"column":6},"end":{"line":45,"column":22}},"20":{"start":{"line":49,"column":4},"end":{"line":49,"column":51}},"21":{"start":{"line":50,"column":4},"end":{"line":50,"column":20}}},"fnMap":{"0":{"name":"testTeamsConnection","decl":{"start":{"line":5,"column":15},"end":{"line":5,"column":34}},"loc":{"start":{"line":5,"column":34},"end":{"line":36,"column":1}}},"1":{"name":"(anonymous_1)","decl":{"start":{"line":39,"column":8},"end":{"line":39,"column":15}},"loc":{"start":{"line":39,"column":18},"end":{"line":47,"column":3}}},"2":{"name":"(anonymous_2)","decl":{"start":{"line":48,"column":9},"end":{"line":48,"column":14}},"loc":{"start":{"line":48,"column":17},"end":{"line":51,"column":3}}}},"branchMap":{"0":{"loc":{"start":{"line":40,"column":4},"end":{"line":46,"column":null}},"type":"if","locations":[{"start":{"line":40,"column":4},"end":{"line":46,"column":null}},{"start":{"line":43,"column":11},"end":{"line":46,"column":null}}]}},"s":{"0":0,"1":0,"2":0,"3":0,"4":0,"5":0,"6":0,"7":0,"8":0,"9":0,"10":0,"11":0,"12":0,"13":0,"14":0,"15":0,"16":0,"17":0,"18":0,"19":0,"20":0,"21":0},"f":{"0":0,"1":0,"2":0},"b":{"0":[0,0]}}
,"C:\\Users\\DeanM\\OneDrive\\ValueEx\\src\\logger\\logger.ts": {"path":"C:\\Users\\DeanM\\OneDrive\\ValueEx\\src\\logger\\logger.ts","statementMap":{"0":{"start":{"line":5,"column":4},"end":{"line":7,"column":null}},"1":{"start":{"line":6,"column":6},"end":{"line":6,"column":29}},"2":{"start":{"line":8,"column":4},"end":{"line":8,"column":27}},"3":{"start":{"line":12,"column":4},"end":{"line":14,"column":null}},"4":{"start":{"line":13,"column":6},"end":{"line":13,"column":37}},"5":{"start":{"line":15,"column":4},"end":{"line":15,"column":27}},"6":{"start":{"line":19,"column":4},"end":{"line":19,"column":49}},"7":{"start":{"line":23,"column":4},"end":{"line":23,"column":50}},"8":{"start":{"line":27,"column":4},"end":{"line":27,"column":52}},"9":{"start":{"line":31,"column":4},"end":{"line":33,"column":null}},"10":{"start":{"line":32,"column":6},"end":{"line":32,"column":54}},"11":{"start":{"line":1,"column":0},"end":{"line":1,"column":13}}},"fnMap":{"0":{"name":"(anonymous_0)","decl":{"start":{"line":4,"column":2},"end":{"line":4,"column":null}},"loc":{"start":{"line":4,"column":2},"end":{"line":9,"column":3}}},"1":{"name":"(anonymous_1)","decl":{"start":{"line":11,"column":9},"end":{"line":11,"column":15}},"loc":{"start":{"line":11,"column":27},"end":{"line":16,"column":3}}},"2":{"name":"(anonymous_2)","decl":{"start":{"line":18,"column":2},"end":{"line":18,"column":6}},"loc":{"start":{"line":18,"column":50},"end":{"line":20,"column":3}}},"3":{"name":"(anonymous_3)","decl":{"start":{"line":22,"column":2},"end":{"line":22,"column":6}},"loc":{"start":{"line":22,"column":50},"end":{"line":24,"column":3}}},"4":{"name":"(anonymous_4)","decl":{"start":{"line":26,"column":2},"end":{"line":26,"column":7}},"loc":{"start":{"line":26,"column":51},"end":{"line":28,"column":3}}},"5":{"name":"(anonymous_5)","decl":{"start":{"line":30,"column":2},"end":{"line":30,"column":7}},"loc":{"start":{"line":30,"column":51},"end":{"line":34,"column":3}}}},"branchMap":{"0":{"loc":{"start":{"line":5,"column":4},"end":{"line":7,"column":null}},"type":"if","locations":[{"start":{"line":5,"column":4},"end":{"line":7,"column":null}}]},"1":{"loc":{"start":{"line":12,"column":4},"end":{"line":14,"column":null}},"type":"if","locations":[{"start":{"line":12,"column":4},"end":{"line":14,"column":null}}]},"2":{"loc":{"start":{"line":19,"column":37},"end":{"line":19,"column":47}},"type":"binary-expr","locations":[{"start":{"line":19,"column":37},"end":{"line":19,"column":41}},{"start":{"line":19,"column":45},"end":{"line":19,"column":47}}]},"3":{"loc":{"start":{"line":23,"column":38},"end":{"line":23,"column":48}},"type":"binary-expr","locations":[{"start":{"line":23,"column":38},"end":{"line":23,"column":42}},{"start":{"line":23,"column":46},"end":{"line":23,"column":48}}]},"4":{"loc":{"start":{"line":27,"column":40},"end":{"line":27,"column":50}},"type":"binary-expr","locations":[{"start":{"line":27,"column":40},"end":{"line":27,"column":44}},{"start":{"line":27,"column":48},"end":{"line":27,"column":50}}]},"5":{"loc":{"start":{"line":31,"column":4},"end":{"line":33,"column":null}},"type":"if","locations":[{"start":{"line":31,"column":4},"end":{"line":33,"column":null}}]},"6":{"loc":{"start":{"line":32,"column":42},"end":{"line":32,"column":52}},"type":"binary-expr","locations":[{"start":{"line":32,"column":42},"end":{"line":32,"column":46}},{"start":{"line":32,"column":50},"end":{"line":32,"column":52}}]}},"s":{"0":0,"1":0,"2":0,"3":0,"4":0,"5":0,"6":0,"7":0,"8":0,"9":0,"10":0,"11":0},"f":{"0":0,"1":0,"2":0,"3":0,"4":0,"5":0},"b":{"0":[0],"1":[0],"2":[0,0],"3":[0,0],"4":[0,0],"5":[0],"6":[0,0]}}
,"C:\\Users\\DeanM\\OneDrive\\ValueEx\\src\\scripts\\act.ts": {"path":"C:\\Users\\DeanM\\OneDrive\\ValueEx\\src\\scripts\\act.ts","statementMap":{"0":{"start":{"line":1,"column":0},"end":{"line":1,"column":57}},"1":{"start":{"line":3,"column":17},"end":{"line":3,"column":39}},"2":{"start":{"line":5,"column":0},"end":{"line":9,"column":3}},"3":{"start":{"line":11,"column":0},"end":{"line":15,"column":3}}},"fnMap":{},"branchMap":{},"s":{"0":0,"1":0,"2":0,"3":0},"f":{},"b":{}}
,"C:\\Users\\DeanM\\OneDrive\\ValueEx\\src\\scripts\\analyzeDomainPortfolio.ts": {"path":"C:\\Users\\DeanM\\OneDrive\\ValueEx\\src\\scripts\\analyzeDomainPortfolio.ts","statementMap":{"0":{"start":{"line":1,"column":0},"end":{"line":1,"column":23}},"1":{"start":{"line":2,"column":0},"end":{"line":2,"column":82}},"2":{"start":{"line":3,"column":0},"end":{"line":3,"column":70}},"3":{"start":{"line":4,"column":0},"end":{"line":4,"column":72}},"4":{"start":{"line":5,"column":0},"end":{"line":5,"column":41}},"5":{"start":{"line":30,"column":20},"end":{"line":30,"column":50}},"6":{"start":{"line":31,"column":25},"end":{"line":31,"column":45}},"7":{"start":{"line":32,"column":18},"end":{"line":32,"column":40}},"8":{"start":{"line":34,"column":2},"end":{"line":219,"column":null}},"9":{"start":{"line":35,"column":20},"end":{"line":35,"column":49}},"10":{"start":{"line":36,"column":26},"end":{"line":36,"column":70}},"11":{"start":{"line":36,"column":48},"end":{"line":36,"column":69}},"12":{"start":{"line":38,"column":4},"end":{"line":38,"column":99}},"13":{"start":{"line":40,"column":39},"end":{"line":192,"column":null}},"14":{"start":{"line":42,"column":20},"end":{"line":42,"column":50}},"15":{"start":{"line":43,"column":21},"end":{"line":43,"column":48}},"16":{"start":{"line":45,"column":23},"end":{"line":45,"column":32}},"17":{"start":{"line":46,"column":29},"end":{"line":46,"column":32}},"18":{"start":{"line":47,"column":34},"end":{"line":57,"column":10}},"19":{"start":{"line":60,"column":55},"end":{"line":70,"column":10}},"20":{"start":{"line":73,"column":8},"end":{"line":75,"column":null}},"21":{"start":{"line":74,"column":10},"end":{"line":74,"column":48}},"22":{"start":{"line":78,"column":8},"end":{"line":150,"column":null}},"23":{"start":{"line":79,"column":10},"end":{"line":79,"column":34}},"24":{"start":{"line":80,"column":10},"end":{"line":80,"column":32}},"25":{"start":{"line":81,"column":10},"end":{"line":81,"column":43}},"26":{"start":{"line":82,"column":10},"end":{"line":82,"column":43}},"27":{"start":{"line":83,"column":10},"end":{"line":87,"column":12}},"28":{"start":{"line":88,"column":10},"end":{"line":101,"column":12}},"29":{"start":{"line":102,"column":15},"end":{"line":150,"column":null}},"30":{"start":{"line":103,"column":10},"end":{"line":103,"column":35}},"31":{"start":{"line":104,"column":10},"end":{"line":104,"column":32}},"32":{"start":{"line":105,"column":10},"end":{"line":105,"column":44}},"33":{"start":{"line":106,"column":10},"end":{"line":106,"column":44}},"34":{"start":{"line":107,"column":10},"end":{"line":111,"column":12}},"35":{"start":{"line":112,"column":10},"end":{"line":125,"column":12}},"36":{"start":{"line":126,"column":15},"end":{"line":150,"column":null}},"37":{"start":{"line":127,"column":10},"end":{"line":127,"column":38}},"38":{"start":{"line":128,"column":10},"end":{"line":128,"column":32}},"39":{"start":{"line":129,"column":10},"end":{"line":129,"column":43}},"40":{"start":{"line":130,"column":10},"end":{"line":130,"column":43}},"41":{"start":{"line":131,"column":10},"end":{"line":135,"column":12}},"42":{"start":{"line":136,"column":10},"end":{"line":149,"column":12}},"43":{"start":{"line":153,"column":30},"end":{"line":155,"column":13}},"44":{"start":{"line":154,"column":10},"end":{"line":154,"column":100}},"45":{"start":{"line":158,"column":33},"end":{"line":158,"column":35}},"46":{"start":{"line":159,"column":8},"end":{"line":169,"column":null}},"47":{"start":{"line":160,"column":10},"end":{"line":160,"column":91}},"48":{"start":{"line":161,"column":10},"end":{"line":161,"column":81}},"49":{"start":{"line":162,"column":10},"end":{"line":162,"column":84}},"50":{"start":{"line":163,"column":15},"end":{"line":169,"column":null}},"51":{"start":{"line":164,"column":10},"end":{"line":164,"column":87}},"52":{"start":{"line":165,"column":10},"end":{"line":165,"column":78}},"53":{"start":{"line":167,"column":10},"end":{"line":167,"column":61}},"54":{"start":{"line":168,"column":10},"end":{"line":168,"column":53}},"55":{"start":{"line":172,"column":32},"end":{"line":172,"column":41}},"56":{"start":{"line":173,"column":8},"end":{"line":179,"column":null}},"57":{"start":{"line":174,"column":10},"end":{"line":174,"column":54}},"58":{"start":{"line":175,"column":15},"end":{"line":179,"column":null}},"59":{"start":{"line":176,"column":10},"end":{"line":176,"column":49}},"60":{"start":{"line":177,"column":15},"end":{"line":179,"column":null}},"61":{"start":{"line":178,"column":10},"end":{"line":178,"column":41}},"62":{"start":{"line":181,"column":8},"end":{"line":191,"column":10}},"63":{"start":{"line":196,"column":4},"end":{"line":196,"column":63}},"64":{"start":{"line":196,"column":28},"end":{"line":196,"column":61}},"65":{"start":{"line":199,"column":4},"end":{"line":199,"column":66}},"66":{"start":{"line":200,"column":4},"end":{"line":213,"column":9}},"67":{"start":{"line":201,"column":21},"end":{"line":201,"column":43}},"68":{"start":{"line":203,"column":8},"end":{"line":203,"column":45}},"69":{"start":{"line":204,"column":8},"end":{"line":204,"column":58}},"70":{"start":{"line":205,"column":8},"end":{"line":205,"column":42}},"71":{"start":{"line":206,"column":8},"end":{"line":206,"column":75}},"72":{"start":{"line":206,"column":47},"end":{"line":206,"column":73}},"73":{"start":{"line":207,"column":8},"end":{"line":207,"co
[...]
d":{"line":42,"column":3}}},"5":{"name":"(anonymous_5)","decl":{"start":{"line":44,"column":10},"end":{"line":44,"column":23}},"loc":{"start":{"line":44,"column":96},"end":{"line":73,"column":3}}},"6":{"name":"(anonymous_6)","decl":{"start":{"line":75,"column":2},"end":{"line":75,"column":12}},"loc":{"start":{"line":75,"column":35},"end":{"line":79,"column":3}}},"7":{"name":"(anonymous_7)","decl":{"start":{"line":77,"column":28},"end":{"line":77,"column":29}},"loc":{"start":{"line":77,"column":35},"end":{"line":77,"column":68}}},"8":{"name":"(anonymous_8)","decl":{"start":{"line":81,"column":2},"end":{"line":81,"column":19}},"loc":{"start":{"line":81,"column":41},"end":{"line":87,"column":3}}},"9":{"name":"(anonymous_9)","decl":{"start":{"line":85,"column":41},"end":{"line":85,"column":42}},"loc":{"start":{"line":85,"column":58},"end":{"line":85,"column":79}}}},"branchMap":{"0":{"loc":{"start":{"line":18,"column":4},"end":{"line":20,"column":null}},"type":"if","locations":[{"start":{"line":18,"column":4},"end":{"line":20,"column":null}}]},"1":{"loc":{"start":{"line":54,"column":4},"end":{"line":56,"column":null}},"type":"if","locations":[{"start":{"line":54,"column":4},"end":{"line":56,"column":null}}]},"2":{"loc":{"start":{"line":65,"column":4},"end":{"line":72,"column":null}},"type":"if","locations":[{"start":{"line":65,"column":4},"end":{"line":72,"column":null}}]},"3":{"loc":{"start":{"line":76,"column":11},"end":{"line":78,"column":25}},"type":"cond-expr","locations":[{"start":{"line":77,"column":8},"end":{"line":77,"column":69}},{"start":{"line":78,"column":8},"end":{"line":78,"column":25}}]},"4":{"loc":{"start":{"line":83,"column":4},"end":{"line":83,"column":47}},"type":"if","locations":[{"start":{"line":83,"column":4},"end":{"line":83,"column":47}}]}},"s":{"0":0,"1":0,"2":0,"3":0,"4":0,"5":0,"6":0,"7":0,"8":0,"9":0,"10":0,"11":0,"12":0,"13":0,"14":0,"15":0,"16":0,"17":0,"18":0,"19":0,"20":0,"21":0,"22":0,"23":0,"24":0,"25":0,"26":0,"27":0,"28":0,"29":0},"f":{"0":0,"1":0,"2":0,"3":0,"4":0,"5":0,"6":0,"7":0,"8":0,"9":0},"b":{"0":[0],"1":[0],"2":[0],"3":[0,0],"4":[0]}}
,"C:\\Users\\DeanM\\OneDrive\\ValueEx\\src\\utils\\rateLimit.ts": {"path":"C:\\Users\\DeanM\\OneDrive\\ValueEx\\src\\utils\\rateLimit.ts","statementMap":{"0":{"start":{"line":13,"column":10},"end":{"line":20,"column":5}},"1":{"start":{"line":22,"column":10},"end":{"line":22,"column":57}},"2":{"start":{"line":25,"column":19},"end":{"line":25,"column":42}},"3":{"start":{"line":26,"column":4},"end":{"line":28,"column":null}},"4":{"start":{"line":27,"column":6},"end":{"line":27,"column":62}},"5":{"start":{"line":30,"column":16},"end":{"line":30,"column":38}},"6":{"start":{"line":31,"column":4},"end":{"line":38,"column":null}},"7":{"start":{"line":32,"column":6},"end":{"line":36,"column":8}},"8":{"start":{"line":37,"column":6},"end":{"line":37,"column":36}},"9":{"start":{"line":41,"column":4},"end":{"line":45,"column":null}},"10":{"start":{"line":42,"column":6},"end":{"line":42,"column":25}},"11":{"start":{"line":43,"column":6},"end":{"line":43,"column":35}},"12":{"start":{"line":44,"column":6},"end":{"line":44,"column":27}},"13":{"start":{"line":48,"column":4},"end":{"line":54,"column":null}},"14":{"start":{"line":49,"column":23},"end":{"line":49,"column":61}},"15":{"start":{"line":50,"column":6},"end":{"line":50,"column":68}},"16":{"start":{"line":50,"column":37},"end":{"line":50,"column":66}},"17":{"start":{"line":51,"column":6},"end":{"line":51,"column":25}},"18":{"start":{"line":52,"column":6},"end":{"line":52,"column":35}},"19":{"start":{"line":53,"column":6},"end":{"line":53,"column":27}},"20":{"start":{"line":57,"column":4},"end":{"line":60,"column":null}},"21":{"start":{"line":58,"column":6},"end":{"line":58,"column":64}},"22":{"start":{"line":58,"column":37},"end":{"line":58,"column":62}},"23":{"start":{"line":59,"column":6},"end":{"line":59,"column":27}},"24":{"start":{"line":62,"column":4},"end":{"line":62,"column":21}},"25":{"start":{"line":63,"column":4},"end":{"line":63,"column":23}},"26":{"start":{"line":67,"column":4},"end":{"line":67,"column":36}},"27":{"start":{"line":71,"column":4},"end":{"line":71,"column":35}},"28":{"start":{"line":75,"column":4},"end":{"line":75,"column":30}},"29":{"start":{"line":79,"column":4},"end":{"line":79,"column":23}},"30":{"start":{"line":12,"column":0},"end":{"line":12,"column":13}},"31":{"start":{"line":83,"column":13},"end":{"line":83,"column":41}}},"fnMap":{"0":{"name":"(anonymous_0)","decl":{"start":{"line":12,"column":0},"end":{"line":12,"column":13}},"loc":{"start":{"line":12,"column":0},"end":{"line":81,"column":1}}},"1":{"name":"(anonymous_1)","decl":{"start":{"line":24,"column":2},"end":{"line":24,"column":7}},"loc":{"start":{"line":24,"column":27},"end":{"line":64,"column":3}}},"2":{"name":"(anonymous_2)","decl":{"start":{"line":50,"column":24},"end":{"line":50,"column":25}},"loc":{"start":{"line":50,"column":37},"end":{"line":50,"column":66}}},"3":{"name":"(anonymous_3)","decl":{"start":{"line":58,"column":24},"end":{"line":58,"column":25}},"loc":{"start":{"line":58,"column":37},"end":{"line":58,"column":62}}},"4":{"name":"(anonymous_4)","decl":{"start":{"line":66,"column":2},"end":{"line":66,"column":10}},"loc":{"start":{"line":66,"column":50},"end":{"line":68,"column":3}}},"5":{"name":"(anonymous_5)","decl":{"start":{"line":70,"column":2},"end":{"line":70,"column":10}},"loc":{"start":{"line":70,"column":25},"end":{"line":72,"column":3}}},"6":{"name":"(anonymous_6)","decl":{"start":{"line":74,"column":2},"end":{"line":74,"column":7}},"loc":{"start":{"line":74,"column":22},"end":{"line":76,"column":3}}},"7":{"name":"(anonymous_7)","decl":{"start":{"line":78,"column":2},"end":{"line":78,"column":10}},"loc":{"start":{"line":78,"column":10},"end":{"line":80,"column":3}}}},"branchMap":{"0":{"loc":{"start":{"line":26,"column":4},"end":{"line":28,"column":null}},"type":"if","locations":[{"start":{"line":26,"column":4},"end":{"line":28,"column":null}}]},"1":{"loc":{"start":{"line":31,"column":4},"end":{"line":38,"column":null}},"type":"if","locations":[{"start":{"line":31,"column":4},"end":{"line":38,"column":null}}]},"2":{"loc":{"start":{"line":41,"column":4},"end":{"line":45,"column":null}},"type":"if","locations":[{"start":{"line":41,"column":4},"end":{"line":45,"column":null}}]},"3":{"loc":{"start":{"line":48,"column":4},"end":{"line":54,"column":null}},"type":"if","locations":[{"start":{"line":48,"column":4},"end":{"line":54,"column":null}}]},"4":{"loc":{"start":{"line":57,"column":4},"end":{"line":60,"column":null}},"type":"if","locations":[{"start":{"line":57,"column":4},"end":{"line":60,"column":null}}]},"5":{"loc":{"start":{"line":57,"column":8},"end":{"line":57,"column":66}},"type":"binary-expr","locations":[{"start":{"line":57,"column":8},"end":{"line":57,"column":25}},{"start":{"line":57,"column":29},"end":{"line":57,"column":66}}]}},"s":{"0":0,"1":0,"2":0,"3":0,"4":0,"5":0,"6":0,"7":0,"8":0,"9":0,"10":0,"11":0,"12":0,"13":0,"14":0,"15":0,"16":0,"17":0,"18":0,"19":0,"20":0,"21":0,"22":0,"23":0,"24":0,"25":0,"26":0,"27":0,"28":0,"29":0,"30":0,"31":0},"f":{"0":0,"1":0,"2":0,"3":0,"4":0,"5":0,"6":0,"7":0},"b":{"0":[0],"1":[0],"2":[0],"3":[0],"4":[0],"5":[0,0]}}
,"C:\\Users\\DeanM\\OneDrive\\ValueEx\\src\\utils\\retryStrategy.ts": {"path":"C:\\Users\\DeanM\\OneDrive\\ValueEx\\src\\utils\\retryStrategy.ts","statementMap":{"0":{"start":{"line":7,"column":4},"end":{"line":7,"column":33}},"1":{"start":{"line":8,"column":4},"end":{"line":8,"column":31}},"2":{"start":{"line":9,"column":4},"end":{"line":9,"column":29}},"3":{"start":{"line":13,"column":34},"end":{"line":13,"column":38}},"4":{"start":{"line":14,"column":4},"end":{"line":24,"column":null}},"5":{"start":{"line":14,"column":23},"end":{"line":14,"column":24}},"6":{"start":{"line":15,"column":6},"end":{"line":23,"column":null}},"7":{"start":{"line":16,"column":8},"end":{"line":16,"column":26}},"8":{"start":{"line":18,"column":8},"end":{"line":18,"column":35}},"9":{"start":{"line":19,"column":8},"end":{"line":22,"column":null}},"10":{"start":{"line":20,"column":24},"end":{"line":20,"column":86}},"11":{"start":{"line":21,"column":10},"end":{"line":21,"column":69}},"12":{"start":{"line":21,"column":41},"end":{"line":21,"column":67}},"13":{"start":{"line":25,"column":4},"end":{"line":25,"column":49}},"14":{"start":{"line":1,"column":0},"end":{"line":1,"column":13}}},"fnMap":{"0":{"name":"(anonymous_0)","decl":{"start":{"line":6,"column":2},"end":{"line":6,"column":14}},"loc":{"start":{"line":6,"column":88},"end":{"line":10,"column":3}}},"1":{"name":"(anonymous_1)","decl":{"start":{"line":12,"column":9},"end":{"line":12,"column":14}},"loc":{"start":{"line":12,"column":46},"end":{"line":26,"column":3}}},"2":{"name":"(anonymous_2)","decl":{"start":{"line":21,"column":28},"end":{"line":21,"column":29}},"loc":{"start":{"line":21,"column":41},"end":{"line":21,"column":67}}}},"branchMap":{"0":{"loc":{"start":{"line":6,"column":14},"end":{"line":6,"column":36}},"type":"default-arg","locations":[{"start":{"line":6,"column":35},"end":{"line":6,"column":36}}]},"1":{"loc":{"start":{"line":6,"column":38},"end":{"line":6,"column":62}},"type":"default-arg","locations":[{"start":{"line":6,"column":58},"end":{"line":6,"column":62}}]},"2":{"loc":{"start":{"line":6,"column":64},"end":{"line":6,"column":88}},"type":"default-arg","locations":[{"start":{"line":6,"column":83},"end":{"line":6,"column":88}}]},"3":{"loc":{"start":{"line":19,"column":8},"end":{"line":22,"column":null}},"type":"if","locations":[{"start":{"line":19,"column":8},"end":{"line":22,"column":null}}]},"4":{"loc":{"start":{"line":25,"column":10},"end":{"line":25,"column":48}},"type":"binary-expr","locations":[{"start":{"line":25,"column":10},"end":{"line":25,"column":19}},{"start":{"line":25,"column":23},"end":{"line":25,"column":48}}]}},"s":{"0":0,"1":0,"2":0,"3":0,"4":0,"5":0,"6":0,"7":0,"8":0,"9":0,"10":0,"11":0,"12":0,"13":0,"14":0},"f":{"0":0,"1":0,"2":0},"b":{"0":[0],"1":[0],"2":[0],"3":[0],"4":[0,0]}}
,"C:\\Users\\DeanM\\OneDrive\\ValueEx\\src\\utils\\technicalContext.ts": {"path":"C:\\Users\\DeanM\\OneDrive\\ValueEx\\src\\utils\\technicalContext.ts","statementMap":{"0":{"start":{"line":1,"column":0},"end":{"line":1,"column":25}},"1":{"start":{"line":2,"column":0},"end":{"line":2,"column":29}},"2":{"start":{"line":3,"column":0},"end":{"line":3,"column":37}},"3":{"start":{"line":4,"column":0},"end":{"line":4,"column":33}},"4":{"start":{"line":6,"column":18},"end":{"line":6,"column":33}},"5":{"start":{"line":35,"column":10},"end":{"line":35,"column":81}},"6":{"start":{"line":36,"column":10},"end":{"line":36,"column":54}},"7":{"start":{"line":37,"column":10},"end":{"line":37,"column":57}},"8":{"start":{"line":40,"column":4},"end":{"line":40,"column":33}},"9":{"start":{"line":41,"column":4},"end":{"line":41,"column":32}},"10":{"start":{"line":45,"column":16},"end":{"line":45,"column":66}},"11":{"start":{"line":46,"column":4},"end":{"line":48,"column":null}},"12":{"start":{"line":47,"column":6},"end":{"line":47,"column":45}},"13":{"start":{"line":52,"column":32},"end":{"line":52,"column":78}},"14":{"start":{"line":53,"column":21},"end":{"line":53,"column":59}},"15":{"start":{"line":55,"column":36},"end":{"line":55,"column":57}},"16":{"start":{"line":56,"column":24},"end":{"line":56,"column":44}},"17":{"start":{"line":58,"column":33},"end":{"line":58,"column":87}},"18":{"start":{"line":59,"column":26},"end":{"line":59,"column":74}},"19":{"start":{"line":60,"column":22},"end":{"line":60,"column":44}},"20":{"start":{"line":62,"column":4},"end":{"line":62,"column":56}},"21":{"start":{"line":70,"column":4},"end":{"line":75,"column":7}},"22":{"start":{"line":79,"column":4},"end":{"line":98,"column":null}},"23":{"start":{"line":80,"column":34},"end":{"line":80,"column":75}},"24":{"start":{"line":81,"column":37},"end":{"line":81,"column":81}},"25":{"start":{"line":82,"column":36},"end":{"line":82,"column":75}},"26":{"start":{"line":85,"column":35},"end":{"line":86,"column":null}},"27":{"start":{"line":89,"column":6},"end":{"line":95,"column":8}},"28":{"start":{"line":97,"column":6},"end":{"line":97,"column":65}},"29":{"start":{"line":102,"column":4},"end":{"line":110,"column":null}},"30":{"start":{"line":104,"column":6},"end":{"line":104,"column":48}},"31":{"start":{"line":105,"column":27},"end":{"line":105,"column":85}},"32":{"start":{"line":106,"column":23},"end":{"line":106,"column":72}},"33":{"start":{"line":107,"column":6},"end":{"line":107,"column":38}},"34":{"start":{"line":109,"column":6},"end":{"line":109,"column":15}},"35":{"start":{"line":114,"column":4},"end":{"line":114,"column":37}},"36":{"start":{"line":115,"column":4},"end":{"line":115,"column":39}},"37":{"start":{"line":117,"column":4},"end":{"line":146,"column":2}},"38":{"start":{"line":129,"column":15},"end":{"line":136,"column":67}},"39":{"start":{"line":150,"column":4},"end":{"line":171,"column":6}},"40":{"start":{"line":152,"column":8},"end":{"line":152,"column":41}},"41":{"start":{"line":153,"column":8},"end":{"line":153,"column":43}},"42":{"start":{"line":156,"column":8},"end":{"line":168,"column":10}},"43":{"start":{"line":176,"column":4},"end":{"line":188,"column":6}},"44":{"start":{"line":33,"column":0},"end":{"line":33,"column":13}},"45":{"start":{"line":34,"column":26},"end":{"line":34,"column":75}}},"fnMap":{"0":{"name":"(anonymous_6)","decl":{"start":{"line":39,"column":2},"end":{"line":39,"column":null}},"loc":{"start":{"line":39,"column":2},"end":{"line":42,"column":3}}},"1":{"name":"(anonymous_7)","decl":{"start":{"line":44,"column":10},"end":{"line":44,"column":31}},"loc":{"start":{"line":44,"column":31},"end":{"line":49,"column":3}}},"2":{"name":"(anonymous_8)","decl":{"start":{"line":51,"column":10},"end":{"line":51,"column":15}},"loc":{"start":{"line":51,"column":35},"end":{"line":63,"column":3}}},"3":{"name":"(anonymous_9)","decl":{"start":{"line":65,"column":9},"end":{"line":65,"column":14}},"loc":{"start":{"line":68,"column":75},"end":{"line":76,"column":3}}},"4":{"name":"(anonymous_10)","decl":{"start":{"line":78,"column":9},"end":{"line":78,"column":14}},"loc":{"start":{"line":78,"column":36},"end":{"line":99,"column":3}}},"5":{"name":"(anonymous_11)","decl":{"start":{"line":101,"column":10},"end":{"line":101,"column":15}},"loc":{"start":{"line":101,"column":37},"end":{"line":111,"column":3}}},"6":{"name":"(anonymous_12)","decl":{"start":{"line":113,"column":9},"end":{"line":113,"column":14}},"loc":{"start":{"line":113,"column":38},"end":{"line":147,"column":3}}},"7":{"name":"(anonymous_13)","decl":{"start":{"line":129,"column":4},"end":{"line":129,"column":5}},"loc":{"start":{"line":129,"column":15},"end":{"line":136,"column":67}}},"8":{"name":"(anonymous_14)","decl":{"start":{"line":149,"column":10},"end":{"line":149,"column":30}},"loc":{"start":{"line":149,"column":30},"end":{"line":172,"column":3}}},"9":{"name":"(anonymous_15)","decl":{"start":{"line":151,"column":6},"end":{"line":151,"column":11}},"loc":{"start":{"line":151,"column":17},"end":{"line":169,"column":7}}},"10":{"name":"(anonymous_16)","decl":{"start":{"line":174,"column":9},"end":{"line":174,"column":16}},"loc":{"start":{"line":174,"column":16},"end":{"line":189,"column":3}}}},"branchMap":{"0":{"loc":{"start":{"line":46,"column":4},"end":{"line":48,"column":null}},"type":"if","locations":[{"start":{"line":46,"column":4},"end":{"line":48,"column":null}}]},"1":{"loc":{"start":{"line":141,"column":17},"end":{"line":141,"column":58}},"type":"binary-expr","locations":[{"start":{"line":141,"column":17},"end":{"line":141,"column":49}},{"start":{"line":141,"column":53},"end":{"line":141,"column":58}}]},"2":{"loc":{"start":{"line":142,"column":19},"end":{"line":142,"column":61}},"type":"binary-expr","locations":[{"start":{"line":142,"column":19},"end":{"line":142,"column":52}},{"start":{"line":142,"column":56},"end":{"line":142,"column":61}}]},"3":{"loc":{"start":{"line":143,"column":19},"end":{"line":143,"column":62}},"type":"binary-expr","locations":[{"start":{"line":143,"column":19},"end":{"line":143,"column":53}},{"start":{"line":143,"column":57},"end":{"line":143,"column":62}}]},"4":{"loc":{"start":{"line":144,"column":20},"end":{"line":144,"column":61}},"type":"binary-expr","locations":[{"start":{"line":144,"column":20},"end":{"line":144,"column":52}},{"start":{"line":144,"column":56},"end":{"line":144,"column":61}}]},"5":{"loc":{"start":{"line":145,"column":17},"end":{"line":145,"column":58}},"type":"binary-expr","locations":[{"start":{"line":145,"column":17},"end":{"line":145,"column":49}},{"start":{"line":145,"column":53},"end":{"line":145,"column":58}}]}},"s":{"0":0,"1":0,"2":0,"3":0,"4":0,"5":0,"6":0,"7":0,"8":0,"9":0,"10":0,"11":0,"12":0,"13":0,"14":0,"15":0,"16":0,"17":0,"18":0,"19":0,"20":0,"21":0,"22":0,"23":0,"24":0,"25":0,"26":0,"27":0,"28":0,"29":0,"30":0,"31":0,"32":0,"33":0,"34":0,"35":0,"36":0,"37":0,"38":0,"39":0,"40":0,"41":0,"42":0,"43":0,"44":0,"45":0},"f":{"0":0,"1":0,"2":0,"3":0,"4":0,"5":0,"6":0,"7":0,"8":0,"9":0,"10":0},"b":{"0":[0],"1":[0,0],"2":[0,0],"3":[0,0],"4":[0,0],"5":[0,0]}}
,"C:\\Users\\DeanM\\OneDrive\\ValueEx\\src\\utils\\testOpenAI.ts": {"path":"C:\\Users\\DeanM\\OneDrive\\ValueEx\\src\\utils\\testOpenAI.ts","statementMap":{"0":{"start":{"line":1,"column":0},"end":{"line":1,"column":52}},"1":{"start":{"line":2,"column":0},"end":{"line":2,"column":32}},"2":{"start":{"line":3,"column":0},"end":{"line":3,"column":34}},"3":{"start":{"line":6,"column":0},"end":{"line":6,"column":9}},"4":{"start":{"line":9,"column":2},"end":{"line":19,"column":null}},"5":{"start":{"line":10,"column":23},"end":{"line":10,"column":47}},"6":{"start":{"line":12,"column":4},"end":{"line":12,"column":48}},"7":{"start":{"line":14,"column":19},"end":{"line":14,"column":76}},"8":{"start":{"line":15,"column":4},"end":{"line":15,"column":42}},"9":{"start":{"line":16,"column":4},"end":{"line":16,"column":40}},"10":{"start":{"line":18,"column":4},"end":{"line":18,"column":60}},"11":{"start":{"line":23,"column":0},"end":{"line":23,"column":23}}},"fnMap":{"0":{"name":"testOpenAIConnection","decl":{"start":{"line":8,"column":15},"end":{"line":8,"column":35}},"loc":{"start":{"line":8,"column":35},"end":{"line":20,"column":1}}}},"branchMap":{},"s":{"0":0,"1":0,"2":0,"3":0,"4":0,"5":0,"6":0,"7":0,"8":0,"9":0,"10":0,"11":0},"f":{"0":0},"b":{}}
,"C:\\Users\\DeanM\\OneDrive\\ValueEx\\src\\visualization\\resonanceVisualizer.ts": {"path":"C:\\Users\\DeanM\\OneDrive\\ValueEx\\src\\visualization\\resonanceVisualizer.ts","statementMap":{"0":{"start":{"line":7,"column":4},"end":{"line":12,"column":6}},"1":{"start":{"line":17,"column":4},"end":{"line":17,"column":66}},"2":{"start":{"line":18,"column":4},"end":{"line":18,"column":50}},"3":{"start":{"line":19,"column":4},"end":{"line":19,"column":58}},"4":{"start":{"line":20,"column":4},"end":{"line":20,"column":58}},"5":{"start":{"line":24,"column":4},"end":{"line":24,"column":30}},"6":{"start":{"line":26,"column":4},"end":{"line":26,"column":53}},"7":{"start":{"line":27,"column":4},"end":{"line":27,"column":63}},"8":{"start":{"line":28,"column":4},"end":{"line":28,"column":60}},"9":{"start":{"line":29,"column":4},"end":{"line":29,"column":60}},"10":{"start":{"line":30,"column":4},"end":{"line":30,"column":59}},"11":{"start":{"line":3,"column":0},"end":{"line":3,"column":13}}},"fnMap":{"0":{"name":"(anonymous_0)","decl":{"start":{"line":6,"column":2},"end":{"line":6,"column":null}},"loc":{"start":{"line":6,"column":2},"end":{"line":13,"column":3}}},"1":{"name":"(anonymous_1)","decl":{"start":{"line":15,"column":9},"end":{"line":15,"column":14}},"loc":{"start":{"line":15,"column":56},"end":{"line":21,"column":3}}},"2":{"name":"(anonymous_2)","decl":{"start":{"line":23,"column":9},"end":{"line":23,"column":14}},"loc":{"start":{"line":23,"column":52},"end":{"line":31,"column":3}}}},"branchMap":{},"s":{"0":0,"1":0,"2":0,"3":0,"4":0,"5":0,"6":0,"7":0,"8":0,"9":0,"10":0,"11":0},"f":{"0":0,"1":0,"2":0},"b":{}}
}
