TN:
SF:src\mvp.ts
FN:17,(anonymous_1)
FN:22,(anonymous_2)
FN:35,(anonymous_3)
FN:50,(anonymous_4)
FN:56,(anonymous_5)
FNF:5
FNH:0
FNDA:0,(anonymous_1)
FNDA:0,(anonymous_2)
FNDA:0,(anonymous_3)
FNDA:0,(anonymous_4)
FNDA:0,(anonymous_5)
DA:1,0
DA:2,0
DA:3,0
DA:5,0
DA:6,0
DA:7,0
DA:10,0
DA:11,0
DA:14,0
DA:17,0
DA:18,0
DA:22,0
DA:23,0
DA:24,0
DA:25,0
DA:26,0
DA:28,0
DA:29,0
DA:31,0
DA:35,0
DA:36,0
DA:37,0
DA:38,0
DA:39,0
DA:41,0
DA:42,0
DA:44,0
DA:49,0
DA:50,0
DA:51,0
DA:52,0
DA:55,0
DA:56,0
DA:57,0
LF:34
LH:0
BRDA:25,0,0,0
BRDA:38,1,0,0
BRDA:38,2,0,0
BRDA:38,2,1,0
BRDA:55,3,0,0
BRDA:55,3,1,0
BRF:6
BRH:0
end_of_record
TN:
SF:src\server.ts
FN:11,(anonymous_1)
FN:15,(anonymous_2)
FNF:2
FNH:0
FNDA:0,(anonymous_1)
FNDA:0,(anonymous_2)
DA:1,0
DA:2,0
DA:4,0
DA:5,0
DA:8,0
DA:11,0
DA:12,0
DA:15,0
DA:16,0
LF:9
LH:0
BRF:0
BRH:0
end_of_record
TN:
SF:src\analysis\merchantAnalysis.ts
FN:67,(anonymous_0)
FN:71,(anonymous_1)
FN:89,(anonymous_2)
FN:94,(anonymous_3)
FN:95,(anonymous_4)
FN:98,(anonymous_5)
FN:99,(anonymous_6)
FN:102,(anonymous_7)
FN:117,(anonymous_8)
FN:118,(anonymous_9)
FN:146,(anonymous_10)
FN:150,(anonymous_11)
FN:165,(anonymous_12)
FN:170,(anonymous_13)
FN:175,(anonymous_14)
FN:176,(anonymous_15)
FN:185,(anonymous_16)
FN:192,(anonymous_17)
FN:215,(anonymous_18)
FN:218,(anonymous_19)
FN:228,(anonymous_20)
FN:235,(anonymous_21)
FN:242,(anonymous_22)
FN:245,(anonymous_23)
FN:261,(anonymous_24)
FN:265,(anonymous_25)
FN:266,(anonymous_26)
FN:278,(anonymous_27)
FN:287,(anonymous_28)
FN:289,(anonymous_29)
FN:291,(anonymous_30)
FN:301,(anonymous_31)
FN:313,(anonymous_32)
FN:322,(anonymous_33)
FN:333,(anonymous_34)
FN:334,(anonymous_35)
FN:339,(anonymous_36)
FN:342,(anonymous_37)
FN:344,(anonymous_38)
FN:349,(anonymous_39)
FN:357,(anonymous_40)
FN:361,(anonymous_41)
FN:363,(anonymous_42)
FNF:43
FNH:0
FNDA:0,(anonymous_0)
FNDA:0,(anonymous_1)
FNDA:0,(anonymous_2)
FNDA:0,(anonymous_3)
FNDA:0,(anonymous_4)
FNDA:0,(anonymous_5)
FNDA:0,(anonymous_6)
FNDA:0,(anonymous_7)
FNDA:0,(anonymous_8)
FNDA:0,(anonymous_9)
FNDA:0,(anonymous_10)
FNDA:0,(anonymous_11)
FNDA:0,(anonymous_12)
FNDA:0,(anonymous_13)
FNDA:0,(anonymous_14)
FNDA:0,(anonymous_15)
FNDA:0,(anonymous_16)
FNDA:0,(anonymous_17)
FNDA:0,(anonymous_18)
FNDA:0,(anonymous_19)
FNDA:0,(anonymous_20)
FNDA:0,(anonymous_21)
FNDA:0,(anonymous_22)
FNDA:0,(anonymous_23)
FNDA:0,(anonymous_24)
FNDA:0,(anonymous_25)
FNDA:0,(anonymous_26)
FNDA:0,(anonymous_27)
FNDA:0,(anonymous_28)
FNDA:0,(anonymous_29)
FNDA:0,(anonymous_30)
FNDA:0,(anonymous_31)
FNDA:0,(anonymous_32)
FNDA:0,(anonymous_33)
FNDA:0,(anonymous_34)
FNDA:0,(anonymous_35)
FNDA:0,(anonymous_36)
FNDA:0,(anonymous_37)
FNDA:0,(anonymous_38)
FNDA:0,(anonymous_39)
FNDA:0,(anonymous_40)
FNDA:0,(anonymous_41)
FNDA:0,(anonymous_42)
DA:63,0
DA:64,0
DA:65,0
DA:68,0
DA:73,0
DA:90,0
DA:91,0
DA:95,0
DA:99,0
DA:103,0
DA:106,0
DA:109,0
DA:112,0
DA:114,0
DA:118,0
DA:119,0
DA:128,0
DA:131,0
DA:132,0
DA:136,0
DA:137,0
DA:138,0
DA:142,0
DA:147,0
DA:150,0
DA:151,0
DA:152,0
DA:157,0
DA:158,0
DA:159,0
DA:162,0
DA:171,0
DA:174,0
DA:175,0
DA:176,0
DA:177,0
DA:178,0
DA:179,0
DA:183,0
DA:184,0
DA:185,0
DA:186,0
DA:189,0
DA:193,0
DA:196,0
DA:198,0
DA:200,0
DA:203,0
DA:205,0
DA:215,0
DA:219,0
DA:222,0
DA:225,0
DA:227,0
DA:228,0
DA:231,0
DA:235,0
DA:238,0
DA:239,0
DA:243,0
DA:245,0
DA:246,0
DA:248,0
DA:249,0
DA:252,0
DA:253,0
DA:254,0
DA:258,0
DA:262,0
DA:265,0
DA:266,0
DA:267,0
DA:268,0
DA:270,0
DA:271,0
DA:272,0
DA:278,0
DA:289,0
DA:290,0
DA:291,0
DA:300,0
DA:301,0
DA:302,0
DA:303,0
DA:304,0
DA:306,0
DA:307,0
DA:308,0
DA:313,0
DA:326,0
DA:327,0
DA:330,0
DA:334,0
DA:335,0
DA:339,0
DA:343,0
DA:344,0
DA:346,0
DA:350,0
DA:351,0
DA:354,0
DA:358,0
DA:362,0
DA:363,0
DA:367,0
LF:105
LH:0
BRDA:112,0,0,0
BRDA:119,1,0,0
BRDA:119,1,1,0
BRDA:136,2,0,0
BRDA:137,3,0,0
BRDA:151,4,0,0
BRDA:158,5,0,0
BRDA:219,6,0,0
BRDA:235,7,0,0
BRDA:235,7,1,0
BRDA:248,8,0,0
BRDA:253,9,0,0
BRDA:267,10,0,0
BRDA:271,11,0,0
BRDA:290,12,0,0
BRDA:290,12,1,0
BRDA:290,13,0,0
BRDA:290,13,1,0
BRDA:303,14,0,0
BRDA:307,15,0,0
BRF:20
BRH:0
end_of_record
TN:
SF:src\analysis\quickWinAnalyzer.ts
FN:14,(anonymous_0)
FN:18,(anonymous_1)
FN:51,(anonymous_2)
FN:58,(anonymous_3)
FN:67,(anonymous_4)
FN:79,(anonymous_5)
FN:87,(anonymous_6)
FN:95,(anonymous_7)
FN:105,(anonymous_8)
FN:113,(anonymous_9)
FN:114,(anonymous_10)
FN:122,(anonymous_11)
FN:123,(anonymous_12)
FNF:13
FNH:0
FNDA:0,(anonymous_0)
FNDA:0,(anonymous_1)
FNDA:0,(anonymous_2)
FNDA:0,(anonymous_3)
FNDA:0,(anonymous_4)
FNDA:0,(anonymous_5)
FNDA:0,(anonymous_6)
FNDA:0,(anonymous_7)
FNDA:0,(anonymous_8)
FNDA:0,(anonymous_9)
FNDA:0,(anonymous_10)
FNDA:0,(anonymous_11)
FNDA:0,(anonymous_12)
DA:11,0
DA:15,0
DA:27,0
DA:29,0
DA:31,0
DA:33,0
DA:34,0
DA:37,0
DA:39,0
DA:40,0
DA:51,0
DA:53,0
DA:54,0
DA:61,0
DA:70,0
DA:80,0
DA:88,0
DA:96,0
DA:97,0
DA:98,0
DA:99,0
DA:101,0
DA:106,0
DA:108,0
DA:111,0
DA:112,0
DA:113,0
DA:115,0
DA:116,0
DA:120,0
DA:121,0
DA:122,0
DA:124,0
DA:125,0
DA:128,0
LF:35
LH:0
BRDA:39,0,0,0
BRDA:89,1,0,0
BRDA:89,1,1,0
BRDA:89,1,2,0
BRDA:96,2,0,0
BRDA:96,2,1,0
BRDA:98,3,0,0
BRDA:98,3,1,0
BRF:8
BRH:0
end_of_record
TN:
SF:src\analytics\cacheAnalytics.ts
FN:12,(anonymous_0)
FN:17,(anonymous_1)
FN:24,(anonymous_2)
FN:28,(anonymous_3)
FN:32,(anonymous_4)
FN:41,(anonymous_5)
FNF:6
FNH:0
FNDA:0,(anonymous_0)
FNDA:0,(anonymous_1)
FNDA:0,(anonymous_2)
FNDA:0,(anonymous_3)
FNDA:0,(anonymous_4)
FNDA:0,(anonymous_5)
DA:7,0
DA:13,0
DA:14,0
DA:18,0
DA:19,0
DA:21,0
DA:25,0
DA:29,0
DA:33,0
DA:34,0
DA:42,0
DA:43,0
LF:12
LH:0
BRDA:18,0,0,0
BRDA:37,1,0,0
BRDA:37,1,1,0
BRF:3
BRH:0
end_of_record
TN:
SF:src\cache\awinCache.ts
FN:8,(anonymous_0)
FN:14,(anonymous_1)
FN:21,(anonymous_2)
FN:26,(anonymous_3)
FN:28,(anonymous_4)
FN:33,(anonymous_5)
FN:37,(anonymous_6)
FNF:7
FNH:0
FNDA:0,(anonymous_0)
FNDA:0,(anonymous_1)
FNDA:0,(anonymous_2)
FNDA:0,(anonymous_3)
FNDA:0,(anonymous_4)
FNDA:0,(anonymous_5)
FNDA:0,(anonymous_6)
DA:3,0
DA:10,0
DA:11,0
DA:15,0
DA:16,0
DA:18,0
DA:22,0
DA:23,0
DA:27,0
DA:28,0
DA:29,0
DA:34,0
DA:38,0
LF:13
LH:0
BRDA:8,0,0,0
BRDA:15,1,0,0
BRDA:23,2,0,0
BRDA:23,2,1,0
BRF:4
BRH:0
end_of_record
TN:
SF:src\config\azure.ts
FNF:0
FNH:0
DA:1,0
LF:1
LH:0
BRF:0
BRH:0
end_of_record
TN:
SF:src\config\configService.ts
FN:48,(anonymous_6)
FN:52,(anonymous_7)
FN:59,(anonymous_8)
FN:101,(anonymous_9)
FN:108,(anonymous_10)
FNF:5
FNH:0
FNDA:0,(anonymous_6)
FNDA:0,(anonymous_7)
FNDA:0,(anonymous_8)
FNDA:0,(anonymous_9)
FNDA:0,(anonymous_10)
DA:1,0
DA:2,0
DA:3,0
DA:6,0
DA:9,0
DA:44,0
DA:49,0
DA:53,0
DA:54,0
DA:56,0
DA:60,0
DA:89,0
DA:90,0
DA:92,0
DA:93,0
DA:95,0
DA:102,0
DA:103,0
DA:105,0
DA:109,0
DA:113,0
LF:21
LH:0
BRDA:53,0,0,0
BRDA:71,1,0,0
BRDA:71,1,1,0
BRDA:72,2,0,0
BRDA:72,2,1,0
BRDA:75,3,0,0
BRDA:75,3,1,0
BRDA:78,4,0,0
BRDA:78,4,1,0
BRDA:79,5,0,0
BRDA:79,5,1,0
BRDA:92,6,0,0
BRDA:102,7,0,0
BRF:13
BRH:0
end_of_record
TN:
SF:src\config\credentialsManager.ts
FN:28,(anonymous_6)
FN:34,(anonymous_7)
FN:41,(anonymous_8)
FN:51,(anonymous_9)
FN:57,(anonymous_10)
FN:74,(anonymous_11)
FN:84,(anonymous_12)
FN:98,(anonymous_13)
FN:104,(anonymous_14)
FN:108,(anonymous_15)
FN:125,(anonymous_16)
FN:136,(anonymous_17)
FNF:12
FNH:0
FNDA:0,(anonymous_6)
FNDA:0,(anonymous_7)
FNDA:0,(anonymous_8)
FNDA:0,(anonymous_9)
FNDA:0,(anonymous_10)
FNDA:0,(anonymous_11)
FNDA:0,(anonymous_12)
FNDA:0,(anonymous_13)
FNDA:0,(anonymous_14)
FNDA:0,(anonymous_15)
FNDA:0,(anonymous_16)
FNDA:0,(anonymous_17)
DA:1,0
DA:2,0
DA:3,0
DA:23,0
DA:29,0
DA:30,0
DA:31,0
DA:35,0
DA:36,0
DA:38,0
DA:42,0
DA:43,0
DA:44,0
DA:46,0
DA:47,0
DA:52,0
DA:53,0
DA:60,0
DA:61,0
DA:62,0
DA:63,0
DA:64,0
DA:65,0
DA:66,0
DA:67,0
DA:75,0
DA:76,0
DA:77,0
DA:78,0
DA:79,0
DA:80,0
DA:81,0
DA:85,0
DA:86,0
DA:90,0
DA:91,0
DA:93,0
DA:94,0
DA:99,0
DA:100,0
DA:101,0
DA:103,0
DA:104,0
DA:107,0
DA:108,0
DA:111,0
DA:112,0
DA:118,0
DA:120,0
DA:121,0
DA:126,0
DA:127,0
DA:128,0
DA:129,0
DA:131,0
DA:132,0
DA:137,0
DA:138,0
DA:139,0
DA:141,0
DA:142,0
DA:143,0
DA:145,0
DA:146,0
LF:64
LH:0
BRDA:35,0,0,0
BRDA:43,1,0,0
BRDA:46,2,0,0
BRDA:52,3,0,0
BRDA:62,4,0,0
BRDA:62,4,1,0
BRDA:77,5,0,0
BRDA:77,5,1,0
BRDA:111,6,0,0
BRDA:111,7,0,0
BRDA:111,7,1,0
BRDA:138,8,0,0
BRF:12
BRH:0
end_of_record
TN:
SF:src\config\teams.config.ts
FNF:0
FNH:0
DA:9,0
DA:32,0
LF:2
LH:0
BRDA:34,0,0,0
BRDA:34,0,1,0
BRDA:35,1,0,0
BRDA:35,1,1,0
BRDA:36,2,0,0
BRDA:36,2,1,0
BRDA:39,3,0,0
BRDA:39,3,1,0
BRDA:40,4,0,0
BRDA:40,4,1,0
BRF:10
BRH:0
end_of_record
TN:
SF:src\connectors\godaddy.ts
FN:10,(anonymous_1)
FN:16,(anonymous_2)
FN:23,(anonymous_3)
FN:38,(anonymous_4)
FN:51,(anonymous_5)
FNF:5
FNH:0
FNDA:0,(anonymous_1)
FNDA:0,(anonymous_2)
FNDA:0,(anonymous_3)
FNDA:0,(anonymous_4)
FNDA:0,(anonymous_5)
DA:1,0
DA:5,0
DA:6,0
DA:11,0
DA:12,0
DA:13,0
DA:17,0
DA:24,0
DA:25,0
DA:29,0
DA:34,0
DA:39,0
DA:40,0
DA:45,0
DA:47,0
DA:52,0
DA:53,0
DA:56,0
DA:58,0
LF:19
LH:0
BRF:0
BRH:0
end_of_record
TN:
SF:src\core\api\merchant.ts
FN:4,(anonymous_0)
FN:41,(anonymous_1)
FN:45,(anonymous_2)
FNF:3
FNH:0
FNDA:0,(anonymous_0)
FNDA:0,(anonymous_1)
FNDA:0,(anonymous_2)
DA:3,0
DA:6,0
DA:42,0
DA:46,0
DA:47,0
LF:5
LH:0
BRF:0
BRH:0
end_of_record
TN:
SF:src\core\matching\MatchingAlgorithm.ts
FN:4,(anonymous_0)
FN:5,(anonymous_1)
FN:9,(anonymous_2)
FN:10,(anonymous_3)
FN:14,(anonymous_4)
FN:34,(anonymous_5)
FN:36,(anonymous_6)
FN:37,(anonymous_7)
FN:55,(anonymous_8)
FN:58,(anonymous_9)
FN:63,(anonymous_10)
FN:64,(anonymous_11)
FNF:12
FNH:0
FNDA:0,(anonymous_0)
FNDA:0,(anonymous_1)
FNDA:0,(anonymous_2)
FNDA:0,(anonymous_3)
FNDA:0,(anonymous_4)
FNDA:0,(anonymous_5)
FNDA:0,(anonymous_6)
FNDA:0,(anonymous_7)
FNDA:0,(anonymous_8)
FNDA:0,(anonymous_9)
FNDA:0,(anonymous_10)
FNDA:0,(anonymous_11)
DA:3,0
DA:5,0
DA:6,0
DA:10,0
DA:11,0
DA:18,0
DA:19,0
DA:20,0
DA:21,0
DA:23,0
DA:24,0
DA:26,0
DA:28,0
DA:29,0
DA:31,0
DA:35,0
DA:36,0
DA:38,0
DA:39,0
DA:40,0
DA:47,0
DA:52,0
DA:56,0
DA:59,0
DA:63,0
DA:64,0
LF:26
LH:0
BRDA:26,0,0,0
BRF:1
BRH:0
end_of_record
TN:
SF:src\examples\demandSignalTest.ts
FN:4,testDemandSignalProcessing
FNF:1
FNH:0
FNDA:0,testDemandSignalProcessing
DA:1,0
DA:5,0
DA:8,0
DA:50,0
DA:52,0
DA:53,0
DA:54,0
DA:56,0
DA:57,0
DA:58,0
DA:60,0
DA:63,0
DA:68,0
LF:13
LH:0
BRF:0
BRH:0
end_of_record
TN:
SF:src\examples\intelligenceExample.ts
FN:4,demonstrateIntelligenceSystem
FN:48,(anonymous_1)
FN:52,(anonymous_2)
FNF:3
FNH:0
FNDA:0,demonstrateIntelligenceSystem
FNDA:0,(anonymous_1)
FNDA:0,(anonymous_2)
DA:1,0
DA:5,0
DA:8,0
DA:41,0
DA:44,0
DA:45,0
DA:48,0
DA:49,0
DA:52,0
DA:53,0
DA:57,0
DA:61,0
LF:12
LH:0
BRF:0
BRH:0
end_of_record
TN:
SF:src\integrations\teamsGraphTest.ts
FN:3,testTeamsConnection
FNF:1
FNH:0
FNDA:0,testTeamsConnection
DA:1,0
DA:4,0
DA:5,0
DA:6,0
DA:7,0
DA:10,0
DA:12,0
DA:19,0
DA:20,0
DA:23,0
DA:24,0
DA:25,0
DA:27,0
DA:28,0
DA:32,0
LF:15
LH:0
BRDA:5,0,0,0
BRDA:19,1,0,0
BRF:2
BRH:0
end_of_record
TN:
SF:src\integrations\teamsQuickTest.ts
FN:5,quickTest
FN:29,(anonymous_1)
FNF:2
FNH:0
FNDA:0,quickTest
FNDA:0,(anonymous_1)
DA:1,0
DA:2,0
DA:3,0
DA:6,0
DA:8,0
DA:10,0
DA:14,0
DA:19,0
DA:20,0
DA:22,0
DA:24,0
DA:25,0
DA:29,0
DA:30,0
DA:31,0
DA:33,0
LF:16
LH:0
BRDA:30,0,0,0
BRDA:30,0,1,0
BRF:2
BRH:0
end_of_record
TN:
SF:src\integrations\teamsTest.ts
FN:5,testTeamsConnection
FN:39,(anonymous_1)
FN:48,(anonymous_2)
FNF:3
FNH:0
FNDA:0,testTeamsConnection
FNDA:0,(anonymous_1)
FNDA:0,(anonymous_2)
DA:1,0
DA:2,0
DA:3,0
DA:6,0
DA:8,0
DA:14,0
DA:19,0
DA:24,0
DA:25,0
DA:28,0
DA:29,0
DA:31,0
DA:33,0
DA:34,0
DA:38,0
DA:40,0
DA:41,0
DA:42,0
DA:44,0
DA:45,0
DA:49,0
DA:50,0
LF:22
LH:0
BRDA:40,0,0,0
BRDA:40,0,1,0
BRF:2
BRH:0
end_of_record
TN:
SF:src\logger\logger.ts
FN:4,(anonymous_0)
FN:11,(anonymous_1)
FN:18,(anonymous_2)
FN:22,(anonymous_3)
FN:26,(anonymous_4)
FN:30,(anonymous_5)
FNF:6
FNH:0
FNDA:0,(anonymous_0)
FNDA:0,(anonymous_1)
FNDA:0,(anonymous_2)
FNDA:0,(anonymous_3)
FNDA:0,(anonymous_4)
FNDA:0,(anonymous_5)
DA:1,0
DA:5,0
DA:6,0
DA:8,0
DA:12,0
DA:13,0
DA:15,0
DA:19,0
DA:23,0
DA:27,0
DA:31,0
DA:32,0
LF:12
LH:0
BRDA:5,0,0,0
BRDA:12,1,0,0
BRDA:19,2,0,0
BRDA:19,2,1,0
BRDA:23,3,0,0
BRDA:23,3,1,0
BRDA:27,4,0,0
BRDA:27,4,1,0
BRDA:31,5,0,0
BRDA:32,6,0,0
BRDA:32,6,1,0
BRF:11
BRH:0
end_of_record
TN:
SF:src\scripts\act.ts
FNF:0
FNH:0
DA:1,0
DA:3,0
DA:5,0
DA:11,0
LF:4
LH:0
BRF:0
BRH:0
end_of_record
TN:
SF:src\scripts\analyzeDomainPortfolio.ts
FN:29,analyzeDomainPortfolio
FN:36,(anonymous_1)
FN:41,(anonymous_2)
FN:153,(anonymous_3)
FN:196,(anonymous_4)
FN:201,(anonymous_5)
FN:202,(anonymous_6)
FN:206,(anonymous_7)
FN:208,(anonymous_8)
FNF:9
FNH:0
FNDA:0,analyzeDomainPortfolio
FNDA:0,(anonymous_1)
FNDA:0,(anonymous_2)
FNDA:0,(anonymous_3)
FNDA:0,(anonymous_4)
FNDA:0,(anonymous_5)
FNDA:0,(anonymous_6)
FNDA:0,(anonymous_7)
FNDA:0,(anonymous_8)
DA:1,0
DA:2,0
DA:3,0
DA:4,0
DA:5,0
DA:30,0
DA:31,0
DA:32,0
DA:34,0
DA:35,0
DA:36,0
DA:38,0
DA:40,0
DA:42,0
DA:43,0
DA:45,0
DA:46,0
DA:47,0
DA:60,0
DA:73,0
DA:74,0
DA:78,0
DA:79,0
DA:80,0
DA:81,0
DA:82,0
DA:83,0
DA:88,0
DA:102,0
DA:103,0
DA:104,0
DA:105,0
DA:106,0
DA:107,0
DA:112,0
DA:126,0
DA:127,0
DA:128,0
DA:129,0
DA:130,0
DA:131,0
DA:136,0
DA:153,0
DA:154,0
DA:158,0
DA:159,0
DA:160,0
DA:161,0
DA:162,0
DA:163,0
DA:164,0
DA:165,0
DA:167,0
DA:168,0
DA:172,0
DA:173,0
DA:174,0
DA:175,0
DA:176,0
DA:177,0
DA:178,0
DA:181,0
DA:196,0
DA:199,0
DA:200,0
DA:201,0
DA:203,0
DA:204,0
DA:205,0
DA:206,0
DA:207,0
DA:208,0
DA:209,0
DA:215,0
DA:217,0
DA:218,0
DA:222,0
LF:77
LH:0
BRDA:73,0,0,0
BRDA:73,1,0,0
BRDA:73,1,1,0
BRDA:78,2,0,0
BRDA:78,2,1,0
BRDA:78,3,0,0
BRDA:78,3,1,0
BRDA:78,3,2,0
BRDA:102,4,0,0
BRDA:102,4,1,0
BRDA:102,5,0,0
BRDA:102,5,1,0
BRDA:126,6,0,0
BRDA:126,7,0,0
BRDA:126,7,1,0
BRDA:159,8,0,0
BRDA:159,8,1,0
BRDA:163,9,0,0
BRDA:163,9,1,0
BRDA:173,10,0,0
BRDA:173,10,1,0
BRDA:175,11,0,0
BRDA:175,11,1,0
BRDA:177,12,0,0
BRF:24
BRH:0
end_of_record
TN:
SF:src\scripts\analyzeDomains.ts
FN:5,analyzeDomains
FN:16,(anonymous_1)
FN:19,(anonymous_2)
FN:20,(anonymous_3)
FN:26,(anonymous_4)
FN:32,(anonymous_5)
FN:38,(anonymous_6)
FN:44,(anonymous_7)
FN:54,(anonymous_8)
FNF:9
FNH:0
FNDA:0,analyzeDomains
FNDA:0,(anonymous_1)
FNDA:0,(anonymous_2)
FNDA:0,(anonymous_3)
FNDA:0,(anonymous_4)
FNDA:0,(anonymous_5)
FNDA:0,(anonymous_6)
FNDA:0,(anonymous_7)
FNDA:0,(anonymous_8)
DA:1,0
DA:2,0
DA:3,0
DA:6,0
DA:7,0
DA:9,0
DA:11,0
DA:12,0
DA:14,0
DA:16,0
DA:19,0
DA:20,0
DA:22,0
DA:24,0
DA:25,0
DA:26,0
DA:27,0
DA:28,0
DA:29,0
DA:30,0
DA:31,0
DA:32,0
DA:36,0
DA:37,0
DA:38,0
DA:39,0
DA:40,0
DA:41,0
DA:42,0
DA:43,0
DA:44,0
DA:48,0
DA:49,0
DA:54,0
DA:55,0
DA:56,0
LF:36
LH:0
BRDA:24,0,0,0
BRDA:36,1,0,0
BRF:2
BRH:0
end_of_record
TN:
SF:src\scripts\analyzeMarketOpportunities.ts
FN:15,getDomainMarketValue
FN:53,analyzeMarketOpportunities
FN:56,(anonymous_3)
FN:96,(anonymous_4)
FN:113,(anonymous_5)
FN:114,(anonymous_6)
FN:125,(anonymous_7)
FN:142,(anonymous_8)
FN:143,(anonymous_9)
FN:144,(anonymous_10)
FNF:10
FNH:0
FNDA:0,getDomainMarketValue
FNDA:0,analyzeMarketOpportunities
FNDA:0,(anonymous_3)
FNDA:0,(anonymous_4)
FNDA:0,(anonymous_5)
FNDA:0,(anonymous_6)
FNDA:0,(anonymous_7)
FNDA:0,(anonymous_8)
FNDA:0,(anonymous_9)
FNDA:0,(anonymous_10)
DA:1,0
DA:2,0
DA:3,0
DA:4,0
DA:16,0
DA:18,0
DA:23,0
DA:25,0
DA:27,0
DA:28,0
DA:30,0
DA:33,0
DA:41,0
DA:42,0
DA:46,0
DA:47,0
DA:49,0
DA:54,0
DA:55,0
DA:56,0
DA:58,0
DA:59,0
DA:61,0
DA:63,0
DA:64,0
DA:65,0
DA:66,0
DA:68,0
DA:78,0
DA:79,0
DA:80,0
DA:81,0
DA:82,0
DA:83,0
DA:84,0
DA:85,0
DA:86,0
DA:90,0
DA:96,0
DA:98,0
DA:99,0
DA:101,0
DA:102,0
DA:103,0
DA:104,0
DA:106,0
DA:109,0
DA:113,0
DA:114,0
DA:115,0
DA:116,0
DA:118,0
DA:122,0
DA:123,0
DA:125,0
DA:126,0
DA:128,0
DA:129,0
DA:130,0
DA:131,0
DA:132,0
DA:134,0
DA:135,0
DA:137,0
DA:142,0
DA:143,0
DA:144,0
DA:146,0
DA:147,0
DA:148,0
DA:149,0
DA:150,0
DA:153,0
LF:73
LH:0
BRDA:23,0,0,0
BRDA:23,0,1,0
BRDA:27,1,0,0
BRDA:27,1,1,0
BRDA:41,2,0,0
BRDA:46,3,0,0
BRDA:47,4,0,0
BRDA:78,5,0,0
BRDA:78,5,1,0
BRDA:78,6,0,0
BRDA:78,6,1,0
BRDA:78,6,2,0
BRDA:81,7,0,0
BRDA:81,7,1,0
BRDA:84,8,0,0
BRDA:84,9,0,0
BRDA:84,9,1,0
BRDA:96,10,0,0
BRDA:96,10,1,0
BRDA:99,11,0,0
BRDA:99,11,1,0
BRDA:101,12,0,0
BRDA:101,12,1,0
BRDA:102,13,0,0
BRDA:102,13,1,0
BRDA:103,14,0,0
BRDA:103,14,1,0
BRDA:104,15,0,0
BRDA:104,15,1,0
BRDA:106,16,0,0
BRDA:106,16,1,0
BRDA:115,17,0,0
BRDA:126,18,0,0
BRDA:131,19,0,0
BRDA:134,20,0,0
BRF:35
BRH:0
end_of_record
TN:
SF:src\scripts\checkAffiliates.ts
FN:21,checkHighValueAffiliates
FN:29,(anonymous_2)
FNF:2
FNH:0
FNDA:0,checkHighValueAffiliates
FNDA:0,(anonymous_2)
DA:1,0
DA:2,0
DA:3,0
DA:5,0
DA:22,0
DA:23,0
DA:25,0
DA:26,0
DA:28,0
DA:29,0
DA:30,0
DA:31,0
DA:32,0
DA:33,0
DA:34,0
DA:35,0
DA:36,0
DA:40,0
LF:18
LH:0
BRDA:22,0,0,0
BRDA:22,0,1,0
BRF:2
BRH:0
end_of_record
TN:
SF:src\scripts\checkCommissions.ts
FN:3,checkCommissions
FN:15,(anonymous_1)
FN:31,(anonymous_2)
FNF:3
FNH:0
FNDA:0,checkCommissions
FNDA:0,(anonymous_1)
FNDA:0,(anonymous_2)
DA:1,0
DA:4,0
DA:6,0
DA:8,0
DA:10,0
DA:12,0
DA:13,0
DA:15,0
DA:16,0
DA:24,0
DA:26,0
DA:28,0
DA:29,0
DA:31,0
DA:32,0
DA:41,0
LF:16
LH:0
BRF:0
BRH:0
end_of_record
TN:
SF:src\scripts\createValue.ts
FN:3,createValue
FNF:1
FNH:0
FNDA:0,createValue
DA:1,0
DA:4,0
DA:7,0
DA:15,0
DA:24,0
DA:27,0
LF:6
LH:0
BRF:0
BRH:0
end_of_record
TN:
SF:src\scripts\deployAlerion.ts
FN:5,deployAlerion
FN:23,(anonymous_1)
FN:29,(anonymous_2)
FNF:3
FNH:0
FNDA:0,deployAlerion
FNDA:0,(anonymous_1)
FNDA:0,(anonymous_2)
DA:1,0
DA:2,0
DA:3,0
DA:6,0
DA:7,0
DA:8,0
DA:10,0
DA:11,0
DA:12,0
DA:14,0
DA:15,0
DA:16,0
DA:17,0
DA:19,0
DA:21,0
DA:22,0
DA:23,0
DA:24,0
DA:27,0
DA:28,0
DA:29,0
DA:30,0
DA:33,0
DA:37,0
LF:24
LH:0
BRF:0
BRH:0
end_of_record
TN:
SF:src\scripts\deployLandingPages.ts
FN:7,setupDomainSales
FNF:1
FNH:0
FNDA:0,setupDomainSales
DA:1,0
DA:2,0
DA:3,0
DA:4,0
DA:5,0
DA:8,0
DA:10,0
DA:12,0
DA:13,0
DA:14,0
DA:17,0
DA:18,0
DA:19,0
DA:22,0
DA:25,0
DA:58,0
DA:59,0
DA:61,0
DA:62,0
DA:63,0
DA:64,0
DA:67,0
DA:68,0
DA:72,0
DA:74,0
DA:78,0
DA:79,0
DA:80,0
DA:81,0
DA:83,0
DA:84,0
DA:88,0
LF:32
LH:0
BRDA:18,0,0,0
BRDA:62,1,0,0
BRDA:74,2,0,0
BRDA:74,2,1,0
BRF:4
BRH:0
end_of_record
TN:
SF:src\scripts\generateCommissions.ts
FN:3,generateCommissions
FNF:1
FNH:0
FNDA:0,generateCommissions
DA:1,0
DA:4,0
DA:6,0
DA:9,0
DA:10,0
DA:13,0
DA:14,0
DA:17,0
LF:8
LH:0
BRF:0
BRH:0
end_of_record
TN:
SF:src\scripts\listDomains.ts
FN:4,listDomains
FN:29,(anonymous_2)
FNF:2
FNH:0
FNDA:0,listDomains
FNDA:0,(anonymous_2)
DA:1,0
DA:2,0
DA:5,0
DA:6,0
DA:8,0
DA:9,0
DA:10,0
DA:13,0
DA:21,0
DA:22,0
DA:23,0
DA:24,0
DA:26,0
DA:27,0
DA:29,0
DA:30,0
DA:31,0
DA:32,0
DA:33,0
DA:36,0
DA:38,0
DA:39,0
DA:40,0
DA:42,0
DA:47,0
LF:25
LH:0
BRDA:8,0,0,0
BRDA:8,1,0,0
BRDA:8,1,1,0
BRDA:39,2,0,0
BRDA:39,3,0,0
BRDA:39,3,1,0
BRF:6
BRH:0
end_of_record
TN:
SF:src\scripts\resonanceSync.ts
FN:6,syncResonance
FN:22,(anonymous_1)
FN:43,(anonymous_2)
FN:48,(anonymous_3)
FN:49,(anonymous_4)
FNF:5
FNH:0
FNDA:0,syncResonance
FNDA:0,(anonymous_1)
FNDA:0,(anonymous_2)
FNDA:0,(anonymous_3)
FNDA:0,(anonymous_4)
DA:1,0
DA:2,0
DA:3,0
DA:4,0
DA:7,0
DA:8,0
DA:9,0
DA:11,0
DA:12,0
DA:14,0
DA:19,0
DA:22,0
DA:23,0
DA:24,0
DA:26,0
DA:39,0
DA:41,0
DA:43,0
DA:47,0
DA:48,0
DA:50,0
DA:53,0
DA:58,0
LF:23
LH:0
BRDA:32,0,0,0
BRDA:32,0,1,0
BRF:2
BRH:0
end_of_record
TN:
SF:src\scripts\setupAffiliates.ts
FN:13,getAutoApprovePrograms
FN:40,main
FN:48,(anonymous_2)
FNF:3
FNH:0
FNDA:0,getAutoApprovePrograms
FNDA:0,main
FNDA:0,(anonymous_2)
DA:1,0
DA:3,0
DA:15,0
DA:41,0
DA:42,0
DA:43,0
DA:45,0
DA:47,0
DA:48,0
DA:49,0
DA:50,0
DA:51,0
DA:52,0
DA:55,0
DA:56,0
DA:59,0
DA:60,0
DA:62,0
DA:66,0
LF:19
LH:0
BRF:0
BRH:0
end_of_record
TN:
SF:src\scripts\setupRevenueStreams.ts
FN:7,setupDomainSales
FN:73,setupAffiliateLinks
FN:101,main
FNF:3
FNH:0
FNDA:0,setupDomainSales
FNDA:0,setupAffiliateLinks
FNDA:0,main
DA:1,0
DA:2,0
DA:3,0
DA:4,0
DA:8,0
DA:9,0
DA:11,0
DA:12,0
DA:15,0
DA:54,0
DA:56,0
DA:57,0
DA:58,0
DA:60,0
DA:65,0
DA:67,0
DA:74,0
DA:75,0
DA:77,0
DA:80,0
DA:82,0
DA:83,0
DA:84,0
DA:86,0
DA:87,0
DA:88,0
DA:89,0
DA:90,0
DA:92,0
DA:96,0
DA:97,0
DA:98,0
DA:102,0
DA:104,0
DA:107,0
DA:109,0
DA:110,0
DA:111,0
DA:112,0
DA:114,0
DA:118,0
LF:41
LH:0
BRDA:57,0,0,0
BRF:1
BRH:0
end_of_record
TN:
SF:src\scripts\storeCredentials.ts
FN:3,storeInitialCredentials
FNF:1
FNH:0
FNDA:0,storeInitialCredentials
DA:1,0
DA:4,0
DA:6,0
DA:12,0
DA:15,0
LF:5
LH:0
BRF:0
BRH:0
end_of_record
TN:
SF:src\server\dashboardServer.ts
FN:12,(anonymous_1)
FN:17,(anonymous_2)
FNF:2
FNH:0
FNDA:0,(anonymous_1)
FNDA:0,(anonymous_2)
DA:1,0
DA:2,0
DA:3,0
DA:5,0
DA:6,0
DA:9,0
DA:12,0
DA:13,0
DA:14,0
DA:17,0
DA:18,0
LF:11
LH:0
BRF:0
BRH:0
end_of_record
TN:
SF:src\services\config.ts
FN:4,(anonymous_0)
FN:21,(anonymous_1)
FN:25,(anonymous_2)
FN:29,(anonymous_3)
FNF:4
FNH:0
FNDA:0,(anonymous_0)
FNDA:0,(anonymous_1)
FNDA:0,(anonymous_2)
FNDA:0,(anonymous_3)
DA:1,0
DA:5,0
DA:22,0
DA:26,0
DA:30,0
LF:5
LH:0
BRF:0
BRH:0
end_of_record
TN:
SF:src\services\dataContractManager.ts
FN:16,(anonymous_0)
FN:28,(anonymous_1)
FN:53,(anonymous_2)
FN:80,(anonymous_3)
FN:91,(anonymous_4)
FN:100,(anonymous_5)
FN:117,(anonymous_6)
FN:124,(anonymous_7)
FN:135,(anonymous_8)
FN:140,(anonymous_9)
FNF:10
FNH:0
FNDA:0,(anonymous_0)
FNDA:0,(anonymous_1)
FNDA:0,(anonymous_2)
FNDA:0,(anonymous_3)
FNDA:0,(anonymous_4)
FNDA:0,(anonymous_5)
FNDA:0,(anonymous_6)
FNDA:0,(anonymous_7)
FNDA:0,(anonymous_8)
FNDA:0,(anonymous_9)
DA:1,0
DA:16,0
DA:17,0
DA:30,0
DA:33,0
DA:36,0
DA:45,0
DA:46,0
DA:47,0
DA:48,0
DA:50,0
DA:58,0
DA:60,0
DA:61,0
DA:62,0
DA:66,0
DA:67,0
DA:68,0
DA:69,0
DA:73,0
DA:74,0
DA:75,0
DA:79,0
DA:80,0
DA:83,0
DA:84,0
DA:85,0
DA:88,0
DA:92,0
DA:94,0
DA:95,0
DA:96,0
DA:102,0
DA:103,0
DA:107,0
DA:108,0
DA:112,0
DA:113,0
DA:117,0
DA:118,0
DA:119,0
DA:125,0
DA:132,0
DA:136,0
DA:137,0
DA:141,0
DA:142,0
LF:47
LH:0
BRDA:60,0,0,0
BRDA:60,1,0,0
BRDA:60,1,1,0
BRDA:66,2,0,0
BRDA:73,3,0,0
BRDA:83,4,0,0
BRDA:94,5,0,0
BRDA:102,6,0,0
BRDA:102,7,0,0
BRDA:102,7,1,0
BRDA:107,8,0,0
BRDA:112,9,0,0
BRDA:112,10,0,0
BRDA:112,10,1,0
BRDA:118,11,0,0
BRDA:137,12,0,0
BRDA:137,12,1,0
BRDA:142,13,0,0
BRDA:142,13,1,0
BRF:19
BRH:0
end_of_record
TN:
SF:src\services\domainEcosystem.ts
FN:13,(anonymous_0)
FN:25,(anonymous_1)
FN:31,(anonymous_2)
FN:39,(anonymous_3)
FN:47,(anonymous_4)
FNF:5
FNH:0
FNDA:0,(anonymous_0)
FNDA:0,(anonymous_1)
FNDA:0,(anonymous_2)
FNDA:0,(anonymous_3)
FNDA:0,(anonymous_4)
DA:7,0
DA:19,0
DA:20,0
DA:21,0
DA:22,0
DA:26,0
DA:27,0
DA:28,0
DA:29,0
DA:31,0
DA:33,0
DA:35,0
DA:40,0
DA:41,0
DA:43,0
DA:48,0
DA:49,0
DA:50,0
DA:51,0
DA:54,0
DA:55,0
DA:56,0
DA:57,0
DA:67,0
DA:72,0
DA:74,0
LF:26
LH:0
BRDA:31,0,0,0
BRDA:31,0,1,0
BRDA:50,1,0,0
BRDA:55,2,0,0
BRF:4
BRH:0
end_of_record
TN:
SF:src\services\metricsCollector.ts
FN:13,(anonymous_0)
FN:15,(anonymous_1)
FN:18,(anonymous_2)
FN:25,(anonymous_3)
FN:43,(anonymous_4)
FN:59,(anonymous_5)
FN:70,(anonymous_6)
FN:83,(anonymous_7)
FN:85,(anonymous_8)
FN:90,(anonymous_9)
FN:100,(anonymous_10)
FN:104,(anonymous_11)
FN:120,(anonymous_12)
FN:121,(anonymous_13)
FN:123,(anonymous_14)
FN:126,(anonymous_15)
FN:127,(anonymous_16)
FN:131,(anonymous_17)
FN:143,(anonymous_18)
FN:145,(anonymous_19)
FN:146,(anonymous_20)
FN:149,(anonymous_21)
FN:151,(anonymous_22)
FN:152,(anonymous_23)
FN:155,(anonymous_24)
FN:157,(anonymous_25)
FN:159,(anonymous_26)
FN:167,(anonymous_27)
FN:168,(anonymous_28)
FN:172,(anonymous_29)
FN:178,(anonymous_30)
FN:179,(anonymous_31)
FN:183,(anonymous_32)
FN:187,(anonymous_33)
FN:203,(anonymous_34)
FN:204,(anonymous_35)
FNF:36
FNH:0
FNDA:0,(anonymous_0)
FNDA:0,(anonymous_1)
FNDA:0,(anonymous_2)
FNDA:0,(anonymous_3)
FNDA:0,(anonymous_4)
FNDA:0,(anonymous_5)
FNDA:0,(anonymous_6)
FNDA:0,(anonymous_7)
FNDA:0,(anonymous_8)
FNDA:0,(anonymous_9)
FNDA:0,(anonymous_10)
FNDA:0,(anonymous_11)
FNDA:0,(anonymous_12)
FNDA:0,(anonymous_13)
FNDA:0,(anonymous_14)
FNDA:0,(anonymous_15)
FNDA:0,(anonymous_16)
FNDA:0,(anonymous_17)
FNDA:0,(anonymous_18)
FNDA:0,(anonymous_19)
FNDA:0,(anonymous_20)
FNDA:0,(anonymous_21)
FNDA:0,(anonymous_22)
FNDA:0,(anonymous_23)
FNDA:0,(anonymous_24)
FNDA:0,(anonymous_25)
FNDA:0,(anonymous_26)
FNDA:0,(anonymous_27)
FNDA:0,(anonymous_28)
FNDA:0,(anonymous_29)
FNDA:0,(anonymous_30)
FNDA:0,(anonymous_31)
FNDA:0,(anonymous_32)
FNDA:0,(anonymous_33)
FNDA:0,(anonymous_34)
FNDA:0,(anonymous_35)
DA:9,0
DA:10,0
DA:15,0
DA:19,0
DA:20,0
DA:22,0
DA:31,0
DA:48,0
DA:60,0
DA:71,0
DA:84,0
DA:85,0
DA:88,0
DA:90,0
DA:100,0
DA:104,0
DA:114,0
DA:117,0
DA:121,0
DA:122,0
DA:123,0
DA:127,0
DA:128,0
DA:130,0
DA:132,0
DA:133,0
DA:144,0
DA:145,0
DA:146,0
DA:150,0
DA:151,0
DA:152,0
DA:156,0
DA:157,0
DA:160,0
DA:161,0
DA:168,0
DA:169,0
DA:171,0
DA:172,0
DA:175,0
DA:179,0
DA:180,0
DA:182,0
DA:183,0
DA:189,0
DA:190,0
DA:193,0
DA:194,0
DA:197,0
DA:198,0
DA:204,0
DA:206,0
LF:53
LH:0
BRDA:19,0,0,0
BRDA:122,1,0,0
BRDA:128,2,0,0
BRDA:137,3,0,0
BRDA:137,3,1,0
BRDA:145,4,0,0
BRDA:145,4,1,0
BRDA:160,5,0,0
BRDA:160,5,1,0
BRDA:169,6,0,0
BRDA:180,7,0,0
BRDA:189,8,0,0
BRDA:193,9,0,0
BRDA:197,10,0,0
BRDA:203,11,0,0
BRF:15
BRH:0
end_of_record
TN:
SF:src\services\passiveEngagementAnalyzer.ts
FN:35,(anonymous_0)
FN:56,(anonymous_1)
FN:76,(anonymous_2)
FN:77,(anonymous_3)
FN:101,(anonymous_4)
FN:111,(anonymous_5)
FN:124,(anonymous_6)
FN:143,(anonymous_7)
FN:149,(anonymous_8)
FN:150,(anonymous_9)
FN:158,(anonymous_10)
FN:159,(anonymous_11)
FN:163,(anonymous_12)
FN:165,(anonymous_13)
FN:166,(anonymous_14)
FN:167,(anonymous_15)
FN:174,(anonymous_16)
FN:187,(anonymous_17)
FN:193,(anonymous_18)
FN:206,(anonymous_19)
FN:220,(anonymous_20)
FN:227,(anonymous_21)
FN:238,(anonymous_22)
FN:243,(anonymous_23)
FN:256,(anonymous_24)
FN:259,(anonymous_25)
FN:260,(anonymous_26)
FN:270,(anonymous_27)
FN:273,(anonymous_28)
FN:275,(anonymous_29)
FN:285,(anonymous_30)
FN:312,(anonymous_31)
FN:329,(anonymous_32)
FNF:33
FNH:0
FNDA:0,(anonymous_0)
FNDA:0,(anonymous_1)
FNDA:0,(anonymous_2)
FNDA:0,(anonymous_3)
FNDA:0,(anonymous_4)
FNDA:0,(anonymous_5)
FNDA:0,(anonymous_6)
FNDA:0,(anonymous_7)
FNDA:0,(anonymous_8)
FNDA:0,(anonymous_9)
FNDA:0,(anonymous_10)
FNDA:0,(anonymous_11)
FNDA:0,(anonymous_12)
FNDA:0,(anonymous_13)
FNDA:0,(anonymous_14)
FNDA:0,(anonymous_15)
FNDA:0,(anonymous_16)
FNDA:0,(anonymous_17)
FNDA:0,(anonymous_18)
FNDA:0,(anonymous_19)
FNDA:0,(anonymous_20)
FNDA:0,(anonymous_21)
FNDA:0,(anonymous_22)
FNDA:0,(anonymous_23)
FNDA:0,(anonymous_24)
FNDA:0,(anonymous_25)
FNDA:0,(anonymous_26)
FNDA:0,(anonymous_27)
FNDA:0,(anonymous_28)
FNDA:0,(anonymous_29)
FNDA:0,(anonymous_30)
FNDA:0,(anonymous_31)
FNDA:0,(anonymous_32)
DA:2,0
DA:35,0
DA:36,0
DA:44,0
DA:52,0
DA:53,0
DA:54,0
DA:57,0
DA:73,0
DA:76,0
DA:77,0
DA:78,0
DA:79,0
DA:80,0
DA:85,0
DA:92,0
DA:98,0
DA:102,0
DA:103,0
DA:111,0
DA:113,0
DA:116,0
DA:118,0
DA:121,0
DA:125,0
DA:128,0
DA:129,0
DA:133,0
DA:134,0
DA:138,0
DA:140,0
DA:146,0
DA:150,0
DA:151,0
DA:152,0
DA:154,0
DA:159,0
DA:160,0
DA:165,0
DA:166,0
DA:167,0
DA:171,0
DA:179,0
DA:190,0
DA:195,0
DA:203,0
DA:207,0
DA:208,0
DA:211,0
DA:212,0
DA:213,0
DA:216,0
DA:221,0
DA:222,0
DA:224,0
DA:228,0
DA:239,0
DA:240,0
DA:244,0
DA:245,0
DA:247,0
DA:253,0
DA:257,0
DA:259,0
DA:260,0
DA:261,0
DA:262,0
DA:263,0
DA:267,0
DA:271,0
DA:273,0
DA:274,0
DA:275,0
DA:276,0
DA:277,0
DA:282,0
DA:289,0
DA:290,0
DA:292,0
DA:293,0
DA:294,0
DA:296,0
DA:297,0
DA:300,0
DA:301,0
DA:303,0
DA:306,0
DA:313,0
DA:315,0
DA:323,0
DA:324,0
DA:325,0
DA:333,0
DA:334,0
DA:336,0
LF:95
LH:0
BRDA:78,0,0,0
BRDA:78,0,1,0
BRDA:113,1,0,0
BRDA:113,1,1,0
BRDA:128,2,0,0
BRDA:133,3,0,0
BRDA:151,4,0,0
BRDA:151,5,0,0
BRDA:151,5,1,0
BRDA:195,6,0,0
BRDA:195,6,1,0
BRDA:208,7,0,0
BRDA:208,7,1,0
BRDA:211,8,0,0
BRDA:221,9,0,0
BRDA:221,10,0,0
BRDA:221,10,1,0
BRDA:239,11,0,0
BRDA:239,11,1,0
BRDA:244,12,0,0
BRDA:244,12,1,0
BRDA:245,13,0,0
BRDA:261,14,0,0
BRDA:261,14,1,0
BRDA:274,15,0,0
BRDA:274,16,0,0
BRDA:274,16,1,0
BRDA:276,17,0,0
BRDA:276,17,1,0
BRDA:277,18,0,0
BRDA:277,18,1,0
BRDA:296,19,0,0
BRDA:301,20,0,0
BRDA:301,20,1,0
BRDA:313,21,0,0
BRDA:313,21,1,0
BRDA:323,22,0,0
BRDA:333,23,0,0
BRDA:333,23,1,0
BRF:39
BRH:0
end_of_record
TN:
SF:src\services\rateLimiter.ts
FN:18,(anonymous_0)
FN:42,(anonymous_1)
FN:84,(anonymous_2)
FN:108,(anonymous_3)
FN:119,(anonymous_4)
FN:123,(anonymous_5)
FN:129,(anonymous_6)
FNF:7
FNH:0
FNDA:0,(anonymous_0)
FNDA:0,(anonymous_1)
FNDA:0,(anonymous_2)
FNDA:0,(anonymous_3)
FNDA:0,(anonymous_4)
FNDA:0,(anonymous_5)
FNDA:0,(anonymous_6)
DA:14,0
DA:15,0
DA:16,0
DA:20,0
DA:27,0
DA:34,0
DA:43,0
DA:44,0
DA:46,0
DA:47,0
DA:50,0
DA:51,0
DA:54,0
DA:55,0
DA:60,0
DA:64,0
DA:66,0
DA:67,0
DA:71,0
DA:72,0
DA:75,0
DA:76,0
DA:78,0
DA:79,0
DA:81,0
DA:85,0
DA:86,0
DA:88,0
DA:89,0
DA:92,0
DA:93,0
DA:95,0
DA:96,0
DA:103,0
DA:104,0
DA:105,0
DA:109,0
DA:110,0
DA:112,0
DA:113,0
DA:114,0
DA:116,0
DA:120,0
DA:124,0
DA:125,0
DA:136,0
DA:137,0
DA:138,0
DA:140,0
DA:142,0
LF:50
LH:0
BRDA:46,0,0,0
BRDA:54,1,0,0
BRDA:64,2,0,0
BRDA:71,3,0,0
BRDA:72,4,0,0
BRDA:78,5,0,0
BRDA:79,6,0,0
BRDA:88,7,0,0
BRDA:95,8,0,0
BRDA:110,9,0,0
BRDA:113,10,0,0
BRDA:140,11,0,0
BRDA:140,12,0,0
BRDA:140,12,1,0
BRF:14
BRH:0
end_of_record
TN:
SF:src\services\siblingBond.ts
FN:13,(anonymous_0)
FN:15,(anonymous_1)
FN:22,(anonymous_2)
FN:36,(anonymous_3)
FN:45,(anonymous_4)
FNF:5
FNH:0
FNDA:0,(anonymous_0)
FNDA:0,(anonymous_1)
FNDA:0,(anonymous_2)
FNDA:0,(anonymous_3)
FNDA:0,(anonymous_4)
DA:1,0
DA:9,0
DA:11,0
DA:16,0
DA:17,0
DA:19,0
DA:23,0
DA:24,0
DA:29,0
DA:31,0
DA:32,0
DA:37,0
DA:38,0
DA:40,0
DA:41,0
DA:46,0
DA:47,0
DA:48,0
DA:49,0
DA:50,0
DA:53,0
DA:58,0
DA:60,0
DA:61,0
LF:24
LH:0
BRDA:16,0,0,0
BRDA:22,1,0,0
BRDA:48,2,0,0
BRF:3
BRH:0
end_of_record
TN:
SF:src\services\symbiosis.ts
FN:14,(anonymous_0)
FN:18,(anonymous_1)
FN:25,(anonymous_2)
FN:45,(anonymous_3)
FN:54,(anonymous_4)
FNF:5
FNH:0
FNDA:0,(anonymous_0)
FNDA:0,(anonymous_1)
FNDA:0,(anonymous_2)
FNDA:0,(anonymous_3)
FNDA:0,(anonymous_4)
DA:1,0
DA:2,0
DA:9,0
DA:12,0
DA:15,0
DA:19,0
DA:20,0
DA:22,0
DA:26,0
DA:27,0
DA:28,0
DA:30,0
DA:31,0
DA:38,0
DA:40,0
DA:41,0
DA:46,0
DA:47,0
DA:49,0
DA:50,0
DA:55,0
DA:56,0
DA:57,0
DA:58,0
DA:59,0
DA:62,0
DA:69,0
DA:70,0
DA:72,0
DA:74,0
DA:75,0
LF:31
LH:0
BRDA:19,0,0,0
BRDA:25,1,0,0
BRDA:30,2,0,0
BRDA:57,3,0,0
BRF:4
BRH:0
end_of_record
TN:
SF:src\services\unifiedIntelligence.ts
FN:23,(anonymous_0)
FN:42,(anonymous_1)
FN:63,(anonymous_2)
FN:72,(anonymous_3)
FN:85,(anonymous_4)
FN:94,(anonymous_5)
FN:106,(anonymous_6)
FN:116,(anonymous_7)
FN:127,(anonymous_8)
FN:146,(anonymous_9)
FN:171,(anonymous_10)
FN:190,(anonymous_11)
FN:212,(anonymous_12)
FN:223,(anonymous_13)
FN:229,(anonymous_14)
FN:241,(anonymous_15)
FN:254,(anonymous_16)
FNF:17
FNH:0
FNDA:0,(anonymous_0)
FNDA:0,(anonymous_1)
FNDA:0,(anonymous_2)
FNDA:0,(anonymous_3)
FNDA:0,(anonymous_4)
FNDA:0,(anonymous_5)
FNDA:0,(anonymous_6)
FNDA:0,(anonymous_7)
FNDA:0,(anonymous_8)
FNDA:0,(anonymous_9)
FNDA:0,(anonymous_10)
FNDA:0,(anonymous_11)
FNDA:0,(anonymous_12)
FNDA:0,(anonymous_13)
FNDA:0,(anonymous_14)
FNDA:0,(anonymous_15)
FNDA:0,(anonymous_16)
DA:5,0
DA:13,0
DA:24,0
DA:25,0
DA:26,0
DA:28,0
DA:29,0
DA:43,0
DA:44,0
DA:45,0
DA:47,0
DA:54,0
DA:55,0
DA:64,0
DA:73,0
DA:89,0
DA:90,0
DA:91,0
DA:93,0
DA:94,0
DA:96,0
DA:97,0
DA:109,0
DA:110,0
DA:117,0
DA:119,0
DA:131,0
DA:156,0
DA:172,0
DA:174,0
DA:175,0
DA:176,0
DA:178,0
DA:179,0
DA:181,0
DA:191,0
DA:193,0
DA:194,0
DA:196,0
DA:198,0
DA:199,0
DA:200,0
DA:201,0
DA:203,0
DA:216,0
DA:220,0
DA:224,0
DA:225,0
DA:226,0
DA:230,0
DA:231,0
DA:232,0
DA:242,0
DA:243,0
DA:245,0
DA:246,0
DA:255,0
DA:256,0
DA:259,0
DA:260,0
DA:261,0
DA:264,0
LF:62
LH:0
BRDA:90,0,0,0
BRDA:172,1,0,0
BRDA:175,2,0,0
BRDA:175,2,1,0
BRDA:178,3,0,0
BRDA:178,3,1,0
BRDA:179,4,0,0
BRDA:179,4,1,0
BRDA:191,5,0,0
BRDA:194,6,0,0
BRDA:194,7,0,0
BRDA:196,8,0,0
BRDA:196,9,0,0
BRDA:196,9,1,0
BRDA:224,10,0,0
BRDA:224,10,1,0
BRDA:225,11,0,0
BRDA:225,11,1,0
BRDA:226,12,0,0
BRDA:226,12,1,0
BRDA:226,13,0,0
BRDA:226,13,1,0
BRDA:230,14,0,0
BRDA:230,14,1,0
BRDA:231,15,0,0
BRDA:231,15,1,0
BRDA:232,16,0,0
BRDA:232,16,1,0
BRDA:232,17,0,0
BRDA:232,17,1,0
BRDA:243,18,0,0
BRDA:245,19,0,0
BRDA:245,19,1,0
BRDA:246,20,0,0
BRDA:246,20,1,0
BRDA:255,21,0,0
BRDA:260,22,0,0
BRDA:260,23,0,0
BRDA:260,23,1,0
BRDA:260,23,2,0
BRF:40
BRH:0
end_of_record
TN:
SF:src\services\affiliate\awinClient.ts
FN:8,(anonymous_1)
FN:13,(anonymous_2)
FN:26,(anonymous_3)
FN:38,(anonymous_4)
FN:49,(anonymous_5)
FNF:5
FNH:0
FNDA:0,(anonymous_1)
FNDA:0,(anonymous_2)
FNDA:0,(anonymous_3)
FNDA:0,(anonymous_4)
FNDA:0,(anonymous_5)
DA:1,0
DA:3,0
DA:4,0
DA:9,0
DA:10,0
DA:14,0
DA:26,0
DA:28,0
DA:32,0
DA:34,0
DA:39,0
LF:11
LH:0
BRDA:10,0,0,0
BRDA:10,0,1,0
BRDA:28,1,0,0
BRDA:28,1,1,0
BRDA:28,1,2,0
BRDA:34,2,0,0
BRDA:34,2,1,0
BRF:7
BRH:0
end_of_record
TN:
SF:src\services\affiliate\awinService.ts
FN:30,(anonymous_0)
FN:37,(anonymous_1)
FN:97,(anonymous_2)
FNF:3
FNH:0
FNDA:0,(anonymous_0)
FNDA:0,(anonymous_1)
FNDA:0,(anonymous_2)
DA:29,0
DA:31,0
DA:32,0
DA:33,0
DA:34,0
DA:39,0
DA:99,0
LF:7
LH:0
BRF:0
BRH:0
end_of_record
TN:
SF:src\services\ai\geminiService.ts
FN:25,(anonymous_1)
FN:33,(anonymous_2)
FN:40,(anonymous_3)
FN:69,(anonymous_4)
FN:80,(anonymous_5)
FN:91,(anonymous_6)
FNF:6
FNH:0
FNDA:0,(anonymous_1)
FNDA:0,(anonymous_2)
FNDA:0,(anonymous_3)
FNDA:0,(anonymous_4)
FNDA:0,(anonymous_5)
FNDA:0,(anonymous_6)
DA:1,0
DA:2,0
DA:21,0
DA:26,0
DA:34,0
DA:35,0
DA:37,0
DA:41,0
DA:42,0
DA:58,0
DA:59,0
DA:62,0
DA:64,0
DA:65,0
DA:70,0
DA:77,0
DA:81,0
DA:88,0
DA:92,0
DA:100,0
LF:20
LH:0
BRDA:34,0,0,0
BRDA:58,1,0,0
BRDA:58,2,0,0
BRDA:58,2,1,0
BRF:4
BRH:0
end_of_record
TN:
SF:src\services\analysis\influenceAnalyzer.ts
FN:28,(anonymous_0)
FN:30,(anonymous_1)
FN:37,(anonymous_2)
FN:63,(anonymous_3)
FN:77,(anonymous_4)
FN:91,(anonymous_5)
FN:105,(anonymous_6)
FN:118,(anonymous_7)
FN:131,(anonymous_8)
FN:146,(anonymous_9)
FN:180,(anonymous_10)
FN:186,(anonymous_11)
FN:192,(anonymous_12)
FNF:13
FNH:0
FNDA:0,(anonymous_0)
FNDA:0,(anonymous_1)
FNDA:0,(anonymous_2)
FNDA:0,(anonymous_3)
FNDA:0,(anonymous_4)
FNDA:0,(anonymous_5)
FNDA:0,(anonymous_6)
FNDA:0,(anonymous_7)
FNDA:0,(anonymous_8)
FNDA:0,(anonymous_9)
FNDA:0,(anonymous_10)
FNDA:0,(anonymous_11)
FNDA:0,(anonymous_12)
DA:2,0
DA:25,0
DA:31,0
DA:32,0
DA:34,0
DA:38,0
DA:40,0
DA:41,0
DA:42,0
DA:45,0
DA:46,0
DA:47,0
DA:49,0
DA:58,0
DA:59,0
DA:70,0
DA:84,0
DA:98,0
DA:111,0
DA:124,0
DA:138,0
DA:143,0
DA:154,0
DA:155,0
DA:162,0
DA:166,0
DA:168,0
DA:169,0
DA:183,0
DA:189,0
DA:195,0
LF:31
LH:0
BRDA:31,0,0,0
BRDA:162,1,0,0
BRDA:162,1,1,0
BRDA:162,1,2,0
BRDA:189,2,0,0
BRDA:189,2,1,0
BRF:6
BRH:0
end_of_record
TN:
SF:src\services\analysis\realtimeAnalyzer.ts
FN:8,(anonymous_0)
FN:13,(anonymous_1)
FN:23,(anonymous_2)
FN:40,(anonymous_3)
FN:58,(anonymous_4)
FNF:5
FNH:0
FNDA:0,(anonymous_0)
FNDA:0,(anonymous_1)
FNDA:0,(anonymous_2)
FNDA:0,(anonymous_3)
FNDA:0,(anonymous_4)
DA:3,0
DA:5,0
DA:6,0
DA:9,0
DA:10,0
DA:15,0
DA:25,0
DA:26,0
DA:28,0
DA:41,0
DA:42,0
DA:45,0
DA:46,0
DA:47,0
DA:55,0
DA:59,0
LF:16
LH:0
BRF:0
BRH:0
end_of_record
TN:
SF:src\services\analysis\adapters\marketTrendAdapter.ts
FN:28,(anonymous_0)
FN:33,(anonymous_1)
FN:40,(anonymous_2)
FN:42,(anonymous_3)
FN:47,(anonymous_4)
FN:62,(anonymous_5)
FN:71,(anonymous_6)
FN:79,(anonymous_7)
FN:86,(anonymous_8)
FN:95,(anonymous_9)
FN:114,(anonymous_10)
FN:115,(anonymous_11)
FN:116,(anonymous_12)
FN:119,(anonymous_13)
FN:120,(anonymous_14)
FN:124,(anonymous_15)
FN:137,(anonymous_16)
FN:138,(anonymous_17)
FN:146,(anonymous_18)
FN:149,(anonymous_19)
FN:152,(anonymous_20)
FN:153,(anonymous_21)
FN:160,(anonymous_22)
FN:162,(anonymous_23)
FN:165,(anonymous_24)
FN:170,(anonymous_25)
FN:174,(anonymous_26)
FNF:27
FNH:0
FNDA:0,(anonymous_0)
FNDA:0,(anonymous_1)
FNDA:0,(anonymous_2)
FNDA:0,(anonymous_3)
FNDA:0,(anonymous_4)
FNDA:0,(anonymous_5)
FNDA:0,(anonymous_6)
FNDA:0,(anonymous_7)
FNDA:0,(anonymous_8)
FNDA:0,(anonymous_9)
FNDA:0,(anonymous_10)
FNDA:0,(anonymous_11)
FNDA:0,(anonymous_12)
FNDA:0,(anonymous_13)
FNDA:0,(anonymous_14)
FNDA:0,(anonymous_15)
FNDA:0,(anonymous_16)
FNDA:0,(anonymous_17)
FNDA:0,(anonymous_18)
FNDA:0,(anonymous_19)
FNDA:0,(anonymous_20)
FNDA:0,(anonymous_21)
FNDA:0,(anonymous_22)
FNDA:0,(anonymous_23)
FNDA:0,(anonymous_24)
FNDA:0,(anonymous_25)
FNDA:0,(anonymous_26)
DA:1,0
DA:23,0
DA:25,0
DA:26,0
DA:29,0
DA:30,0
DA:34,0
DA:35,0
DA:37,0
DA:42,0
DA:43,0
DA:48,0
DA:49,0
DA:50,0
DA:53,0
DA:54,0
DA:57,0
DA:58,0
DA:60,0
DA:62,0
DA:66,0
DA:67,0
DA:72,0
DA:73,0
DA:75,0
DA:78,0
DA:79,0
DA:82,0
DA:83,0
DA:86,0
DA:87,0
DA:88,0
DA:90,0
DA:91,0
DA:95,0
DA:101,0
DA:109,0
DA:111,0
DA:115,0
DA:116,0
DA:118,0
DA:119,0
DA:120,0
DA:125,0
DA:127,0
DA:128,0
DA:129,0
DA:131,0
DA:132,0
DA:134,0
DA:138,0
DA:139,0
DA:140,0
DA:141,0
DA:144,0
DA:146,0
DA:151,0
DA:152,0
DA:154,0
DA:155,0
DA:159,0
DA:160,0
DA:162,0
DA:166,0
DA:167,0
DA:171,0
DA:175,0
DA:176,0
DA:178,0
DA:179,0
LF:70
LH:0
BRDA:34,0,0,0
BRDA:49,1,0,0
BRDA:66,2,0,0
BRDA:73,3,0,0
BRDA:73,3,1,0
BRDA:75,4,0,0
BRDA:87,5,0,0
BRDA:125,6,0,0
BRDA:144,7,0,0
BRDA:154,8,0,0
BRDA:154,8,1,0
BRDA:167,9,0,0
BRDA:167,9,1,0
BRDA:176,10,0,0
BRF:14
BRH:0
end_of_record
TN:
SF:src\services\analysis\utils\dependencyGraph.ts
FN:7,(anonymous_0)
FN:14,(anonymous_1)
FN:27,(anonymous_2)
FN:34,(anonymous_3)
FN:43,(anonymous_4)
FN:53,(anonymous_5)
FN:85,(anonymous_6)
FN:93,(anonymous_7)
FN:115,(anonymous_8)
FN:124,(anonymous_9)
FN:135,(anonymous_10)
FN:144,(anonymous_11)
FN:149,(anonymous_12)
FN:180,(anonymous_13)
FN:193,(anonymous_14)
FN:202,(anonymous_15)
FN:212,(anonymous_16)
FNF:17
FNH:0
FNDA:0,(anonymous_0)
FNDA:0,(anonymous_1)
FNDA:0,(anonymous_2)
FNDA:0,(anonymous_3)
FNDA:0,(anonymous_4)
FNDA:0,(anonymous_5)
FNDA:0,(anonymous_6)
FNDA:0,(anonymous_7)
FNDA:0,(anonymous_8)
FNDA:0,(anonymous_9)
FNDA:0,(anonymous_10)
FNDA:0,(anonymous_11)
FNDA:0,(anonymous_12)
FNDA:0,(anonymous_13)
FNDA:0,(anonymous_14)
FNDA:0,(anonymous_15)
FNDA:0,(anonymous_16)
DA:4,0
DA:8,0
DA:15,0
DA:16,0
DA:18,0
DA:19,0
DA:21,0
DA:28,0
DA:35,0
DA:36,0
DA:38,0
DA:39,0
DA:40,0
DA:41,0
DA:42,0
DA:43,0
DA:47,0
DA:54,0
DA:56,0
DA:57,0
DA:58,0
DA:61,0
DA:64,0
DA:65,0
DA:67,0
DA:68,0
DA:69,0
DA:70,0
DA:71,0
DA:73,0
DA:74,0
DA:78,0
DA:79,0
DA:86,0
DA:87,0
DA:90,0
DA:91,0
DA:93,0
DA:94,0
DA:95,0
DA:97,0
DA:98,0
DA:99,0
DA:102,0
DA:105,0
DA:106,0
DA:109,0
DA:116,0
DA:117,0
DA:125,0
DA:127,0
DA:128,0
DA:136,0
DA:137,0
DA:138,0
DA:145,0
DA:146,0
DA:147,0
DA:149,0
DA:150,0
DA:151,0
DA:152,0
DA:154,0
DA:155,0
DA:156,0
DA:157,0
DA:158,0
DA:159,0
DA:160,0
DA:164,0
DA:165,0
DA:168,0
DA:169,0
DA:170,0
DA:174,0
DA:181,0
DA:182,0
DA:183,0
DA:184,0
DA:187,0
DA:194,0
DA:195,0
DA:197,0
DA:198,0
DA:199,0
DA:200,0
DA:201,0
DA:202,0
DA:206,0
DA:213,0
DA:214,0
DA:216,0
DA:217,0
DA:218,0
DA:219,0
DA:222,0
LF:96
LH:0
BRDA:15,0,0,0
BRDA:18,1,0,0
BRDA:28,2,0,0
BRDA:28,2,1,0
BRDA:34,3,0,0
BRDA:39,4,0,0
BRDA:53,5,0,0
BRDA:53,6,0,0
BRDA:54,7,0,0
BRDA:57,8,0,0
BRDA:69,9,0,0
BRDA:69,9,1,0
BRDA:70,10,0,0
BRDA:73,11,0,0
BRDA:86,12,0,0
BRDA:94,13,0,0
BRDA:116,14,0,0
BRDA:149,15,0,0
BRDA:156,16,0,0
BRDA:156,16,1,0
BRDA:158,17,0,0
BRDA:169,18,0,0
BRDA:183,19,0,0
BRDA:193,20,0,0
BRDA:198,21,0,0
BRDA:222,22,0,0
BRDA:222,22,1,0
BRF:27
BRH:0
end_of_record
TN:
SF:src\services\connectors\implementations\awinConnector.ts
FN:21,(anonymous_1)
FN:26,(anonymous_2)
FN:33,(anonymous_3)
FN:42,(anonymous_4)
FN:43,(anonymous_5)
FN:55,(anonymous_6)
FN:59,(anonymous_7)
FN:76,(anonymous_8)
FN:90,(anonymous_9)
FN:95,(anonymous_10)
FN:102,(anonymous_11)
FN:119,(anonymous_12)
FN:128,(anonymous_13)
FN:131,(anonymous_14)
FN:136,(anonymous_15)
FN:146,(anonymous_16)
FN:151,(anonymous_17)
FN:152,(anonymous_18)
FN:155,(anonymous_19)
FN:162,(anonymous_20)
FNF:20
FNH:0
FNDA:0,(anonymous_1)
FNDA:0,(anonymous_2)
FNDA:0,(anonymous_3)
FNDA:0,(anonymous_4)
FNDA:0,(anonymous_5)
FNDA:0,(anonymous_6)
FNDA:0,(anonymous_7)
FNDA:0,(anonymous_8)
FNDA:0,(anonymous_9)
FNDA:0,(anonymous_10)
FNDA:0,(anonymous_11)
FNDA:0,(anonymous_12)
FNDA:0,(anonymous_13)
FNDA:0,(anonymous_14)
FNDA:0,(anonymous_15)
FNDA:0,(anonymous_16)
FNDA:0,(anonymous_17)
FNDA:0,(anonymous_18)
FNDA:0,(anonymous_19)
FNDA:0,(anonymous_20)
DA:1,0
DA:14,0
DA:18,0
DA:19,0
DA:22,0
DA:23,0
DA:27,0
DA:28,0
DA:30,0
DA:34,0
DA:41,0
DA:42,0
DA:43,0
DA:56,0
DA:60,0
DA:77,0
DA:78,0
DA:88,0
DA:91,0
DA:95,0
DA:97,0
DA:98,0
DA:103,0
DA:104,0
DA:105,0
DA:107,0
DA:118,0
DA:119,0
DA:123,0
DA:124,0
DA:129,0
DA:130,0
DA:132,0
DA:137,0
DA:143,0
DA:147,0
DA:150,0
DA:151,0
DA:152,0
DA:155,0
DA:161,0
DA:162,0
DA:163,0
DA:164,0
DA:165,0
LF:45
LH:0
BRDA:22,0,0,0
BRDA:22,0,1,0
BRDA:23,1,0,0
BRDA:23,1,1,0
BRDA:27,2,0,0
BRDA:42,3,0,0
BRDA:42,3,1,0
BRDA:91,4,0,0
BRDA:91,4,1,0
BRDA:91,4,2,0
BRDA:143,5,0,0
BRDA:143,5,1,0
BRF:12
BRH:0
end_of_record
TN:
SF:src\services\connectors\implementations\merchantPortal.ts
FN:10,(anonymous_0)
FN:15,(anonymous_1)
FN:22,(anonymous_2)
FN:27,(anonymous_3)
FN:31,(anonymous_4)
FNF:5
FNH:0
FNDA:0,(anonymous_0)
FNDA:0,(anonymous_1)
FNDA:0,(anonymous_2)
FNDA:0,(anonymous_3)
FNDA:0,(anonymous_4)
DA:1,0
DA:3,0
DA:5,0
DA:11,0
DA:12,0
DA:16,0
DA:17,0
DA:19,0
DA:23,0
DA:24,0
DA:28,0
DA:32,0
LF:12
LH:0
BRDA:16,0,0,0
BRDA:22,1,0,0
BRF:2
BRH:0
end_of_record
TN:
SF:src\services\domain\domainAnalyzer.ts
FN:17,(anonymous_0)
FN:21,(anonymous_1)
FN:28,(anonymous_2)
FN:66,(anonymous_3)
FN:93,(anonymous_4)
FN:121,(anonymous_5)
FN:134,(anonymous_6)
FN:154,(anonymous_7)
FN:173,(anonymous_8)
FN:180,(anonymous_9)
FN:183,(anonymous_10)
FN:189,(anonymous_11)
FNF:12
FNH:0
FNDA:0,(anonymous_0)
FNDA:0,(anonymous_1)
FNDA:0,(anonymous_2)
FNDA:0,(anonymous_3)
FNDA:0,(anonymous_4)
FNDA:0,(anonymous_5)
FNDA:0,(anonymous_6)
FNDA:0,(anonymous_7)
FNDA:0,(anonymous_8)
FNDA:0,(anonymous_9)
FNDA:0,(anonymous_10)
FNDA:0,(anonymous_11)
DA:13,0
DA:18,0
DA:22,0
DA:23,0
DA:25,0
DA:30,0
DA:31,0
DA:34,0
DA:35,0
DA:36,0
DA:39,0
DA:42,0
DA:45,0
DA:48,0
DA:50,0
DA:61,0
DA:63,0
DA:67,0
DA:70,0
DA:73,0
DA:80,0
DA:83,0
DA:84,0
DA:87,0
DA:90,0
DA:94,0
DA:97,0
DA:104,0
DA:107,0
DA:108,0
DA:121,0
DA:122,0
DA:123,0
DA:128,0
DA:131,0
DA:135,0
DA:138,0
DA:141,0
DA:154,0
DA:155,0
DA:156,0
DA:161,0
DA:167,0
DA:170,0
DA:175,0
DA:178,0
DA:180,0
DA:182,0
DA:183,0
DA:186,0
DA:190,0
DA:193,0
DA:196,0
DA:197,0
DA:198,0
DA:199,0
DA:203,0
DA:204,0
DA:207,0
LF:59
LH:0
BRDA:22,0,0,0
BRDA:30,1,0,0
BRDA:80,2,0,0
BRDA:80,2,1,0
BRDA:104,3,0,0
BRDA:104,3,1,0
BRDA:122,4,0,0
BRDA:155,5,0,0
BRDA:167,6,0,0
BRDA:167,6,1,0
BRDA:182,7,0,0
BRDA:182,7,1,0
BRDA:196,8,0,0
BRDA:196,8,1,0
BRDA:198,9,0,0
BRDA:198,10,0,0
BRDA:198,10,1,0
BRDA:203,11,0,0
BRF:18
BRH:0
end_of_record
TN:
SF:src\services\domain\connectors\vercelConnector.ts
FN:25,(anonymous_1)
FN:41,(anonymous_2)
FN:48,(anonymous_3)
FNF:3
FNH:0
FNDA:0,(anonymous_1)
FNDA:0,(anonymous_2)
FNDA:0,(anonymous_3)
DA:1,0
DA:2,0
DA:20,0
DA:26,0
DA:27,0
DA:28,0
DA:31,0
DA:38,0
DA:42,0
DA:43,0
DA:45,0
DA:49,0
DA:50,0
DA:53,0
DA:65,0
DA:68,0
DA:80,0
DA:81,0
DA:83,0
DA:89,0
DA:90,0
LF:21
LH:0
BRDA:27,0,0,0
BRDA:42,1,0,0
BRDA:56,2,0,0
BRDA:56,2,1,0
BRDA:62,3,0,0
BRDA:62,3,1,0
BRDA:72,4,0,0
BRDA:72,4,1,0
BRF:8
BRH:0
end_of_record
TN:
SF:src\services\email\graphService.ts
FN:10,(anonymous_0)
FN:26,(anonymous_1)
FN:33,(anonymous_2)
FN:76,(anonymous_3)
FN:98,(anonymous_4)
FN:126,(anonymous_5)
FN:130,(anonymous_6)
FNF:7
FNH:0
FNDA:0,(anonymous_0)
FNDA:0,(anonymous_1)
FNDA:0,(anonymous_2)
FNDA:0,(anonymous_3)
FNDA:0,(anonymous_4)
FNDA:0,(anonymous_5)
FNDA:0,(anonymous_6)
DA:1,0
DA:2,0
DA:3,0
DA:5,0
DA:11,0
DA:14,0
DA:21,0
DA:27,0
DA:28,0
DA:30,0
DA:34,0
DA:36,0
DA:63,0
DA:65,0
DA:71,0
DA:72,0
DA:77,0
DA:79,0
DA:85,0
DA:87,0
DA:93,0
DA:94,0
DA:99,0
DA:100,0
DA:107,0
DA:110,0
DA:116,0
DA:117,0
DA:127,0
DA:131,0
DA:134,0
DA:136,0
DA:137,0
LF:33
LH:0
BRDA:27,0,0,0
BRDA:46,1,0,0
BRDA:46,1,1,0
BRDA:134,2,0,0
BRDA:134,2,1,0
BRF:5
BRH:0
end_of_record
TN:
SF:src\services\logging\Logger.ts
FN:4,(anonymous_0)
FN:8,(anonymous_1)
FN:12,(anonymous_2)
FN:16,(anonymous_3)
FN:20,(anonymous_4)
FNF:5
FNH:0
FNDA:0,(anonymous_0)
FNDA:0,(anonymous_1)
FNDA:0,(anonymous_2)
FNDA:0,(anonymous_3)
FNDA:0,(anonymous_4)
DA:1,0
DA:5,0
DA:9,0
DA:13,0
DA:17,0
DA:21,0
LF:6
LH:0
BRDA:13,0,0,0
BRDA:13,0,1,0
BRF:2
BRH:0
end_of_record
TN:
SF:src\services\matching\matchingEngine.ts
FN:13,(anonymous_0)
FNF:1
FNH:0
FNDA:0,(anonymous_0)
DA:12,0
DA:15,0
LF:2
LH:0
BRF:0
BRH:0
end_of_record
TN:
SF:src\services\matching\productEngine.ts
FN:4,(anonymous_0)
FN:8,(anonymous_1)
FN:9,(anonymous_2)
FN:12,(anonymous_3)
FN:24,(anonymous_4)
FNF:5
FNH:0
FNDA:0,(anonymous_0)
FNDA:0,(anonymous_1)
FNDA:0,(anonymous_2)
FNDA:0,(anonymous_3)
FNDA:0,(anonymous_4)
DA:3,0
DA:5,0
DA:7,0
DA:8,0
DA:9,0
DA:18,0
DA:19,0
DA:20,0
DA:21,0
DA:25,0
DA:27,0
DA:29,0
DA:31,0
DA:34,0
LF:14
LH:0
BRDA:4,0,0,0
BRDA:18,1,0,0
BRDA:18,2,0,0
BRDA:18,2,1,0
BRDA:19,3,0,0
BRDA:19,4,0,0
BRDA:19,4,1,0
BRDA:20,5,0,0
BRDA:20,6,0,0
BRDA:20,6,1,0
BRDA:24,7,0,0
BRDA:25,8,0,0
BRDA:25,8,1,0
BRDA:25,8,2,0
BRDA:25,8,3,0
BRDA:25,8,4,0
BRF:16
BRH:0
end_of_record
TN:
SF:src\services\metrics\metricsCollector.ts
FN:13,(anonymous_0)
FN:17,(anonymous_1)
FN:24,(anonymous_2)
FN:29,(anonymous_3)
FN:33,(anonymous_4)
FN:37,(anonymous_5)
FNF:6
FNH:0
FNDA:0,(anonymous_0)
FNDA:0,(anonymous_1)
FNDA:0,(anonymous_2)
FNDA:0,(anonymous_3)
FNDA:0,(anonymous_4)
FNDA:0,(anonymous_5)
DA:1,0
DA:9,0
DA:14,0
DA:18,0
DA:19,0
DA:21,0
DA:25,0
DA:26,0
DA:30,0
DA:34,0
DA:38,0
DA:39,0
LF:12
LH:0
BRDA:18,0,0,0
BRDA:30,1,0,0
BRDA:30,1,1,0
BRF:3
BRH:0
end_of_record
TN:
SF:src\services\metrics\resonanceMetrics.ts
FN:12,(anonymous_0)
FN:16,(anonymous_1)
FN:23,(anonymous_2)
FN:24,(anonymous_3)
FN:29,(anonymous_4)
FN:32,(anonymous_5)
FN:32,(anonymous_6)
FN:35,(anonymous_7)
FN:49,(anonymous_8)
FN:52,(anonymous_9)
FN:53,(anonymous_10)
FNF:11
FNH:0
FNDA:0,(anonymous_0)
FNDA:0,(anonymous_1)
FNDA:0,(anonymous_2)
FNDA:0,(anonymous_3)
FNDA:0,(anonymous_4)
FNDA:0,(anonymous_5)
FNDA:0,(anonymous_6)
FNDA:0,(anonymous_7)
FNDA:0,(anonymous_8)
FNDA:0,(anonymous_9)
FNDA:0,(anonymous_10)
DA:1,0
DA:2,0
DA:3,0
DA:4,0
DA:6,0
DA:8,0
DA:9,0
DA:10,0
DA:13,0
DA:17,0
DA:18,0
DA:20,0
DA:24,0
DA:25,0
DA:27,0
DA:29,0
DA:32,0
DA:35,0
DA:38,0
DA:39,0
DA:40,0
DA:41,0
DA:43,0
DA:46,0
DA:47,0
DA:49,0
DA:50,0
DA:51,0
DA:52,0
DA:53,0
DA:61,0
LF:31
LH:0
BRDA:17,0,0,0
BRDA:46,1,0,0
BRF:2
BRH:0
end_of_record
TN:
SF:src\services\monitoring\adaptiveThresholds.ts
FN:21,(anonymous_0)
FN:45,(anonymous_1)
FN:52,(anonymous_2)
FN:93,(anonymous_3)
FN:103,(anonymous_4)
FN:105,(anonymous_5)
FN:119,(anonymous_6)
FN:128,(anonymous_7)
FN:129,(anonymous_8)
FN:142,(anonymous_9)
FN:160,(anonymous_10)
FNF:11
FNH:0
FNDA:0,(anonymous_0)
FNDA:0,(anonymous_1)
FNDA:0,(anonymous_2)
FNDA:0,(anonymous_3)
FNDA:0,(anonymous_4)
FNDA:0,(anonymous_5)
FNDA:0,(anonymous_6)
FNDA:0,(anonymous_7)
FNDA:0,(anonymous_8)
FNDA:0,(anonymous_9)
FNDA:0,(anonymous_10)
DA:1,0
DA:16,0
DA:18,0
DA:19,0
DA:23,0
DA:30,0
DA:37,0
DA:46,0
DA:47,0
DA:49,0
DA:53,0
DA:54,0
DA:55,0
DA:57,0
DA:58,0
DA:59,0
DA:62,0
DA:63,0
DA:64,0
DA:69,0
DA:73,0
DA:74,0
DA:77,0
DA:78,0
DA:79,0
DA:80,0
DA:84,0
DA:85,0
DA:86,0
DA:89,0
DA:94,0
DA:95,0
DA:96,0
DA:98,0
DA:99,0
DA:103,0
DA:105,0
DA:106,0
DA:109,0
DA:112,0
DA:114,0
DA:115,0
DA:120,0
DA:121,0
DA:122,0
DA:124,0
DA:125,0
DA:126,0
DA:128,0
DA:129,0
DA:131,0
DA:133,0
DA:134,0
DA:135,0
DA:137,0
DA:138,0
DA:143,0
DA:144,0
DA:151,0
DA:156,0
DA:161,0
LF:61
LH:0
BRDA:46,0,0,0
BRDA:57,1,0,0
BRDA:63,2,0,0
BRDA:84,3,0,0
BRDA:98,4,0,0
BRDA:98,5,0,0
BRDA:98,5,1,0
BRDA:98,5,2,0
BRDA:99,6,0,0
BRDA:99,6,1,0
BRDA:122,7,0,0
BRDA:122,8,0,0
BRDA:122,8,1,0
BRDA:133,9,0,0
BRDA:134,10,0,0
BRDA:144,11,0,0
BRDA:144,11,1,0
BRF:17
BRH:0
end_of_record
TN:
SF:src\services\monitoring\metrics.ts
FN:48,(anonymous_0)
FN:63,(anonymous_1)
FN:70,(anonymous_2)
FN:109,(anonymous_3)
FN:119,(anonymous_4)
FN:121,(anonymous_5)
FN:127,(anonymous_6)
FN:131,(anonymous_7)
FNF:8
FNH:0
FNDA:0,(anonymous_0)
FNDA:0,(anonymous_1)
FNDA:0,(anonymous_2)
FNDA:0,(anonymous_3)
FNDA:0,(anonymous_4)
FNDA:0,(anonymous_5)
FNDA:0,(anonymous_6)
FNDA:0,(anonymous_7)
DA:1,0
DA:2,0
DA:34,0
DA:39,0
DA:49,0
DA:50,0
DA:51,0
DA:60,0
DA:64,0
DA:65,0
DA:67,0
DA:71,0
DA:77,0
DA:78,0
DA:79,0
DA:81,0
DA:82,0
DA:84,0
DA:87,0
DA:88,0
DA:97,0
DA:98,0
DA:99,0
DA:110,0
DA:111,0
DA:120,0
DA:121,0
DA:122,0
DA:124,0
DA:128,0
DA:132,0
DA:133,0
LF:32
LH:0
BRDA:64,0,0,0
BRDA:71,1,0,0
BRDA:71,1,1,0
BRDA:78,2,0,0
BRDA:87,3,0,0
BRDA:98,4,0,0
BRF:6
BRH:0
end_of_record
TN:
SF:src\services\mvp\channelManager.ts
FN:33,(anonymous_0)
FN:37,(anonymous_1)
FN:44,(anonymous_2)
FN:87,(anonymous_3)
FN:96,(anonymous_4)
FN:108,(anonymous_5)
FN:117,(anonymous_6)
FN:118,(anonymous_7)
FN:128,(anonymous_8)
FN:133,(anonymous_9)
FN:136,(anonymous_10)
FN:147,(anonymous_11)
FN:156,(anonymous_12)
FN:162,(anonymous_13)
FN:188,(anonymous_14)
FNF:15
FNH:0
FNDA:0,(anonymous_0)
FNDA:0,(anonymous_1)
FNDA:0,(anonymous_2)
FNDA:0,(anonymous_3)
FNDA:0,(anonymous_4)
FNDA:0,(anonymous_5)
FNDA:0,(anonymous_6)
FNDA:0,(anonymous_7)
FNDA:0,(anonymous_8)
FNDA:0,(anonymous_9)
FNDA:0,(anonymous_10)
FNDA:0,(anonymous_11)
FNDA:0,(anonymous_12)
FNDA:0,(anonymous_13)
FNDA:0,(anonymous_14)
DA:3,0
DA:4,0
DA:28,0
DA:30,0
DA:31,0
DA:34,0
DA:38,0
DA:39,0
DA:41,0
DA:46,0
DA:59,0
DA:71,0
DA:88,0
DA:90,0
DA:93,0
DA:96,0
DA:97,0
DA:100,0
DA:101,0
DA:103,0
DA:104,0
DA:113,0
DA:116,0
DA:117,0
DA:118,0
DA:121,0
DA:123,0
DA:128,0
DA:135,0
DA:136,0
DA:138,0
DA:148,0
DA:149,0
DA:150,0
DA:151,0
DA:153,0
DA:159,0
DA:163,0
DA:164,0
DA:167,0
DA:170,0
DA:171,0
DA:172,0
DA:173,0
DA:177,0
DA:178,0
DA:179,0
DA:180,0
DA:181,0
DA:185,0
DA:194,0
DA:195,0
DA:196,0
DA:199,0
DA:209,0
DA:212,0
DA:215,0
DA:218,0
LF:58
LH:0
BRDA:38,0,0,0
BRDA:117,1,0,0
BRDA:117,1,1,0
BRDA:118,2,0,0
BRDA:118,2,1,0
BRDA:128,3,0,0
BRDA:128,3,1,0
BRDA:135,4,0,0
BRDA:135,4,1,0
BRDA:148,5,0,0
BRDA:148,5,1,0
BRDA:150,6,0,0
BRDA:170,7,0,0
BRDA:170,7,1,0
BRDA:172,8,0,0
BRDA:172,9,0,0
BRDA:172,9,1,0
BRDA:177,10,0,0
BRDA:178,11,0,0
BRDA:178,11,1,0
BRDA:180,12,0,0
BRDA:180,13,0,0
BRDA:180,13,1,0
BRDA:194,14,0,0
BRDA:194,14,1,0
BRDA:209,15,0,0
BRDA:209,15,1,0
BRDA:209,15,2,0
BRF:28
BRH:0
end_of_record
TN:
SF:src\services\mvp\commissionTracker.ts
FN:24,(anonymous_0)
FN:29,(anonymous_1)
FN:36,(anonymous_2)
FN:72,(anonymous_3)
FN:80,(anonymous_4)
FN:113,(anonymous_5)
FN:156,(anonymous_6)
FN:161,(anonymous_7)
FN:168,(anonymous_8)
FN:174,(anonymous_9)
FNF:10
FNH:0
FNDA:0,(anonymous_0)
FNDA:0,(anonymous_1)
FNDA:0,(anonymous_2)
FNDA:0,(anonymous_3)
FNDA:0,(anonymous_4)
FNDA:0,(anonymous_5)
FNDA:0,(anonymous_6)
FNDA:0,(anonymous_7)
FNDA:0,(anonymous_8)
FNDA:0,(anonymous_9)
DA:2,0
DA:19,0
DA:21,0
DA:22,0
DA:26,0
DA:30,0
DA:31,0
DA:33,0
DA:39,0
DA:72,0
DA:73,0
DA:87,0
DA:88,0
DA:89,0
DA:96,0
DA:99,0
DA:104,0
DA:120,0
DA:128,0
DA:129,0
DA:130,0
DA:131,0
DA:136,0
DA:139,0
DA:140,0
DA:142,0
DA:145,0
DA:160,0
DA:161,0
DA:168,0
DA:178,0
LF:31
LH:0
BRDA:30,0,0,0
BRDA:88,1,0,0
BRDA:129,2,0,0
BRF:3
BRH:0
end_of_record
TN:
SF:src\services\mvp\productSourcing.ts
FN:22,(anonymous_0)
FN:24,(anonymous_1)
FN:34,(anonymous_2)
FN:52,(anonymous_3)
FN:53,(anonymous_4)
FN:54,(anonymous_5)
FN:82,(anonymous_6)
FN:93,(anonymous_7)
FN:104,(anonymous_8)
FN:110,(anonymous_9)
FN:120,(anonymous_10)
FN:145,(anonymous_11)
FN:155,(anonymous_12)
FN:168,(anonymous_13)
FN:178,(anonymous_14)
FN:203,(anonymous_15)
FN:205,(anonymous_16)
FN:207,(anonymous_17)
FN:215,(anonymous_18)
FNF:19
FNH:0
FNDA:0,(anonymous_0)
FNDA:0,(anonymous_1)
FNDA:0,(anonymous_2)
FNDA:0,(anonymous_3)
FNDA:0,(anonymous_4)
FNDA:0,(anonymous_5)
FNDA:0,(anonymous_6)
FNDA:0,(anonymous_7)
FNDA:0,(anonymous_8)
FNDA:0,(anonymous_9)
FNDA:0,(anonymous_10)
FNDA:0,(anonymous_11)
FNDA:0,(anonymous_12)
FNDA:0,(anonymous_13)
FNDA:0,(anonymous_14)
FNDA:0,(anonymous_15)
FNDA:0,(anonymous_16)
FNDA:0,(anonymous_17)
FNDA:0,(anonymous_18)
DA:1,0
DA:3,0
DA:19,0
DA:25,0
DA:26,0
DA:28,0
DA:35,0
DA:37,0
DA:45,0
DA:47,0
DA:48,0
DA:50,0
DA:52,0
DA:53,0
DA:54,0
DA:56,0
DA:57,0
DA:81,0
DA:82,0
DA:85,0
DA:86,0
DA:98,0
DA:101,0
DA:104,0
DA:105,0
DA:106,0
DA:110,0
DA:111,0
DA:114,0
DA:121,0
DA:124,0
DA:127,0
DA:128,0
DA:131,0
DA:132,0
DA:136,0
DA:137,0
DA:138,0
DA:139,0
DA:140,0
DA:145,0
DA:146,0
DA:149,0
DA:156,0
DA:159,0
DA:162,0
DA:163,0
DA:164,0
DA:168,0
DA:169,0
DA:172,0
DA:184,0
DA:185,0
DA:189,0
DA:192,0
DA:193,0
DA:194,0
DA:196,0
DA:197,0
DA:198,0
DA:203,0
DA:205,0
DA:206,0
DA:208,0
DA:212,0
DA:215,0
DA:216,0
DA:218,0
DA:220,0
DA:221,0
LF:70
LH:0
BRDA:25,0,0,0
BRDA:50,1,0,0
BRDA:56,2,0,0
BRDA:56,3,0,0
BRDA:56,3,1,0
BRDA:61,4,0,0
BRDA:61,4,1,0
BRDA:67,5,0,0
BRDA:67,5,1,0
BRDA:68,6,0,0
BRDA:68,6,1,0
BRDA:69,7,0,0
BRDA:69,7,1,0
BRDA:72,8,0,0
BRDA:72,8,1,0
BRDA:73,9,0,0
BRDA:73,9,1,0
BRDA:127,10,0,0
BRDA:131,11,0,0
BRDA:136,12,0,0
BRDA:137,13,0,0
BRDA:137,13,1,0
BRDA:139,14,0,0
BRDA:162,15,0,0
BRDA:192,16,0,0
BRDA:193,17,0,0
BRDA:193,17,1,0
BRDA:193,18,0,0
BRDA:193,18,1,0
BRDA:203,19,0,0
BRDA:203,19,1,0
BRDA:208,20,0,0
BRDA:208,20,1,0
BRDA:215,21,0,0
BRDA:215,21,1,0
BRF:35
BRH:0
end_of_record
TN:
SF:src\services\mvp\storage.ts
FN:31,(anonymous_1)
FN:36,(anonymous_2)
FN:39,(anonymous_3)
FN:46,(anonymous_4)
FN:69,(anonymous_5)
FN:88,(anonymous_6)
FN:100,(anonymous_7)
FN:101,(anonymous_8)
FN:110,(anonymous_9)
FN:126,(anonymous_10)
FN:134,(anonymous_11)
FN:135,(anonymous_12)
FN:141,(anonymous_13)
FN:148,(anonymous_14)
FN:153,(anonymous_15)
FN:155,(anonymous_16)
FN:168,(anonymous_17)
FNF:17
FNH:0
FNDA:0,(anonymous_1)
FNDA:0,(anonymous_2)
FNDA:0,(anonymous_3)
FNDA:0,(anonymous_4)
FNDA:0,(anonymous_5)
FNDA:0,(anonymous_6)
FNDA:0,(anonymous_7)
FNDA:0,(anonymous_8)
FNDA:0,(anonymous_9)
FNDA:0,(anonymous_10)
FNDA:0,(anonymous_11)
FNDA:0,(anonymous_12)
FNDA:0,(anonymous_13)
FNDA:0,(anonymous_14)
FNDA:0,(anonymous_15)
FNDA:0,(anonymous_16)
FNDA:0,(anonymous_17)
DA:1,0
DA:2,0
DA:3,0
DA:25,0
DA:32,0
DA:33,0
DA:36,0
DA:40,0
DA:41,0
DA:43,0
DA:47,0
DA:48,0
DA:49,0
DA:50,0
DA:53,0
DA:57,0
DA:70,0
DA:72,0
DA:73,0
DA:74,0
DA:78,0
DA:79,0
DA:81,0
DA:89,0
DA:101,0
DA:102,0
DA:103,0
DA:111,0
DA:118,0
DA:119,0
DA:120,0
DA:127,0
DA:128,0
DA:135,0
DA:142,0
DA:153,0
DA:155,0
DA:156,0
DA:158,0
DA:169,0
DA:170,0
LF:41
LH:0
BRDA:40,0,0,0
BRDA:48,1,0,0
BRDA:73,2,0,0
BRDA:102,3,0,0
BRDA:161,4,0,0
BRDA:161,4,1,0
BRF:6
BRH:0
end_of_record
TN:
SF:src\services\revenue\revenueStreamManager.ts
FN:19,(anonymous_0)
FN:23,(anonymous_1)
FN:30,(anonymous_2)
FN:45,(anonymous_3)
FN:50,(anonymous_4)
FN:64,(anonymous_5)
FN:117,(anonymous_6)
FN:136,(anonymous_7)
FNF:8
FNH:0
FNDA:0,(anonymous_0)
FNDA:0,(anonymous_1)
FNDA:0,(anonymous_2)
FNDA:0,(anonymous_3)
FNDA:0,(anonymous_4)
FNDA:0,(anonymous_5)
FNDA:0,(anonymous_6)
FNDA:0,(anonymous_7)
DA:1,0
DA:2,0
DA:15,0
DA:20,0
DA:24,0
DA:25,0
DA:27,0
DA:31,0
DA:33,0
DA:36,0
DA:38,0
DA:40,0
DA:41,0
DA:47,0
DA:52,0
DA:54,0
DA:55,0
DA:69,0
DA:72,0
DA:74,0
DA:93,0
DA:107,0
DA:118,0
DA:120,0
DA:129,0
DA:131,0
DA:132,0
DA:138,0
DA:139,0
LF:29
LH:0
BRDA:24,0,0,0
BRDA:72,1,0,0
BRDA:72,1,1,0
BRDA:72,1,2,0
BRF:4
BRH:0
end_of_record
TN:
SF:src\services\teams\TeamsChannelService.ts
FN:27,(anonymous_0)
FN:34,(anonymous_1)
FN:62,(anonymous_2)
FN:105,(anonymous_3)
FN:148,(anonymous_4)
FN:176,(anonymous_5)
FNF:6
FNH:0
FNDA:0,(anonymous_0)
FNDA:0,(anonymous_1)
FNDA:0,(anonymous_2)
FNDA:0,(anonymous_3)
FNDA:0,(anonymous_4)
FNDA:0,(anonymous_5)
DA:2,0
DA:3,0
DA:4,0
DA:5,0
DA:21,0
DA:28,0
DA:29,0
DA:30,0
DA:31,0
DA:35,0
DA:36,0
DA:38,0
DA:39,0
DA:42,0
DA:43,0
DA:44,0
DA:47,0
DA:52,0
DA:56,0
DA:57,0
DA:58,0
DA:63,0
DA:64,0
DA:66,0
DA:71,0
DA:72,0
DA:73,0
DA:77,0
DA:81,0
DA:89,0
DA:93,0
DA:95,0
DA:99,0
DA:100,0
DA:101,0
DA:106,0
DA:107,0
DA:109,0
DA:114,0
DA:115,0
DA:116,0
DA:120,0
DA:124,0
DA:132,0
DA:136,0
DA:138,0
DA:142,0
DA:143,0
DA:144,0
DA:149,0
DA:150,0
DA:151,0
DA:160,0
DA:164,0
DA:166,0
DA:170,0
DA:171,0
DA:172,0
DA:177,0
DA:178,0
DA:179,0
DA:187,0
DA:191,0
DA:193,0
DA:197,0
DA:198,0
DA:199,0
LF:67
LH:0
BRDA:71,0,0,0
BRDA:71,1,0,0
BRDA:71,1,1,0
BRDA:114,2,0,0
BRDA:114,3,0,0
BRDA:114,3,1,0
BRF:6
BRH:0
end_of_record
TN:
SF:src\services\value\valueDistributionManager.ts
FN:25,(anonymous_0)
FN:30,(anonymous_1)
FN:37,(anonymous_2)
FN:54,(anonymous_3)
FN:60,(anonymous_4)
FN:64,(anonymous_5)
FN:81,(anonymous_6)
FN:95,(anonymous_7)
FN:96,(anonymous_8)
FN:106,(anonymous_9)
FN:109,(anonymous_10)
FNF:11
FNH:0
FNDA:0,(anonymous_0)
FNDA:0,(anonymous_1)
FNDA:0,(anonymous_2)
FNDA:0,(anonymous_3)
FNDA:0,(anonymous_4)
FNDA:0,(anonymous_5)
FNDA:0,(anonymous_6)
FNDA:0,(anonymous_7)
FNDA:0,(anonymous_8)
FNDA:0,(anonymous_9)
FNDA:0,(anonymous_10)
DA:1,0
DA:20,0
DA:22,0
DA:23,0
DA:26,0
DA:27,0
DA:31,0
DA:32,0
DA:34,0
DA:38,0
DA:39,0
DA:41,0
DA:47,0
DA:48,0
DA:49,0
DA:51,0
DA:57,0
DA:61,0
DA:65,0
DA:73,0
DA:74,0
DA:75,0
DA:77,0
DA:78,0
DA:84,0
DA:85,0
DA:92,0
DA:96,0
DA:97,0
DA:107,0
DA:109,0
DA:114,0
LF:32
LH:0
BRDA:31,0,0,0
BRDA:61,1,0,0
BRDA:61,1,1,0
BRDA:65,2,0,0
BRDA:65,2,1,0
BRDA:92,3,0,0
BRDA:92,3,1,0
BRF:7
BRH:0
end_of_record
TN:
SF:src\services\valueEnhancement\bootstrapOptimizer.ts
FN:14,(anonymous_0)
FN:18,(anonymous_1)
FN:25,(anonymous_2)
FN:47,(anonymous_3)
FN:56,(anonymous_4)
FN:70,(anonymous_5)
FN:86,(anonymous_6)
FN:87,(anonymous_7)
FN:93,(anonymous_8)
FN:107,(anonymous_9)
FN:134,(anonymous_10)
FN:172,(anonymous_11)
FNF:12
FNH:0
FNDA:0,(anonymous_0)
FNDA:0,(anonymous_1)
FNDA:0,(anonymous_2)
FNDA:0,(anonymous_3)
FNDA:0,(anonymous_4)
FNDA:0,(anonymous_5)
FNDA:0,(anonymous_6)
FNDA:0,(anonymous_7)
FNDA:0,(anonymous_8)
FNDA:0,(anonymous_9)
FNDA:0,(anonymous_10)
FNDA:0,(anonymous_11)
DA:2,0
DA:10,0
DA:15,0
DA:19,0
DA:20,0
DA:22,0
DA:30,0
DA:32,0
DA:35,0
DA:38,0
DA:40,0
DA:42,0
DA:43,0
DA:49,0
DA:50,0
DA:51,0
DA:53,0
DA:58,0
DA:59,0
DA:60,0
DA:62,0
DA:63,0
DA:64,0
DA:65,0
DA:67,0
DA:72,0
DA:73,0
DA:86,0
DA:87,0
DA:90,0
DA:95,0
DA:96,0
DA:97,0
DA:99,0
DA:100,0
DA:101,0
DA:102,0
DA:104,0
DA:108,0
DA:111,0
DA:112,0
DA:113,0
DA:116,0
DA:117,0
DA:118,0
DA:121,0
DA:122,0
DA:123,0
DA:127,0
DA:128,0
DA:129,0
DA:131,0
DA:135,0
DA:136,0
DA:137,0
DA:140,0
DA:168,0
DA:169,0
DA:177,0
DA:180,0
DA:183,0
DA:192,0
DA:199,0
LF:63
LH:0
BRDA:19,0,0,0
BRDA:63,1,0,0
BRDA:64,2,0,0
BRDA:65,3,0,0
BRDA:72,4,0,0
BRDA:72,4,1,0
BRDA:100,5,0,0
BRDA:101,6,0,0
BRDA:102,7,0,0
BRDA:111,8,0,0
BRDA:116,9,0,0
BRDA:121,10,0,0
BRDA:136,11,0,0
BRDA:180,12,0,0
BRDA:180,12,1,0
BRDA:180,12,2,0
BRF:16
BRH:0
end_of_record
TN:
SF:src\services\valueEnhancement\intelligentOptimizer.ts
FN:30,(anonymous_0)
FN:40,(anonymous_1)
FN:47,(anonymous_2)
FN:75,(anonymous_3)
FN:106,(anonymous_4)
FN:122,(anonymous_5)
FN:123,(anonymous_6)
FN:124,(anonymous_7)
FN:130,(anonymous_8)
FN:134,(anonymous_9)
FN:158,(anonymous_10)
FN:185,(anonymous_11)
FN:213,(anonymous_12)
FN:215,(anonymous_13)
FN:216,(anonymous_14)
FN:219,(anonymous_15)
FN:232,(anonymous_16)
FN:245,(anonymous_17)
FN:249,(anonymous_18)
FNF:19
FNH:0
FNDA:0,(anonymous_0)
FNDA:0,(anonymous_1)
FNDA:0,(anonymous_2)
FNDA:0,(anonymous_3)
FNDA:0,(anonymous_4)
FNDA:0,(anonymous_5)
FNDA:0,(anonymous_6)
FNDA:0,(anonymous_7)
FNDA:0,(anonymous_8)
FNDA:0,(anonymous_9)
FNDA:0,(anonymous_10)
FNDA:0,(anonymous_11)
FNDA:0,(anonymous_12)
FNDA:0,(anonymous_13)
FNDA:0,(anonymous_14)
FNDA:0,(anonymous_15)
FNDA:0,(anonymous_16)
FNDA:0,(anonymous_17)
FNDA:0,(anonymous_18)
DA:2,0
DA:25,0
DA:31,0
DA:32,0
DA:41,0
DA:42,0
DA:44,0
DA:52,0
DA:54,0
DA:57,0
DA:60,0
DA:63,0
DA:66,0
DA:68,0
DA:70,0
DA:71,0
DA:77,0
DA:80,0
DA:81,0
DA:88,0
DA:91,0
DA:96,0
DA:97,0
DA:102,0
DA:107,0
DA:110,0
DA:111,0
DA:114,0
DA:115,0
DA:116,0
DA:117,0
DA:121,0
DA:122,0
DA:123,0
DA:124,0
DA:127,0
DA:132,0
DA:134,0
DA:135,0
DA:136,0
DA:141,0
DA:144,0
DA:150,0
DA:153,0
DA:155,0
DA:159,0
DA:162,0
DA:163,0
DA:164,0
DA:165,0
DA:172,0
DA:173,0
DA:175,0
DA:176,0
DA:178,0
DA:179,0
DA:182,0
DA:186,0
DA:189,0
DA:190,0
DA:191,0
DA:192,0
DA:193,0
DA:200,0
DA:201,0
DA:203,0
DA:204,0
DA:206,0
DA:207,0
DA:210,0
DA:214,0
DA:215,0
DA:216,0
DA:221,0
DA:224,0
DA:230,0
DA:232,0
DA:235,0
DA:239,0
DA:246,0
DA:250,0
LF:81
LH:0
BRDA:41,0,0,0
BRDA:81,1,0,0
BRDA:81,1,1,0
BRDA:96,2,0,0
BRDA:110,3,0,0
BRDA:111,4,0,0
BRDA:114,5,0,0
BRDA:115,6,0,0
BRDA:116,7,0,0
BRDA:117,8,0,0
BRDA:121,9,0,0
BRDA:122,10,0,0
BRDA:123,11,0,0
BRDA:124,12,0,0
BRDA:136,13,0,0
BRDA:136,13,1,0
BRDA:150,14,0,0
BRDA:150,14,1,0
BRDA:164,15,0,0
BRDA:164,16,0,0
BRDA:164,16,1,0
BRDA:172,17,0,0
BRDA:175,18,0,0
BRDA:178,19,0,0
BRDA:192,20,0,0
BRDA:192,21,0,0
BRDA:192,21,1,0
BRDA:200,22,0,0
BRDA:203,23,0,0
BRDA:206,24,0,0
BRDA:230,25,0,0
BRDA:232,26,0,0
BRDA:232,26,1,0
BRDA:232,26,2,0
BRF:34
BRH:0
end_of_record
TN:
SF:src\tests\mocks\mockServices.ts
FN:17,(anonymous_0)
FN:20,(anonymous_1)
FN:22,(anonymous_2)
FN:30,(anonymous_3)
FN:34,(anonymous_4)
FN:44,(anonymous_5)
FN:48,(anonymous_6)
FN:52,(anonymous_7)
FN:56,(anonymous_8)
FN:62,(anonymous_9)
FN:78,(anonymous_10)
FN:82,(anonymous_11)
FN:88,(anonymous_12)
FN:92,(anonymous_13)
FN:98,(anonymous_14)
FN:108,(anonymous_15)
FNF:16
FNH:0
FNDA:0,(anonymous_0)
FNDA:0,(anonymous_1)
FNDA:0,(anonymous_2)
FNDA:0,(anonymous_3)
FNDA:0,(anonymous_4)
FNDA:0,(anonymous_5)
FNDA:0,(anonymous_6)
FNDA:0,(anonymous_7)
FNDA:0,(anonymous_8)
FNDA:0,(anonymous_9)
FNDA:0,(anonymous_10)
FNDA:0,(anonymous_11)
FNDA:0,(anonymous_12)
FNDA:0,(anonymous_13)
FNDA:0,(anonymous_14)
FNDA:0,(anonymous_15)
DA:1,0
DA:17,0
DA:18,0
DA:23,0
DA:31,0
DA:35,0
DA:36,0
DA:43,0
DA:45,0
DA:51,0
DA:53,0
DA:57,0
DA:61,0
DA:63,0
DA:79,0
DA:83,0
DA:87,0
DA:89,0
DA:93,0
DA:97,0
DA:99,0
DA:107,0
DA:109,0
LF:23
LH:0
BRF:0
BRH:0
end_of_record
TN:
SF:src\tests\setup\test-runner.ts
FN:24,runTest
FN:25,(anonymous_1)
FN:34,(anonymous_2)
FN:46,runAllTests
FN:50,(anonymous_4)
FN:53,(anonymous_5)
FN:64,(anonymous_6)
FNF:7
FNH:0
FNDA:0,runTest
FNDA:0,(anonymous_1)
FNDA:0,(anonymous_2)
FNDA:0,runAllTests
FNDA:0,(anonymous_4)
FNDA:0,(anonymous_5)
FNDA:0,(anonymous_6)
DA:1,0
DA:9,0
DA:25,0
DA:26,0
DA:28,0
DA:29,0
DA:34,0
DA:35,0
DA:36,0
DA:37,0
DA:39,0
DA:40,0
DA:47,0
DA:49,0
DA:50,0
DA:53,0
DA:55,0
DA:56,0
DA:57,0
DA:59,0
DA:60,0
DA:64,0
DA:65,0
DA:66,0
LF:24
LH:0
BRDA:28,0,0,0
BRDA:28,0,1,0
BRDA:35,1,0,0
BRDA:35,1,1,0
BRDA:55,2,0,0
BRDA:55,2,1,0
BRF:6
BRH:0
end_of_record
TN:
SF:src\tests\setup\testConfig.ts
FNF:0
FNH:0
DA:1,0
DA:2,0
DA:5,0
DA:8,0
LF:4
LH:0
BRF:0
BRH:0
end_of_record
TN:
SF:src\tests\setup\testEnv.ts
FN:3,(anonymous_0)
FN:17,(anonymous_1)
FN:18,(anonymous_2)
FN:19,(anonymous_3)
FN:20,(anonymous_4)
FN:21,(anonymous_5)
FN:22,(anonymous_6)
FN:29,(anonymous_7)
FNF:8
FNH:0
FNDA:0,(anonymous_0)
FNDA:0,(anonymous_1)
FNDA:0,(anonymous_2)
FNDA:0,(anonymous_3)
FNDA:0,(anonymous_4)
FNDA:0,(anonymous_5)
FNDA:0,(anonymous_6)
FNDA:0,(anonymous_7)
DA:3,0
DA:5,0
DA:6,0
DA:7,0
DA:8,0
DA:9,0
DA:10,0
DA:13,0
DA:16,0
DA:17,0
DA:18,0
DA:19,0
DA:22,0
DA:26,0
DA:29,0
DA:31,0
DA:34,0
DA:37,0
DA:40,0
DA:41,0
DA:42,0
DA:43,0
DA:44,0
DA:45,0
LF:24
LH:0
BRF:0
BRH:0
end_of_record
TN:
SF:src\types\errors.ts
FN:2,(anonymous_0)
FNF:1
FNH:0
FNDA:0,(anonymous_0)
DA:1,0
DA:3,0
DA:4,0
LF:3
LH:0
BRF:0
BRH:0
end_of_record
TN:
SF:src\types\marketTypes.ts
FNF:0
FNH:0
DA:66,0
LF:1
LH:0
BRF:0
BRH:0
end_of_record
TN:
SF:src\utils\contextRecovery.ts
FN:37,(anonymous_6)
FN:43,(anonymous_7)
FN:50,(anonymous_8)
FN:77,(anonymous_9)
FN:78,(anonymous_10)
FN:87,(anonymous_11)
FN:94,(anonymous_12)
FN:99,(anonymous_13)
FN:108,(anonymous_14)
FN:118,(anonymous_15)
FN:128,(anonymous_16)
FN:150,(anonymous_17)
FN:154,(anonymous_18)
FN:175,(anonymous_19)
FN:183,(anonymous_20)
FN:194,(anonymous_21)
FN:197,(anonymous_22)
FN:203,(anonymous_23)
FN:206,(anonymous_24)
FN:210,(anonymous_25)
FN:213,(anonymous_26)
FN:217,(anonymous_27)
FN:220,(anonymous_28)
FNF:23
FNH:0
FNDA:0,(anonymous_6)
FNDA:0,(anonymous_7)
FNDA:0,(anonymous_8)
FNDA:0,(anonymous_9)
FNDA:0,(anonymous_10)
FNDA:0,(anonymous_11)
FNDA:0,(anonymous_12)
FNDA:0,(anonymous_13)
FNDA:0,(anonymous_14)
FNDA:0,(anonymous_15)
FNDA:0,(anonymous_16)
FNDA:0,(anonymous_17)
FNDA:0,(anonymous_18)
FNDA:0,(anonymous_19)
FNDA:0,(anonymous_20)
FNDA:0,(anonymous_21)
FNDA:0,(anonymous_22)
FNDA:0,(anonymous_23)
FNDA:0,(anonymous_24)
FNDA:0,(anonymous_25)
FNDA:0,(anonymous_26)
FNDA:0,(anonymous_27)
FNDA:0,(anonymous_28)
DA:1,0
DA:2,0
DA:29,0
DA:30,0
DA:31,0
DA:32,0
DA:34,0
DA:35,0
DA:38,0
DA:39,0
DA:40,0
DA:44,0
DA:45,0
DA:46,0
DA:51,0
DA:78,0
DA:79,0
DA:80,0
DA:81,0
DA:82,0
DA:88,0
DA:89,0
DA:90,0
DA:95,0
DA:96,0
DA:100,0
DA:105,0
DA:109,0
DA:115,0
DA:119,0
DA:120,0
DA:121,0
DA:123,0
DA:124,0
DA:127,0
DA:128,0
DA:131,0
DA:133,0
DA:137,0
DA:138,0
DA:143,0
DA:145,0
DA:146,0
DA:151,0
DA:152,0
DA:153,0
DA:154,0
DA:156,0
DA:157,0
DA:161,0
DA:162,0
DA:163,0
DA:166,0
DA:167,0
DA:168,0
DA:170,0
DA:171,0
DA:176,0
DA:177,0
DA:178,0
DA:180,0
DA:184,0
DA:185,0
DA:194,0
DA:197,0
DA:203,0
DA:206,0
DA:210,0
DA:213,0
DA:217,0
DA:220,0
LF:71
LH:0
BRDA:45,0,0,0
BRDA:80,1,0,0
BRDA:88,2,0,0
BRDA:128,3,0,0
BRDA:128,3,1,0
BRDA:131,4,0,0
BRDA:154,5,0,0
BRDA:154,5,1,0
BRDA:156,6,0,0
BRDA:162,7,0,0
BRDA:177,8,0,0
BRF:11
BRH:0
end_of_record
TN:
SF:src\utils\encryption.ts
FN:10,getEncryptionKey
FN:21,encrypt
FN:44,decrypt
FNF:3
FNH:0
FNDA:0,getEncryptionKey
FNDA:0,encrypt
FNDA:0,decrypt
DA:1,0
DA:3,0
DA:4,0
DA:5,0
DA:6,0
DA:7,0
DA:8,0
DA:11,0
DA:18,0
DA:21,0
DA:23,0
DA:24,0
DA:27,0
DA:30,0
DA:33,0
DA:36,0
DA:39,0
DA:41,0
DA:44,0
DA:46,0
DA:49,0
DA:50,0
DA:51,0
DA:52,0
DA:55,0
DA:58,0
DA:59,0
DA:62,0
DA:64,0
DA:68,0
DA:69,0
DA:70,0
DA:71,0
DA:73,0
DA:74,0
LF:35
LH:0
BRDA:12,0,0,0
BRDA:12,0,1,0
BRDA:68,1,0,0
BRDA:73,2,0,0
BRF:4
BRH:0
end_of_record
TN:
SF:src\utils\errorHandler.ts
FN:2,(anonymous_0)
FN:15,(anonymous_1)
FN:24,(anonymous_2)
FN:34,(anonymous_3)
FN:53,(anonymous_4)
FN:68,(anonymous_5)
FN:83,(anonymous_6)
FN:96,(anonymous_7)
FN:108,(anonymous_8)
FN:112,(anonymous_9)
FN:116,(anonymous_10)
FN:120,(anonymous_11)
FN:124,(anonymous_12)
FN:128,(anonymous_13)
FNF:14
FNH:0
FNDA:0,(anonymous_0)
FNDA:0,(anonymous_1)
FNDA:0,(anonymous_2)
FNDA:0,(anonymous_3)
FNDA:0,(anonymous_4)
FNDA:0,(anonymous_5)
FNDA:0,(anonymous_6)
FNDA:0,(anonymous_7)
FNDA:0,(anonymous_8)
FNDA:0,(anonymous_9)
FNDA:0,(anonymous_10)
FNDA:0,(anonymous_11)
FNDA:0,(anonymous_12)
FNDA:0,(anonymous_13)
DA:1,0
DA:4,0
DA:5,0
DA:6,0
DA:7,0
DA:9,0
DA:10,0
DA:14,0
DA:16,0
DA:17,0
DA:19,0
DA:20,0
DA:25,0
DA:27,0
DA:28,0
DA:30,0
DA:35,0
DA:37,0
DA:38,0
DA:40,0
DA:41,0
DA:43,0
DA:44,0
DA:46,0
DA:47,0
DA:49,0
DA:54,0
DA:57,0
DA:58,0
DA:61,0
DA:62,0
DA:64,0
DA:69,0
DA:72,0
DA:73,0
DA:76,0
DA:77,0
DA:79,0
DA:84,0
DA:86,0
DA:87,0
DA:89,0
DA:90,0
DA:92,0
DA:97,0
DA:100,0
DA:101,0
DA:103,0
LF:48
LH:0
BRDA:6,0,0,0
BRDA:16,1,0,0
BRDA:16,1,1,0
BRDA:27,2,0,0
BRDA:27,2,1,0
BRDA:35,3,0,0
BRDA:35,3,1,0
BRDA:35,3,2,0
BRDA:35,3,3,0
BRDA:35,3,4,0
BRDA:54,4,0,0
BRDA:54,4,1,0
BRDA:54,4,2,0
BRDA:69,5,0,0
BRDA:69,5,1,0
BRDA:69,5,2,0
BRDA:84,6,0,0
BRDA:84,6,1,0
BRDA:84,6,2,0
BRDA:97,7,0,0
BRDA:97,7,1,0
BRF:21
BRH:0
end_of_record
TN:
SF:src\utils\intelligenceCoordinator.ts
FN:18,(anonymous_0)
FN:23,(anonymous_1)
FN:30,(anonymous_2)
FN:36,(anonymous_3)
FN:41,(anonymous_4)
FN:45,(anonymous_5)
FN:49,(anonymous_6)
FNF:7
FNH:0
FNDA:0,(anonymous_0)
FNDA:0,(anonymous_1)
FNDA:0,(anonymous_2)
FNDA:0,(anonymous_3)
FNDA:0,(anonymous_4)
FNDA:0,(anonymous_5)
FNDA:0,(anonymous_6)
DA:1,0
DA:2,0
DA:16,0
DA:19,0
DA:20,0
DA:24,0
DA:25,0
DA:27,0
DA:31,0
DA:32,0
DA:33,0
DA:37,0
DA:38,0
DA:42,0
DA:46,0
DA:50,0
DA:54,0
LF:17
LH:0
BRDA:24,0,0,0
BRF:1
BRH:0
end_of_record
TN:
SF:src\utils\logger.ts
FN:16,(anonymous_0)
FN:18,(anonymous_1)
FN:25,(anonymous_2)
FN:56,(anonymous_3)
FN:60,(anonymous_4)
FN:64,(anonymous_5)
FN:68,(anonymous_6)
FN:72,(anonymous_7)
FN:75,(anonymous_8)
FN:80,(anonymous_9)
FNF:10
FNH:0
FNDA:0,(anonymous_0)
FNDA:0,(anonymous_1)
FNDA:0,(anonymous_2)
FNDA:0,(anonymous_3)
FNDA:0,(anonymous_4)
FNDA:0,(anonymous_5)
FNDA:0,(anonymous_6)
FNDA:0,(anonymous_7)
FNDA:0,(anonymous_8)
FNDA:0,(anonymous_9)
DA:11,0
DA:13,0
DA:14,0
DA:19,0
DA:20,0
DA:22,0
DA:26,0
DA:35,0
DA:38,0
DA:39,0
DA:43,0
DA:44,0
DA:45,0
DA:46,0
DA:51,0
DA:57,0
DA:61,0
DA:65,0
DA:69,0
DA:73,0
DA:74,0
DA:75,0
DA:77,0
DA:81,0
DA:85,0
LF:25
LH:0
BRDA:19,0,0,0
BRDA:38,1,0,0
BRDA:43,2,0,0
BRDA:44,3,0,0
BRDA:44,3,1,0
BRDA:45,4,0,0
BRDA:45,4,1,0
BRDA:72,5,0,0
BRDA:74,6,0,0
BRF:9
BRH:0
end_of_record
TN:
SF:src\utils\performance.ts
FN:15,(anonymous_0)
FN:17,(anonymous_1)
FN:24,(anonymous_2)
FN:30,(anonymous_3)
FN:35,(anonymous_4)
FN:44,(anonymous_5)
FN:75,(anonymous_6)
FN:77,(anonymous_7)
FN:81,(anonymous_8)
FN:85,(anonymous_9)
FNF:10
FNH:0
FNDA:0,(anonymous_0)
FNDA:0,(anonymous_1)
FNDA:0,(anonymous_2)
FNDA:0,(anonymous_3)
FNDA:0,(anonymous_4)
FNDA:0,(anonymous_5)
FNDA:0,(anonymous_6)
FNDA:0,(anonymous_7)
FNDA:0,(anonymous_8)
FNDA:0,(anonymous_9)
DA:1,0
DA:12,0
DA:13,0
DA:18,0
DA:19,0
DA:21,0
DA:29,0
DA:30,0
DA:31,0
DA:36,0
DA:37,0
DA:38,0
DA:40,0
DA:45,0
DA:46,0
DA:53,0
DA:54,0
DA:55,0
DA:58,0
DA:65,0
DA:66,0
DA:76,0
DA:77,0
DA:82,0
DA:83,0
DA:85,0
DA:86,0
DA:90,0
LF:28
LH:0
BRDA:18,0,0,0
BRDA:54,1,0,0
BRDA:65,2,0,0
BRDA:76,3,0,0
BRDA:76,3,1,0
BRDA:83,4,0,0
BRF:6
BRH:0
end_of_record
TN:
SF:src\utils\rateLimit.ts
FN:12,(anonymous_0)
FN:24,(anonymous_1)
FN:50,(anonymous_2)
FN:58,(anonymous_3)
FN:66,(anonymous_4)
FN:70,(anonymous_5)
FN:74,(anonymous_6)
FN:78,(anonymous_7)
FNF:8
FNH:0
FNDA:0,(anonymous_0)
FNDA:0,(anonymous_1)
FNDA:0,(anonymous_2)
FNDA:0,(anonymous_3)
FNDA:0,(anonymous_4)
FNDA:0,(anonymous_5)
FNDA:0,(anonymous_6)
FNDA:0,(anonymous_7)
DA:12,0
DA:13,0
DA:22,0
DA:25,0
DA:26,0
DA:27,0
DA:30,0
DA:31,0
DA:32,0
DA:37,0
DA:41,0
DA:42,0
DA:43,0
DA:44,0
DA:48,0
DA:49,0
DA:50,0
DA:51,0
DA:52,0
DA:53,0
DA:57,0
DA:58,0
DA:59,0
DA:62,0
DA:63,0
DA:67,0
DA:71,0
DA:75,0
DA:79,0
DA:83,0
LF:30
LH:0
BRDA:26,0,0,0
BRDA:31,1,0,0
BRDA:41,2,0,0
BRDA:48,3,0,0
BRDA:57,4,0,0
BRDA:57,5,0,0
BRDA:57,5,1,0
BRF:7
BRH:0
end_of_record
TN:
SF:src\utils\retryStrategy.ts
FN:6,(anonymous_0)
FN:12,(anonymous_1)
FN:21,(anonymous_2)
FNF:3
FNH:0
FNDA:0,(anonymous_0)
FNDA:0,(anonymous_1)
FNDA:0,(anonymous_2)
DA:1,0
DA:7,0
DA:8,0
DA:9,0
DA:13,0
DA:14,0
DA:15,0
DA:16,0
DA:18,0
DA:19,0
DA:20,0
DA:21,0
DA:25,0
LF:13
LH:0
BRDA:6,0,0,0
BRDA:6,1,0,0
BRDA:6,2,0,0
BRDA:19,3,0,0
BRDA:25,4,0,0
BRDA:25,4,1,0
BRF:6
BRH:0
end_of_record
TN:
SF:src\utils\technicalContext.ts
FN:39,(anonymous_6)
FN:44,(anonymous_7)
FN:51,(anonymous_8)
FN:65,(anonymous_9)
FN:78,(anonymous_10)
FN:101,(anonymous_11)
FN:113,(anonymous_12)
FN:129,(anonymous_13)
FN:149,(anonymous_14)
FN:151,(anonymous_15)
FN:174,(anonymous_16)
FNF:11
FNH:0
FNDA:0,(anonymous_6)
FNDA:0,(anonymous_7)
FNDA:0,(anonymous_8)
FNDA:0,(anonymous_9)
FNDA:0,(anonymous_10)
FNDA:0,(anonymous_11)
FNDA:0,(anonymous_12)
FNDA:0,(anonymous_13)
FNDA:0,(anonymous_14)
FNDA:0,(anonymous_15)
FNDA:0,(anonymous_16)
DA:1,0
DA:2,0
DA:3,0
DA:4,0
DA:6,0
DA:33,0
DA:34,0
DA:35,0
DA:36,0
DA:37,0
DA:40,0
DA:41,0
DA:45,0
DA:46,0
DA:47,0
DA:52,0
DA:53,0
DA:55,0
DA:56,0
DA:58,0
DA:59,0
DA:60,0
DA:62,0
DA:70,0
DA:79,0
DA:80,0
DA:81,0
DA:82,0
DA:85,0
DA:89,0
DA:97,0
DA:102,0
DA:104,0
DA:105,0
DA:106,0
DA:107,0
DA:109,0
DA:114,0
DA:115,0
DA:117,0
DA:129,0
DA:150,0
DA:152,0
DA:153,0
DA:156,0
DA:176,0
LF:46
LH:0
BRDA:46,0,0,0
BRDA:141,1,0,0
BRDA:141,1,1,0
BRDA:142,2,0,0
BRDA:142,2,1,0
BRDA:143,3,0,0
BRDA:143,3,1,0
BRDA:144,4,0,0
BRDA:144,4,1,0
BRDA:145,5,0,0
BRDA:145,5,1,0
BRF:11
BRH:0
end_of_record
TN:
SF:src\utils\testOpenAI.ts
FN:8,testOpenAIConnection
FNF:1
FNH:0
FNDA:0,testOpenAIConnection
DA:1,0
DA:2,0
DA:3,0
DA:6,0
DA:9,0
DA:10,0
DA:12,0
DA:14,0
DA:15,0
DA:16,0
DA:18,0
DA:23,0
LF:12
LH:0
BRF:0
BRH:0
end_of_record
TN:
SF:src\visualization\resonanceVisualizer.ts
FN:6,(anonymous_0)
FN:15,(anonymous_1)
FN:23,(anonymous_2)
FNF:3
FNH:0
FNDA:0,(anonymous_0)
FNDA:0,(anonymous_1)
FNDA:0,(anonymous_2)
DA:3,0
DA:7,0
DA:17,0
DA:18,0
DA:19,0
DA:20,0
DA:24,0
DA:26,0
DA:27,0
DA:28,0
DA:29,0
DA:30,0
LF:12
LH:0
BRF:0
BRH:0
end_of_record
